This file contains any messages produced by compilers while
running configure, to aid debugging if configure makes a mistake.

It was created by jwm configure 2.0.1, which was
generated by GNU Autoconf 2.61.  Invocation command line was

  $ ./configure 

## --------- ##
## Platform. ##
## --------- ##

hostname = clansoft
uname -m = i686
uname -r = 2.6.28-19-generic
uname -s = Linux
uname -v = #66-Ubuntu SMP Sat Oct 16 17:39:04 UTC 2010

/usr/bin/uname -p = unknown
/bin/uname -X     = unknown

/bin/arch              = unknown
/usr/bin/arch -k       = unknown
/usr/convex/getsysinfo = unknown
/usr/bin/hostinfo      = unknown
/bin/machine           = unknown
/usr/bin/oslevel       = unknown
/bin/universe          = unknown

PATH: /home/cjxgm/bin
PATH: /usr/local/sbin
PATH: /usr/local/bin
PATH: /usr/sbin
PATH: /usr/bin
PATH: /sbin
PATH: /bin
PATH: /usr/games


## ----------- ##
## Core tests. ##
## ----------- ##

configure:1777: checking for gcc
configure:1793: found /usr/bin/gcc
configure:1804: result: gcc
configure:2042: checking for C compiler version
configure:2049: gcc --version >&5
gcc (Ubuntu 4.3.3-5ubuntu4) 4.3.3
Copyright (C) 2008 Free Software Foundation, Inc.
This is free software; see the source for copying conditions.  There is NO
warranty; not even for MERCHANTABILITY or FITNESS FOR A PARTICULAR PURPOSE.

configure:2052: $? = 0
configure:2059: gcc -v >&5
Using built-in specs.
Target: i486-linux-gnu
Configured with: ../src/configure -v --with-pkgversion='Ubuntu 4.3.3-5ubuntu4' --with-bugurl=file:///usr/share/doc/gcc-4.3/README.Bugs --enable-languages=c,c++,fortran,objc,obj-c++ --prefix=/usr --enable-shared --with-system-zlib --libexecdir=/usr/lib --without-included-gettext --enable-threads=posix --enable-nls --with-gxx-include-dir=/usr/include/c++/4.3 --program-suffix=-4.3 --enable-clocale=gnu --enable-libstdcxx-debug --enable-objc-gc --enable-mpfr --enable-targets=all --with-tune=generic --enable-checking=release --build=i486-linux-gnu --host=i486-linux-gnu --target=i486-linux-gnu
Thread model: posix
gcc version 4.3.3 (Ubuntu 4.3.3-5ubuntu4) 
configure:2062: $? = 0
configure:2069: gcc -V >&5
gcc: '-V' option must have argument
configure:2072: $? = 1
configure:2095: checking for C compiler default output file name
configure:2122: gcc    conftest.c  >&5
configure:2125: $? = 0
configure:2163: result: a.out
configure:2180: checking whether the C compiler works
configure:2190: ./a.out
configure:2193: $? = 0
configure:2210: result: yes
configure:2217: checking whether we are cross compiling
configure:2219: result: no
configure:2222: checking for suffix of executables
configure:2229: gcc -o conftest    conftest.c  >&5
configure:2232: $? = 0
configure:2256: result: 
configure:2262: checking for suffix of object files
configure:2288: gcc -c   conftest.c >&5
configure:2291: $? = 0
configure:2314: result: o
configure:2318: checking whether we are using the GNU C compiler
configure:2347: gcc -c   conftest.c >&5
configure:2353: $? = 0
configure:2370: result: yes
configure:2375: checking whether gcc accepts -g
configure:2405: gcc -c -g  conftest.c >&5
configure:2411: $? = 0
configure:2510: result: yes
configure:2527: checking for gcc option to accept ISO C89
configure:2601: gcc  -c -g -O2  conftest.c >&5
configure:2607: $? = 0
configure:2630: result: none needed
configure:2653: checking how to run the C preprocessor
configure:2693: gcc -E  conftest.c
configure:2699: $? = 0
configure:2730: gcc -E  conftest.c
conftest.c:8:28: error: ac_nonexistent.h: No such file or directory
configure:2736: $? = 1
configure: failed program was:
| /* confdefs.h.  */
| #define PACKAGE_NAME "jwm"
| #define PACKAGE_TARNAME "jwm"
| #define PACKAGE_VERSION "2.0.1"
| #define PACKAGE_STRING "jwm 2.0.1"
| #define PACKAGE_BUGREPORT "joewing@joewing.net"
| /* end confdefs.h.  */
| #include <ac_nonexistent.h>
configure:2769: result: gcc -E
configure:2798: gcc -E  conftest.c
configure:2804: $? = 0
configure:2835: gcc -E  conftest.c
conftest.c:8:28: error: ac_nonexistent.h: No such file or directory
configure:2841: $? = 1
configure: failed program was:
| /* confdefs.h.  */
| #define PACKAGE_NAME "jwm"
| #define PACKAGE_TARNAME "jwm"
| #define PACKAGE_VERSION "2.0.1"
| #define PACKAGE_STRING "jwm 2.0.1"
| #define PACKAGE_BUGREPORT "joewing@joewing.net"
| /* end confdefs.h.  */
| #include <ac_nonexistent.h>
configure:2882: checking if _XOPEN_SOURCE should be defined
configure:2909: gcc -c -g -O2  conftest.c >&5
configure:2915: $? = 0
configure:2929: result: yes
configure:2960: checking for X
configure:3075: gcc -E  conftest.c
configure:3081: $? = 0
configure:3130: gcc -o conftest -g -O2   conftest.c -lX11  >&5
configure:3136: $? = 0
configure:3195: result: libraries , headers 
configure:3213: checking for XOpenDisplay in -lX11
configure:3248: gcc -o conftest -g -O2   conftest.c -lX11   >&5
configure:3254: $? = 0
configure:3272: result: yes
configure:3286: checking for grep that handles long lines and -e
configure:3360: result: /bin/grep
configure:3365: checking for egrep
configure:3443: result: /bin/grep -E
configure:3448: checking for ANSI C header files
configure:3478: gcc -c -g -O2  conftest.c >&5
configure:3484: $? = 0
configure:3583: gcc -o conftest -g -O2   -lX11 conftest.c  >&5
configure:3586: $? = 0
configure:3592: ./conftest
configure:3595: $? = 0
configure:3612: result: yes
configure:3636: checking for sys/types.h
configure:3657: gcc -c -g -O2  conftest.c >&5
configure:3663: $? = 0
configure:3679: result: yes
configure:3636: checking for sys/stat.h
configure:3657: gcc -c -g -O2  conftest.c >&5
configure:3663: $? = 0
configure:3679: result: yes
configure:3636: checking for stdlib.h
configure:3657: gcc -c -g -O2  conftest.c >&5
configure:3663: $? = 0
configure:3679: result: yes
configure:3636: checking for string.h
configure:3657: gcc -c -g -O2  conftest.c >&5
configure:3663: $? = 0
configure:3679: result: yes
configure:3636: checking for memory.h
configure:3657: gcc -c -g -O2  conftest.c >&5
configure:3663: $? = 0
configure:3679: result: yes
configure:3636: checking for strings.h
configure:3657: gcc -c -g -O2  conftest.c >&5
configure:3663: $? = 0
configure:3679: result: yes
configure:3636: checking for inttypes.h
configure:3657: gcc -c -g -O2  conftest.c >&5
configure:3663: $? = 0
configure:3679: result: yes
configure:3636: checking for stdint.h
configure:3657: gcc -c -g -O2  conftest.c >&5
configure:3663: $? = 0
configure:3679: result: yes
configure:3636: checking for unistd.h
configure:3657: gcc -c -g -O2  conftest.c >&5
configure:3663: $? = 0
configure:3679: result: yes
configure:3709: checking stdarg.h usability
configure:3726: gcc -c -g -O2  conftest.c >&5
configure:3732: $? = 0
configure:3746: result: yes
configure:3750: checking stdarg.h presence
configure:3765: gcc -E  conftest.c
configure:3771: $? = 0
configure:3785: result: yes
configure:3818: checking for stdarg.h
configure:3826: result: yes
configure:3709: checking stdio.h usability
configure:3726: gcc -c -g -O2  conftest.c >&5
configure:3732: $? = 0
configure:3746: result: yes
configure:3750: checking stdio.h presence
configure:3765: gcc -E  conftest.c
configure:3771: $? = 0
configure:3785: result: yes
configure:3818: checking for stdio.h
configure:3826: result: yes
configure:3699: checking for stdlib.h
configure:3705: result: yes
configure:3709: checking ctype.h usability
configure:3726: gcc -c -g -O2  conftest.c >&5
configure:3732: $? = 0
configure:3746: result: yes
configure:3750: checking ctype.h presence
configure:3765: gcc -E  conftest.c
configure:3771: $? = 0
configure:3785: result: yes
configure:3818: checking for ctype.h
configure:3826: result: yes
configure:3864: checking sys/select.h usability
configure:3881: gcc -c -g -O2  conftest.c >&5
configure:3887: $? = 0
configure:3901: result: yes
configure:3905: checking sys/select.h presence
configure:3920: gcc -E  conftest.c
configure:3926: $? = 0
configure:3940: result: yes
configure:3973: checking for sys/select.h
configure:3981: result: yes
configure:3864: checking signal.h usability
configure:3881: gcc -c -g -O2  conftest.c >&5
configure:3887: $? = 0
configure:3901: result: yes
configure:3905: checking signal.h presence
configure:3920: gcc -E  conftest.c
configure:3926: $? = 0
configure:3940: result: yes
configure:3973: checking for signal.h
configure:3981: result: yes
configure:3854: checking for unistd.h
configure:3860: result: yes
configure:3864: checking time.h usability
configure:3881: gcc -c -g -O2  conftest.c >&5
configure:3887: $? = 0
configure:3901: result: yes
configure:3905: checking time.h presence
configure:3920: gcc -E  conftest.c
configure:3926: $? = 0
configure:3940: result: yes
configure:3973: checking for time.h
configure:3981: result: yes
configure:3864: checking sys/wait.h usability
configure:3881: gcc -c -g -O2  conftest.c >&5
configure:3887: $? = 0
configure:3901: result: yes
configure:3905: checking sys/wait.h presence
configure:3920: gcc -E  conftest.c
configure:3926: $? = 0
configure:3940: result: yes
configure:3973: checking for sys/wait.h
configure:3981: result: yes
configure:3864: checking sys/time.h usability
configure:3881: gcc -c -g -O2  conftest.c >&5
configure:3887: $? = 0
configure:3901: result: yes
configure:3905: checking sys/time.h presence
configure:3920: gcc -E  conftest.c
configure:3926: $? = 0
configure:3940: result: yes
configure:3973: checking for sys/time.h
configure:3981: result: yes
configure:4010: checking alloca.h usability
configure:4027: gcc -c -g -O2  conftest.c >&5
configure:4033: $? = 0
configure:4047: result: yes
configure:4051: checking alloca.h presence
configure:4066: gcc -E  conftest.c
configure:4072: $? = 0
configure:4086: result: yes
configure:4119: checking for alloca.h
configure:4127: result: yes
configure:4156: checking X11/Xlib.h usability
configure:4173: gcc -c -g -O2  conftest.c >&5
configure:4179: $? = 0
configure:4193: result: yes
configure:4197: checking X11/Xlib.h presence
configure:4212: gcc -E  conftest.c
configure:4218: $? = 0
configure:4232: result: yes
configure:4265: checking for X11/Xlib.h
configure:4273: result: yes
configure:4301: checking for X11/Xutil.h
configure:4324: gcc -c -g -O2  conftest.c >&5
configure:4330: $? = 0
configure:4346: result: yes
configure:4301: checking for X11/cursorfont.h
configure:4324: gcc -c -g -O2  conftest.c >&5
configure:4330: $? = 0
configure:4346: result: yes
configure:4301: checking for X11/Xproto.h
configure:4324: gcc -c -g -O2  conftest.c >&5
configure:4330: $? = 0
configure:4346: result: yes
configure:4301: checking for X11/Xatom.h
configure:4324: gcc -c -g -O2  conftest.c >&5
configure:4330: $? = 0
configure:4346: result: yes
configure:4301: checking for X11/keysym.h
configure:4324: gcc -c -g -O2  conftest.c >&5
configure:4330: $? = 0
configure:4346: result: yes
configure:4301: checking for X11/Xresource.h
configure:4324: gcc -c -g -O2  conftest.c >&5
configure:4330: $? = 0
configure:4346: result: yes
configure:4367: checking for pkg-config
configure:4372: result: pkg-config
configure:4378: checking if pkg-config knows about libpng
configure:4385: result: yes
configure:4394: checking if pkg-config knows about libjpeg
configure:4401: result: no
configure:4410: checking if pkg-config knows about xft
configure:4417: result: yes
configure:4426: checking if pkg-config knows about xrender
configure:4433: result: yes
configure:4442: checking if pkg-config knows about fribidi
configure:4449: result: no
configure:4513: checking for png_read_image in -lpng
configure:4548: gcc -o conftest -g -O2   -lX11 conftest.c -lpng  -lpng12     >&5
configure:4554: $? = 0
configure:4572: result: yes
configure:4608: checking for jpeg_start_decompress in -ljpeg
configure:4643: gcc -o conftest -g -O2 -I/usr/include/libpng12     -lX11 -lpng12   conftest.c -ljpeg  -ljpeg   >&5
configure:4649: $? = 0
configure:4667: result: yes
configure:4708: checking for XftFontOpenName in -lXft
configure:4743: gcc -o conftest -g -O2 -I/usr/include/libpng12      -lX11 -lpng12   -ljpeg conftest.c -lXft  -lXft     >&5
configure:4749: $? = 0
configure:4767: result: yes
configure:4801: checking ft2build.h usability
configure:4818: gcc -c -g -O2 -I/usr/include/libpng12    -I/usr/include/freetype2    conftest.c >&5
configure:4824: $? = 0
configure:4838: result: yes
configure:4842: checking ft2build.h presence
configure:4857: gcc -E  conftest.c
In file included from conftest.c:43:
/usr/include/ft2build.h:56:38: error: freetype/config/ftheader.h: No such file or directory
configure:4863: $? = 1
configure: failed program was:
| /* confdefs.h.  */
| #define PACKAGE_NAME "jwm"
| #define PACKAGE_TARNAME "jwm"
| #define PACKAGE_VERSION "2.0.1"
| #define PACKAGE_STRING "jwm 2.0.1"
| #define PACKAGE_BUGREPORT "joewing@joewing.net"
| #define _XOPEN_SOURCE 600L
| #define _XOPEN_SOURCE_EXTENDED 1
| #define __EXTENSIONS__ 1
| #define STDC_HEADERS 1
| #define HAVE_SYS_TYPES_H 1
| #define HAVE_SYS_STAT_H 1
| #define HAVE_STDLIB_H 1
| #define HAVE_STRING_H 1
| #define HAVE_MEMORY_H 1
| #define HAVE_STRINGS_H 1
| #define HAVE_INTTYPES_H 1
| #define HAVE_STDINT_H 1
| #define HAVE_UNISTD_H 1
| #define HAVE_STDARG_H 1
| #define HAVE_STDIO_H 1
| #define HAVE_STDLIB_H 1
| #define HAVE_CTYPE_H 1
| #define HAVE_SYS_SELECT_H 1
| #define HAVE_SIGNAL_H 1
| #define HAVE_UNISTD_H 1
| #define HAVE_TIME_H 1
| #define HAVE_SYS_WAIT_H 1
| #define HAVE_SYS_TIME_H 1
| #define HAVE_ALLOCA_H 1
| #define HAVE_X11_XLIB_H 1
| #define HAVE_X11_XUTIL_H 1
| #define HAVE_X11_CURSORFONT_H 1
| #define HAVE_X11_XPROTO_H 1
| #define HAVE_X11_XATOM_H 1
| #define HAVE_X11_KEYSYM_H 1
| #define HAVE_X11_XRESOURCE_H 1
| #define USE_ICONS 1
| #define USE_PNG 1
| #define USE_JPEG 1
| #define USE_XFT 1
| /* end confdefs.h.  */
| #include <ft2build.h>
configure:4877: result: no
configure:4883: WARNING: ft2build.h: accepted by the compiler, rejected by the preprocessor!
configure:4885: WARNING: ft2build.h: proceeding with the compiler's result
configure:4910: checking for ft2build.h
configure:4918: result: yes
configure:4965: checking X11/extensions/Xrender.h usability
configure:4982: gcc -c -g -O2 -I/usr/include/libpng12    -I/usr/include/freetype2    conftest.c >&5
configure:4988: $? = 0
configure:5002: result: yes
configure:5006: checking X11/extensions/Xrender.h presence
configure:5021: gcc -E  conftest.c
configure:5027: $? = 0
configure:5041: result: yes
configure:5074: checking for X11/extensions/Xrender.h
configure:5082: result: yes
configure:5104: checking for XRenderComposite in -lXrender
configure:5139: gcc -o conftest -g -O2 -I/usr/include/libpng12    -I/usr/include/freetype2     -lX11 -lpng12   -ljpeg -lXft   conftest.c -lXrender  -lXrender -lX11     >&5
configure:5145: $? = 0
configure:5163: result: yes
configure:5204: checking for fribidi_log2vis in -lfribidi
configure:5239: gcc -o conftest -g -O2 -I/usr/include/libpng12    -I/usr/include/freetype2       -lX11 -lpng12   -ljpeg -lXft   -lXrender -lX11   conftest.c -lfribidi     >&5
/usr/bin/ld: cannot find -lfribidi
collect2: ld returned 1 exit status
configure:5245: $? = 1
configure: failed program was:
| /* confdefs.h.  */
| #define PACKAGE_NAME "jwm"
| #define PACKAGE_TARNAME "jwm"
| #define PACKAGE_VERSION "2.0.1"
| #define PACKAGE_STRING "jwm 2.0.1"
| #define PACKAGE_BUGREPORT "joewing@joewing.net"
| #define _XOPEN_SOURCE 600L
| #define _XOPEN_SOURCE_EXTENDED 1
| #define __EXTENSIONS__ 1
| #define STDC_HEADERS 1
| #define HAVE_SYS_TYPES_H 1
| #define HAVE_SYS_STAT_H 1
| #define HAVE_STDLIB_H 1
| #define HAVE_STRING_H 1
| #define HAVE_MEMORY_H 1
| #define HAVE_STRINGS_H 1
| #define HAVE_INTTYPES_H 1
| #define HAVE_STDINT_H 1
| #define HAVE_UNISTD_H 1
| #define HAVE_STDARG_H 1
| #define HAVE_STDIO_H 1
| #define HAVE_STDLIB_H 1
| #define HAVE_CTYPE_H 1
| #define HAVE_SYS_SELECT_H 1
| #define HAVE_SIGNAL_H 1
| #define HAVE_UNISTD_H 1
| #define HAVE_TIME_H 1
| #define HAVE_SYS_WAIT_H 1
| #define HAVE_SYS_TIME_H 1
| #define HAVE_ALLOCA_H 1
| #define HAVE_X11_XLIB_H 1
| #define HAVE_X11_XUTIL_H 1
| #define HAVE_X11_CURSORFONT_H 1
| #define HAVE_X11_XPROTO_H 1
| #define HAVE_X11_XATOM_H 1
| #define HAVE_X11_KEYSYM_H 1
| #define HAVE_X11_XRESOURCE_H 1
| #define USE_ICONS 1
| #define USE_PNG 1
| #define USE_JPEG 1
| #define USE_XFT 1
| #define HAVE_FT2BUILD_H 1
| #define HAVE_X11_EXTENSIONS_XRENDER_H 1
| #define USE_XRENDER 1
| /* end confdefs.h.  */
| 
| /* Override any GCC internal prototype to avoid an error.
|    Use char because int might match the return type of a GCC
|    builtin and then its argument prototype would still apply.  */
| #ifdef __cplusplus
| extern "C"
| #endif
| char fribidi_log2vis ();
| int
| main ()
| {
| return fribidi_log2vis ();
|   ;
|   return 0;
| }
configure:5263: result: no
configure:5276: WARNING: unable to use FriBidi
configure:5306: checking X11/xpm.h usability
configure:5323: gcc -c -g -O2 -I/usr/include/libpng12    -I/usr/include/freetype2      conftest.c >&5
configure:5329: $? = 0
configure:5343: result: yes
configure:5347: checking X11/xpm.h presence
configure:5362: gcc -E  conftest.c
configure:5368: $? = 0
configure:5382: result: yes
configure:5415: checking for X11/xpm.h
configure:5423: result: yes
configure:5442: checking whether XpmAllocColor is declared
configure:5474: gcc -c -g -O2 -I/usr/include/libpng12    -I/usr/include/freetype2      conftest.c >&5
configure:5480: $? = 0
configure:5495: result: yes
configure:5507: checking for XpmReadFileToImage in -lXpm
configure:5542: gcc -o conftest -g -O2 -I/usr/include/libpng12    -I/usr/include/freetype2       -lX11 -lpng12   -ljpeg -lXft   -lXrender -lX11   conftest.c -lXpm   >&5
configure:5548: $? = 0
configure:5566: result: yes
configure:5593: checking for XShapeCombineRectangles in -lXext
configure:5628: gcc -o conftest -g -O2 -I/usr/include/libpng12    -I/usr/include/freetype2       -lX11 -lpng12   -ljpeg -lXft   -lXrender -lX11   -lXpm conftest.c -lXext   >&5
configure:5634: $? = 0
configure:5652: result: yes
configure:5679: checking for XineramaQueryExtension in -lXinerama
configure:5714: gcc -o conftest -g -O2 -I/usr/include/libpng12    -I/usr/include/freetype2       -lX11 -lpng12   -ljpeg -lXft   -lXrender -lX11   -lXpm -lXext conftest.c -lXinerama   >&5
configure:5720: $? = 0
configure:5738: result: yes
configure:5926: creating ./config.status

## ---------------------- ##
## Running config.status. ##
## ---------------------- ##

This file was extended by jwm config.status 2.0.1, which was
generated by GNU Autoconf 2.61.  Invocation command line was

  CONFIG_FILES    = 
  CONFIG_HEADERS  = 
  CONFIG_LINKS    = 
  CONFIG_COMMANDS = 
  $ ./config.status 

on clansoft

config.status:600: creating Makefile
config.status:600: creating src/Makefile
config.status:600: creating jwm.1
config.status:600: creating config.h

## ---------------- ##
## Cache variables. ##
## ---------------- ##

ac_cv_c_compiler_gnu=yes
ac_cv_env_CC_set=
ac_cv_env_CC_value=
ac_cv_env_CFLAGS_set=
ac_cv_env_CFLAGS_value=
ac_cv_env_CPPFLAGS_set=
ac_cv_env_CPPFLAGS_value=
ac_cv_env_CPP_set=
ac_cv_env_CPP_value=
ac_cv_env_LDFLAGS_set=
ac_cv_env_LDFLAGS_value=
ac_cv_env_LIBS_set=
ac_cv_env_LIBS_value=
ac_cv_env_XMKMF_set=
ac_cv_env_XMKMF_value=
ac_cv_env_build_alias_set=
ac_cv_env_build_alias_value=
ac_cv_env_host_alias_set=
ac_cv_env_host_alias_value=
ac_cv_env_target_alias_set=
ac_cv_env_target_alias_value=
ac_cv_have_decl_XpmAllocColor=yes
ac_cv_have_x='have_x=yes	ac_x_includes='\'''\''	ac_x_libraries='\'''\'''
ac_cv_header_X11_Xatom_h=yes
ac_cv_header_X11_Xlib_h=yes
ac_cv_header_X11_Xproto_h=yes
ac_cv_header_X11_Xresource_h=yes
ac_cv_header_X11_Xutil_h=yes
ac_cv_header_X11_cursorfont_h=yes
ac_cv_header_X11_extensions_Xrender_h=yes
ac_cv_header_X11_keysym_h=yes
ac_cv_header_X11_xpm_h=yes
ac_cv_header_alloca_h=yes
ac_cv_header_ctype_h=yes
ac_cv_header_ft2build_h=yes
ac_cv_header_inttypes_h=yes
ac_cv_header_memory_h=yes
ac_cv_header_signal_h=yes
ac_cv_header_stdarg_h=yes
ac_cv_header_stdc=yes
ac_cv_header_stdint_h=yes
ac_cv_header_stdio_h=yes
ac_cv_header_stdlib_h=yes
ac_cv_header_string_h=yes
ac_cv_header_strings_h=yes
ac_cv_header_sys_select_h=yes
ac_cv_header_sys_stat_h=yes
ac_cv_header_sys_time_h=yes
ac_cv_header_sys_types_h=yes
ac_cv_header_sys_wait_h=yes
ac_cv_header_time_h=yes
ac_cv_header_unistd_h=yes
ac_cv_lib_X11_XOpenDisplay=yes
ac_cv_lib_Xext_XShapeCombineRectangles=yes
ac_cv_lib_Xft_XftFontOpenName=yes
ac_cv_lib_Xinerama_XineramaQueryExtension=yes
ac_cv_lib_Xpm_XpmReadFileToImage=yes
ac_cv_lib_Xrender_XRenderComposite=yes
ac_cv_lib_fribidi_fribidi_log2vis=no
ac_cv_lib_jpeg_jpeg_start_decompress=yes
ac_cv_lib_png_png_read_image=yes
ac_cv_objext=o
ac_cv_path_EGREP='/bin/grep -E'
ac_cv_path_GREP=/bin/grep
ac_cv_prog_CPP='gcc -E'
ac_cv_prog_ac_ct_CC=gcc
ac_cv_prog_cc_c89=
ac_cv_prog_cc_g=yes

## ----------------- ##
## Output variables. ##
## ----------------- ##

BINDIR='/usr/local/bin'
CC='gcc'
CFLAGS='-g -O2 -I/usr/include/libpng12    -I/usr/include/freetype2    '
CPP='gcc -E'
CPPFLAGS=''
DATE='2011-04-03'
DEFS='-DHAVE_CONFIG_H'
ECHO_C=''
ECHO_N='-n'
ECHO_T=''
EGREP='/bin/grep -E'
EXEEXT=''
GREP='/bin/grep'
INSTVERSION='201'
LDFLAGS=' -lX11 -lpng12   -ljpeg -lXft   -lXrender -lX11   -lXpm -lXext -lXinerama'
LIBOBJS=''
LIBS=''
LTLIBOBJS=''
MANDIR='/usr/local/share/man'
OBJEXT='o'
PACKAGE_BUGREPORT='joewing@joewing.net'
PACKAGE_NAME='jwm'
PACKAGE_STRING='jwm 2.0.1'
PACKAGE_TARNAME='jwm'
PACKAGE_VERSION='2.0.1'
PATH_SEPARATOR=':'
SHELL='/bin/bash'
SYSCONF='/usr/local/etc'
VERSION='2.0.1'
XMKMF=''
ac_ct_CC='gcc'
bindir='${exec_prefix}/bin'
build_alias=''
datadir='${datarootdir}'
datarootdir='${prefix}/share'
docdir='${datarootdir}/doc/${PACKAGE_TARNAME}'
dvidir='${docdir}'
exec_prefix='/usr/local'
host_alias=''
htmldir='${docdir}'
includedir='${prefix}/include'
infodir='${datarootdir}/info'
libdir='${exec_prefix}/lib'
libexecdir='${exec_prefix}/libexec'
localedir='${datarootdir}/locale'
localstatedir='${prefix}/var'
mandir='${datarootdir}/man'
oldincludedir='/usr/include'
pdfdir='${docdir}'
prefix='/usr/local'
program_transform_name='s,x,x,'
psdir='${docdir}'
sbindir='${exec_prefix}/sbin'
sharedstatedir='${prefix}/com'
sysconfdir='${prefix}/etc'
target_alias=''

## ----------- ##
## confdefs.h. ##
## ----------- ##

#define PACKAGE_NAME "jwm"
#define PACKAGE_TARNAME "jwm"
#define PACKAGE_VERSION "2.0.1"
#define PACKAGE_STRING "jwm 2.0.1"
#define PACKAGE_BUGREPORT "joewing@joewing.net"
#define _XOPEN_SOURCE 600L
#define _XOPEN_SOURCE_EXTENDED 1
#define __EXTENSIONS__ 1
#define STDC_HEADERS 1
#define HAVE_SYS_TYPES_H 1
#define HAVE_SYS_STAT_H 1
#define HAVE_STDLIB_H 1
#define HAVE_STRING_H 1
#define HAVE_MEMORY_H 1
#define HAVE_STRINGS_H 1
#define HAVE_INTTYPES_H 1
#define HAVE_STDINT_H 1
#define HAVE_UNISTD_H 1
#define HAVE_STDARG_H 1
#define HAVE_STDIO_H 1
#define HAVE_STDLIB_H 1
#define HAVE_CTYPE_H 1
#define HAVE_SYS_SELECT_H 1
#define HAVE_SIGNAL_H 1
#define HAVE_UNISTD_H 1
#define HAVE_TIME_H 1
#define HAVE_SYS_WAIT_H 1
#define HAVE_SYS_TIME_H 1
#define HAVE_ALLOCA_H 1
#define HAVE_X11_XLIB_H 1
#define HAVE_X11_XUTIL_H 1
#define HAVE_X11_CURSORFONT_H 1
#define HAVE_X11_XPROTO_H 1
#define HAVE_X11_XATOM_H 1
#define HAVE_X11_KEYSYM_H 1
#define HAVE_X11_XRESOURCE_H 1
#define USE_ICONS 1
#define USE_PNG 1
#define USE_JPEG 1
#define USE_XFT 1
#define HAVE_FT2BUILD_H 1
#define HAVE_X11_EXTENSIONS_XRENDER_H 1
#define USE_XRENDER 1
#define HAVE_X11_XPM_H 1
#define USE_XPM 1
#define USE_SHAPE 1
#define USE_XINERAMA 1
#define SYSTEM_CONFIG "/usr/local/etc/system.jwmrc"

configure: exit 0
