This file contains any messages produced by compilers while
running configure, to aid debugging if configure makes a mistake.

It was created by configure, which was
generated by GNU Autoconf 2.59.  Invocation command line was

  $ ./configure --prefix=/usr/local/tdec --enable-ltdl-convenience --cache-file=/dev/null --srcdir=.

## --------- ##
## Platform. ##
## --------- ##

hostname = clansoft
uname -m = i686
uname -r = 2.6.28-19-generic
uname -s = Linux
uname -v = #66-Ubuntu SMP Sat Oct 16 17:39:04 UTC 2010

/usr/bin/uname -p = unknown
/bin/uname -X     = unknown

/bin/arch              = unknown
/usr/bin/arch -k       = unknown
/usr/convex/getsysinfo = unknown
hostinfo               = unknown
/bin/machine           = unknown
/usr/bin/oslevel       = unknown
/bin/universe          = unknown

PATH: /home/cjxgm/bin
PATH: /usr/local/sbin
PATH: /usr/local/bin
PATH: /usr/sbin
PATH: /usr/bin
PATH: /sbin
PATH: /bin
PATH: /usr/games


## ----------- ##
## Core tests. ##
## ----------- ##

configure:1563: checking for a BSD-compatible install
configure:1618: result: /usr/bin/install -c
configure:1629: checking whether build environment is sane
configure:1672: result: yes
configure:1696: WARNING: `missing' script is too old or missing
configure:1737: checking for gawk
configure:1753: found /usr/bin/gawk
configure:1763: result: gawk
configure:1773: checking whether make sets $(MAKE)
configure:1793: result: yes
configure:1954: checking whether to enable maintainer-specific portions of Makefiles
configure:1963: result: no
configure:2025: checking for gcc
configure:2041: found /usr/bin/gcc
configure:2051: result: gcc
configure:2295: checking for C compiler version
configure:2298: gcc --version </dev/null >&5
gcc (Ubuntu 4.3.3-5ubuntu4) 4.3.3
Copyright (C) 2008 Free Software Foundation, Inc.
This is free software; see the source for copying conditions.  There is NO
warranty; not even for MERCHANTABILITY or FITNESS FOR A PARTICULAR PURPOSE.

configure:2301: $? = 0
configure:2303: gcc -v </dev/null >&5
Using built-in specs.
Target: i486-linux-gnu
Configured with: ../src/configure -v --with-pkgversion='Ubuntu 4.3.3-5ubuntu4' --with-bugurl=file:///usr/share/doc/gcc-4.3/README.Bugs --enable-languages=c,c++,fortran,objc,obj-c++ --prefix=/usr --enable-shared --with-system-zlib --libexecdir=/usr/lib --without-included-gettext --enable-threads=posix --enable-nls --with-gxx-include-dir=/usr/include/c++/4.3 --program-suffix=-4.3 --enable-clocale=gnu --enable-libstdcxx-debug --enable-objc-gc --enable-mpfr --enable-targets=all --with-tune=generic --enable-checking=release --build=i486-linux-gnu --host=i486-linux-gnu --target=i486-linux-gnu
Thread model: posix
gcc version 4.3.3 (Ubuntu 4.3.3-5ubuntu4) 
configure:2306: $? = 0
configure:2308: gcc -V </dev/null >&5
gcc: '-V' option must have argument
configure:2311: $? = 1
configure:2334: checking for C compiler default output file name
configure:2337: gcc    conftest.c  >&5
configure:2340: $? = 0
configure:2386: result: a.out
configure:2391: checking whether the C compiler works
configure:2397: ./a.out
configure:2400: $? = 0
configure:2417: result: yes
configure:2424: checking whether we are cross compiling
configure:2426: result: no
configure:2429: checking for suffix of executables
configure:2431: gcc -o conftest    conftest.c  >&5
configure:2434: $? = 0
configure:2459: result: 
configure:2465: checking for suffix of object files
configure:2486: gcc -c   conftest.c >&5
configure:2489: $? = 0
configure:2511: result: o
configure:2515: checking whether we are using the GNU C compiler
configure:2539: gcc -c   conftest.c >&5
configure:2545: $? = 0
configure:2549: test -z 
			 || test ! -s conftest.err
configure:2552: $? = 0
configure:2555: test -s conftest.o
configure:2558: $? = 0
configure:2571: result: yes
configure:2577: checking whether gcc accepts -g
configure:2598: gcc -c -g  conftest.c >&5
configure:2604: $? = 0
configure:2608: test -z 
			 || test ! -s conftest.err
configure:2611: $? = 0
configure:2614: test -s conftest.o
configure:2617: $? = 0
configure:2628: result: yes
configure:2645: checking for gcc option to accept ANSI C
configure:2715: gcc  -c -g -O2  conftest.c >&5
configure:2721: $? = 0
configure:2725: test -z 
			 || test ! -s conftest.err
configure:2728: $? = 0
configure:2731: test -s conftest.o
configure:2734: $? = 0
configure:2752: result: none needed
configure:2770: gcc -c -g -O2  conftest.c >&5
conftest.c:2: error: expected '=', ',', ';', 'asm' or '__attribute__' before 'me'
configure:2776: $? = 1
configure: failed program was:
| #ifndef __cplusplus
|   choke me
| #endif
configure:2920: checking for style of include used by make
configure:2948: result: GNU
configure:2976: checking dependency style of gcc
configure:3066: result: gcc3
configure:3084: checking for an ANSI C-conforming const
configure:3151: gcc -c -g -O2  conftest.c >&5
configure:3157: $? = 0
configure:3161: test -z 
			 || test ! -s conftest.err
configure:3164: $? = 0
configure:3167: test -s conftest.o
configure:3170: $? = 0
configure:3181: result: yes
configure:3191: checking for inline
configure:3212: gcc -c -g -O2  conftest.c >&5
configure:3218: $? = 0
configure:3222: test -z 
			 || test ! -s conftest.err
configure:3225: $? = 0
configure:3228: test -s conftest.o
configure:3231: $? = 0
configure:3243: result: inline
configure:3336: checking build system type
configure:3354: result: i686-pc-linux-gnu
configure:3362: checking host system type
configure:3376: result: i686-pc-linux-gnu
configure:3406: checking for ld used by GCC
configure:3469: result: /usr/bin/ld
configure:3478: checking if the linker (/usr/bin/ld) is GNU ld
GNU ld (GNU Binutils for Ubuntu) 2.19.1
configure:3490: result: yes
configure:3495: checking for /usr/bin/ld option to reload object files
configure:3502: result: -r
configure:3507: checking for BSD-compatible nm
configure:3543: result: /usr/bin/nm -B
configure:3546: checking whether ln -s works
configure:3550: result: yes
configure:3557: checking how to recognise dependant libraries
configure:3735: result: pass_all
configure:3747: checking command to parse /usr/bin/nm -B output
configure:3828: gcc -c -g -O2  conftest.c >&5
configure:3831: $? = 0
configure:3835: /usr/bin/nm -B conftest.o \| sed -n -e 's/^.*[ 	]\([ABCDGISTW][ABCDGISTW]*\)[ 	][ 	]*\(\)\([_A-Za-z][_A-Za-z0-9]*\)$/\1 \2\3 \3/p' \> conftest.nm
configure:3838: $? = 0
configure:3890: gcc -o conftest -g -O2   conftest.c conftstm.o >&5
configure:3893: $? = 0
configure:3937: result: ok
configure:3946: checking how to run the C preprocessor
configure:3981: gcc -E  conftest.c
configure:3987: $? = 0
configure:4019: gcc -E  conftest.c
conftest.c:9:28: error: ac_nonexistent.h: No such file or directory
configure:4025: $? = 1
configure: failed program was:
| /* confdefs.h.  */
| 
| #define PACKAGE_NAME ""
| #define PACKAGE_TARNAME ""
| #define PACKAGE_VERSION ""
| #define PACKAGE_STRING ""
| #define PACKAGE_BUGREPORT ""
| /* end confdefs.h.  */
| #include <ac_nonexistent.h>
configure:4064: result: gcc -E
configure:4088: gcc -E  conftest.c
configure:4094: $? = 0
configure:4126: gcc -E  conftest.c
conftest.c:9:28: error: ac_nonexistent.h: No such file or directory
configure:4132: $? = 1
configure: failed program was:
| /* confdefs.h.  */
| 
| #define PACKAGE_NAME ""
| #define PACKAGE_TARNAME ""
| #define PACKAGE_VERSION ""
| #define PACKAGE_STRING ""
| #define PACKAGE_BUGREPORT ""
| /* end confdefs.h.  */
| #include <ac_nonexistent.h>
configure:4176: checking for egrep
configure:4186: result: grep -E
configure:4191: checking for ANSI C header files
configure:4216: gcc -c -g -O2  conftest.c >&5
configure:4222: $? = 0
configure:4226: test -z 
			 || test ! -s conftest.err
configure:4229: $? = 0
configure:4232: test -s conftest.o
configure:4235: $? = 0
configure:4324: gcc -o conftest -g -O2   conftest.c  >&5
conftest.c: In function 'main':
conftest.c:26: warning: incompatible implicit declaration of built-in function 'exit'
configure:4327: $? = 0
configure:4329: ./conftest
configure:4332: $? = 0
configure:4347: result: yes
configure:4371: checking for sys/types.h
configure:4387: gcc -c -g -O2  conftest.c >&5
configure:4393: $? = 0
configure:4397: test -z 
			 || test ! -s conftest.err
configure:4400: $? = 0
configure:4403: test -s conftest.o
configure:4406: $? = 0
configure:4417: result: yes
configure:4371: checking for sys/stat.h
configure:4387: gcc -c -g -O2  conftest.c >&5
configure:4393: $? = 0
configure:4397: test -z 
			 || test ! -s conftest.err
configure:4400: $? = 0
configure:4403: test -s conftest.o
configure:4406: $? = 0
configure:4417: result: yes
configure:4371: checking for stdlib.h
configure:4387: gcc -c -g -O2  conftest.c >&5
configure:4393: $? = 0
configure:4397: test -z 
			 || test ! -s conftest.err
configure:4400: $? = 0
configure:4403: test -s conftest.o
configure:4406: $? = 0
configure:4417: result: yes
configure:4371: checking for string.h
configure:4387: gcc -c -g -O2  conftest.c >&5
configure:4393: $? = 0
configure:4397: test -z 
			 || test ! -s conftest.err
configure:4400: $? = 0
configure:4403: test -s conftest.o
configure:4406: $? = 0
configure:4417: result: yes
configure:4371: checking for memory.h
configure:4387: gcc -c -g -O2  conftest.c >&5
configure:4393: $? = 0
configure:4397: test -z 
			 || test ! -s conftest.err
configure:4400: $? = 0
configure:4403: test -s conftest.o
configure:4406: $? = 0
configure:4417: result: yes
configure:4371: checking for strings.h
configure:4387: gcc -c -g -O2  conftest.c >&5
configure:4393: $? = 0
configure:4397: test -z 
			 || test ! -s conftest.err
configure:4400: $? = 0
configure:4403: test -s conftest.o
configure:4406: $? = 0
configure:4417: result: yes
configure:4371: checking for inttypes.h
configure:4387: gcc -c -g -O2  conftest.c >&5
configure:4393: $? = 0
configure:4397: test -z 
			 || test ! -s conftest.err
configure:4400: $? = 0
configure:4403: test -s conftest.o
configure:4406: $? = 0
configure:4417: result: yes
configure:4371: checking for stdint.h
configure:4387: gcc -c -g -O2  conftest.c >&5
configure:4393: $? = 0
configure:4397: test -z 
			 || test ! -s conftest.err
configure:4400: $? = 0
configure:4403: test -s conftest.o
configure:4406: $? = 0
configure:4417: result: yes
configure:4371: checking for unistd.h
configure:4387: gcc -c -g -O2  conftest.c >&5
configure:4393: $? = 0
configure:4397: test -z 
			 || test ! -s conftest.err
configure:4400: $? = 0
configure:4403: test -s conftest.o
configure:4406: $? = 0
configure:4417: result: yes
configure:4443: checking dlfcn.h usability
configure:4455: gcc -c -g -O2  conftest.c >&5
configure:4461: $? = 0
configure:4465: test -z 
			 || test ! -s conftest.err
configure:4468: $? = 0
configure:4471: test -s conftest.o
configure:4474: $? = 0
configure:4484: result: yes
configure:4488: checking dlfcn.h presence
configure:4498: gcc -E  conftest.c
configure:4504: $? = 0
configure:4524: result: yes
configure:4559: checking for dlfcn.h
configure:4566: result: yes
configure:4763: checking for ranlib
configure:4779: found /usr/bin/ranlib
configure:4790: result: ranlib
configure:4843: checking for strip
configure:4859: found /usr/bin/strip
configure:4870: result: strip
configure:5092: checking for objdir
configure:5103: result: .libs
configure:5124: checking for gcc option to produce PIC
configure:5274: result: -fPIC
configure:5278: checking if gcc PIC flag -fPIC works
configure:5301: gcc -c -g -O2 -fPIC -DPIC  conftest.c >&5
configure:5307: $? = 0
configure:5311: test -z 
			 || test ! -s conftest.err
configure:5314: $? = 0
configure:5317: test -s conftest.o
configure:5320: $? = 0
configure:5358: result: yes
configure:5378: checking if gcc static flag -static works
configure:5402: gcc -o conftest -g -O2   -static conftest.c  >&5
configure:5408: $? = 0
configure:5412: test -z 
			 || test ! -s conftest.err
configure:5415: $? = 0
configure:5418: test -s conftest
configure:5421: $? = 0
configure:5438: result: yes
configure:5454: checking if gcc supports -c -o file.o
configure:5474: gcc -c -g -O2 -o out/conftest2.o  conftest.c >&5
configure:5498: result: yes
configure:5503: checking if gcc supports -c -o file.lo
configure:5530: gcc -c -g -O2 -c -o conftest.lo  conftest.c >&5
configure:5536: $? = 0
configure:5540: test -z 
			 || test ! -s conftest.err
configure:5543: $? = 0
configure:5546: test -s conftest.lo
configure:5549: $? = 0
configure:5571: result: yes
configure:5610: checking if gcc supports -fno-rtti -fno-exceptions
configure:5632: gcc -c -g -O2 -fno-rtti -fno-exceptions -c conftest.c  conftest.c >&5
cc1: warning: command line option "-fno-rtti" is valid for C++/ObjC++ but not for C
cc1: warning: command line option "-fno-rtti" is valid for C++/ObjC++ but not for C
configure:5638: $? = 0
configure:5642: test -z 
			 || test ! -s conftest.err
configure:5645: $? = 0
configure:5648: test -s conftest.o
configure:5651: $? = 0
configure:5668: result: no
configure:5683: checking whether the linker (/usr/bin/ld) supports shared libraries
configure:6363: result: yes
configure:6372: checking how to hardcode library paths into programs
configure:6396: result: immediate
configure:6405: checking whether stripping libraries is possible
configure:6410: result: yes
configure:6425: checking dynamic linker characteristics
configure:6818: result: GNU/Linux ld.so
configure:6827: checking if libtool supports shared libraries
configure:6829: result: yes
configure:6836: checking whether to build shared libraries
configure:6857: result: yes
configure:6864: checking whether to build static libraries
configure:6868: result: yes
configure:7622: checking whether -lc should be explicitly linked in
configure:7630: gcc -c -g -O2  conftest.c >&5
configure:7633: $? = 0
configure:7647: gcc -shared conftest.o  -v -Wl,-soname -Wl,conftest -o conftest 2\>\&1 \| grep  -lc  \>/dev/null 2\>\&1
configure:7650: $? = 0
configure:7663: result: no
configure:8249: checking for dirent.h that defines DIR
configure:8273: gcc -c -g -O2  conftest.c >&5
configure:8279: $? = 0
configure:8283: test -z 
			 || test ! -s conftest.err
configure:8286: $? = 0
configure:8289: test -s conftest.o
configure:8292: $? = 0
configure:8303: result: yes
configure:8316: checking for library containing opendir
configure:8346: gcc -o conftest -g -O2   conftest.c  >&5
configure:8352: $? = 0
configure:8356: test -z 
			 || test ! -s conftest.err
configure:8359: $? = 0
configure:8362: test -s conftest
configure:8365: $? = 0
configure:8435: result: none required
configure:8571: checking whether gcc supports assert without backlinking
configure:8587: result: 
configure:8771: checking which extension is used for shared libraries
configure:8785: result: .so
configure:8796: checking which variable specifies run-time library path
configure:8803: result: LD_LIBRARY_PATH
configure:8814: checking for the default library search path
configure:8821: result: /lib /usr/lib
configure:8843: checking for objdir
configure:8863: result: .libs
configure:8871: checking whether libtool supports -dlopen/-dlpreopen
configure:8883: result: yes
configure:8894: checking for dlopen in -ldl
configure:8924: gcc -o conftest -g -O2   conftest.c -ldl   >&5
configure:8930: $? = 0
configure:8934: test -z 
			 || test ! -s conftest.err
configure:8937: $? = 0
configure:8940: test -s conftest
configure:8943: $? = 0
configure:8956: result: yes
configure:9139: checking for shl_load
configure:9196: gcc -o conftest -g -O2   conftest.c  >&5
/tmp/ccUaAgIC.o: In function `main':
/home/cjxgm/Program/The_Demo_Effects_Collection-0.7.2/libltdl/conftest.c:66: undefined reference to `shl_load'
/tmp/ccUaAgIC.o:(.data+0x0): undefined reference to `shl_load'
collect2: ld returned 1 exit status
configure:9202: $? = 1
configure: failed program was:
| /* confdefs.h.  */
| 
| #define PACKAGE_NAME ""
| #define PACKAGE_TARNAME ""
| #define PACKAGE_VERSION ""
| #define PACKAGE_STRING ""
| #define PACKAGE_BUGREPORT ""
| #define STDC_HEADERS 1
| #define HAVE_SYS_TYPES_H 1
| #define HAVE_SYS_STAT_H 1
| #define HAVE_STDLIB_H 1
| #define HAVE_STRING_H 1
| #define HAVE_MEMORY_H 1
| #define HAVE_STRINGS_H 1
| #define HAVE_INTTYPES_H 1
| #define HAVE_STDINT_H 1
| #define HAVE_UNISTD_H 1
| #define HAVE_DLFCN_H 1
| #define HAVE_DIRENT_H 1
| #define LTDL_SHLIB_EXT ".so"
| #define LTDL_SHLIBPATH_VAR "LD_LIBRARY_PATH"
| #define LTDL_SYSSEARCHPATH "/lib:/usr/lib"
| #define LTDL_OBJDIR ".libs/"
| #define HAVE_PRELOADED_SYMBOLS 1
| #define HAVE_LIBDL 1
| /* end confdefs.h.  */
| /* Define shl_load to an innocuous variant, in case <limits.h> declares shl_load.
|    For example, HP-UX 11i <limits.h> declares gettimeofday.  */
| #define shl_load innocuous_shl_load
| 
| /* System header to define __stub macros and hopefully few prototypes,
|     which can conflict with char shl_load (); below.
|     Prefer <limits.h> to <assert.h> if __STDC__ is defined, since
|     <limits.h> exists even on freestanding compilers.  */
| 
| #ifdef __STDC__
| # include <limits.h>
| #else
| # include <assert.h>
| #endif
| 
| #undef shl_load
| 
| /* Override any gcc2 internal prototype to avoid an error.  */
| #ifdef __cplusplus
| extern "C"
| {
| #endif
| /* We use char because int might match the return type of a gcc2
|    builtin and then its argument prototype would still apply.  */
| char shl_load ();
| /* The GNU C library defines this for functions which it implements
|     to always fail with ENOSYS.  Some functions are actually named
|     something starting with __ and the normal name is an alias.  */
| #if defined (__stub_shl_load) || defined (__stub___shl_load)
| choke me
| #else
| char (*f) () = shl_load;
| #endif
| #ifdef __cplusplus
| }
| #endif
| 
| int
| main ()
| {
| return f != shl_load;
|   ;
|   return 0;
| }
configure:9227: result: no
configure:9236: checking for shl_load in -ldld
configure:9266: gcc -o conftest -g -O2   conftest.c -ldld   >&5
/usr/bin/ld: cannot find -ldld
collect2: ld returned 1 exit status
configure:9272: $? = 1
configure: failed program was:
| /* confdefs.h.  */
| 
| #define PACKAGE_NAME ""
| #define PACKAGE_TARNAME ""
| #define PACKAGE_VERSION ""
| #define PACKAGE_STRING ""
| #define PACKAGE_BUGREPORT ""
| #define STDC_HEADERS 1
| #define HAVE_SYS_TYPES_H 1
| #define HAVE_SYS_STAT_H 1
| #define HAVE_STDLIB_H 1
| #define HAVE_STRING_H 1
| #define HAVE_MEMORY_H 1
| #define HAVE_STRINGS_H 1
| #define HAVE_INTTYPES_H 1
| #define HAVE_STDINT_H 1
| #define HAVE_UNISTD_H 1
| #define HAVE_DLFCN_H 1
| #define HAVE_DIRENT_H 1
| #define LTDL_SHLIB_EXT ".so"
| #define LTDL_SHLIBPATH_VAR "LD_LIBRARY_PATH"
| #define LTDL_SYSSEARCHPATH "/lib:/usr/lib"
| #define LTDL_OBJDIR ".libs/"
| #define HAVE_PRELOADED_SYMBOLS 1
| #define HAVE_LIBDL 1
| /* end confdefs.h.  */
| 
| /* Override any gcc2 internal prototype to avoid an error.  */
| #ifdef __cplusplus
| extern "C"
| #endif
| /* We use char because int might match the return type of a gcc2
|    builtin and then its argument prototype would still apply.  */
| char shl_load ();
| int
| main ()
| {
| shl_load ();
|   ;
|   return 0;
| }
configure:9298: result: no
configure:9312: checking for dld_link in -ldld
configure:9342: gcc -o conftest -g -O2   conftest.c -ldld   >&5
/usr/bin/ld: cannot find -ldld
collect2: ld returned 1 exit status
configure:9348: $? = 1
configure: failed program was:
| /* confdefs.h.  */
| 
| #define PACKAGE_NAME ""
| #define PACKAGE_TARNAME ""
| #define PACKAGE_VERSION ""
| #define PACKAGE_STRING ""
| #define PACKAGE_BUGREPORT ""
| #define STDC_HEADERS 1
| #define HAVE_SYS_TYPES_H 1
| #define HAVE_SYS_STAT_H 1
| #define HAVE_STDLIB_H 1
| #define HAVE_STRING_H 1
| #define HAVE_MEMORY_H 1
| #define HAVE_STRINGS_H 1
| #define HAVE_INTTYPES_H 1
| #define HAVE_STDINT_H 1
| #define HAVE_UNISTD_H 1
| #define HAVE_DLFCN_H 1
| #define HAVE_DIRENT_H 1
| #define LTDL_SHLIB_EXT ".so"
| #define LTDL_SHLIBPATH_VAR "LD_LIBRARY_PATH"
| #define LTDL_SYSSEARCHPATH "/lib:/usr/lib"
| #define LTDL_OBJDIR ".libs/"
| #define HAVE_PRELOADED_SYMBOLS 1
| #define HAVE_LIBDL 1
| /* end confdefs.h.  */
| 
| /* Override any gcc2 internal prototype to avoid an error.  */
| #ifdef __cplusplus
| extern "C"
| #endif
| /* We use char because int might match the return type of a gcc2
|    builtin and then its argument prototype would still apply.  */
| char dld_link ();
| int
| main ()
| {
| dld_link ();
|   ;
|   return 0;
| }
configure:9374: result: no
configure:9393: checking for dlerror
configure:9450: gcc -o conftest -g -O2   conftest.c  -ldl >&5
configure:9456: $? = 0
configure:9460: test -z 
			 || test ! -s conftest.err
configure:9463: $? = 0
configure:9466: test -s conftest
configure:9469: $? = 0
configure:9481: result: yes
configure:9494: checking for _ prefix in compiled symbols
configure:9504: gcc -c -g -O2  conftest.c >&5
configure:9507: $? = 0
configure:9511: /usr/bin/nm -B conftest.o \| sed -n -e 's/^.*[ 	]\([ABCDGISTW][ABCDGISTW]*\)[ 	][ 	]*\(\)\([_A-Za-z][_A-Za-z0-9]*\)$/\1 \2\3 \3/p' \> conftest.nm
configure:9514: $? = 0
configure:9537: result: no
configure:9654: checking whether deplibs are loaded by dlopen
configure:9677: result: yes
configure:9701: checking argz.h usability
configure:9713: gcc -c -g -O2  conftest.c >&5
configure:9719: $? = 0
configure:9723: test -z 
			 || test ! -s conftest.err
configure:9726: $? = 0
configure:9729: test -s conftest.o
configure:9732: $? = 0
configure:9742: result: yes
configure:9746: checking argz.h presence
configure:9756: gcc -E  conftest.c
configure:9762: $? = 0
configure:9782: result: yes
configure:9817: checking for argz.h
configure:9824: result: yes
configure:9838: checking for error_t
configure:9865: gcc -c -g -O2  conftest.c >&5
configure:9871: $? = 0
configure:9875: test -z 
			 || test ! -s conftest.err
configure:9878: $? = 0
configure:9881: test -s conftest.o
configure:9884: $? = 0
configure:9895: result: yes
configure:9921: checking for argz_append
configure:9978: gcc -o conftest -g -O2   conftest.c  >&5
configure:9984: $? = 0
configure:9988: test -z 
			 || test ! -s conftest.err
configure:9991: $? = 0
configure:9994: test -s conftest
configure:9997: $? = 0
configure:10009: result: yes
configure:9921: checking for argz_create_sep
configure:9978: gcc -o conftest -g -O2   conftest.c  >&5
configure:9984: $? = 0
configure:9988: test -z 
			 || test ! -s conftest.err
configure:9991: $? = 0
configure:9994: test -s conftest
configure:9997: $? = 0
configure:10009: result: yes
configure:9921: checking for argz_insert
configure:9978: gcc -o conftest -g -O2   conftest.c  >&5
configure:9984: $? = 0
configure:9988: test -z 
			 || test ! -s conftest.err
configure:9991: $? = 0
configure:9994: test -s conftest
configure:9997: $? = 0
configure:10009: result: yes
configure:9921: checking for argz_next
configure:9978: gcc -o conftest -g -O2   conftest.c  >&5
configure:9984: $? = 0
configure:9988: test -z 
			 || test ! -s conftest.err
configure:9991: $? = 0
configure:9994: test -s conftest
configure:9997: $? = 0
configure:10009: result: yes
configure:9921: checking for argz_stringify
configure:9978: gcc -o conftest -g -O2   conftest.c  >&5
configure:9984: $? = 0
configure:9988: test -z 
			 || test ! -s conftest.err
configure:9991: $? = 0
configure:9994: test -s conftest
configure:9997: $? = 0
configure:10009: result: yes
configure:10059: checking errno.h usability
configure:10071: gcc -c -g -O2  conftest.c >&5
configure:10077: $? = 0
configure:10081: test -z 
			 || test ! -s conftest.err
configure:10084: $? = 0
configure:10087: test -s conftest.o
configure:10090: $? = 0
configure:10100: result: yes
configure:10104: checking errno.h presence
configure:10114: gcc -E  conftest.c
configure:10120: $? = 0
configure:10140: result: yes
configure:10175: checking for errno.h
configure:10182: result: yes
configure:10059: checking malloc.h usability
configure:10071: gcc -c -g -O2  conftest.c >&5
configure:10077: $? = 0
configure:10081: test -z 
			 || test ! -s conftest.err
configure:10084: $? = 0
configure:10087: test -s conftest.o
configure:10090: $? = 0
configure:10100: result: yes
configure:10104: checking malloc.h presence
configure:10114: gcc -E  conftest.c
configure:10120: $? = 0
configure:10140: result: yes
configure:10175: checking for malloc.h
configure:10182: result: yes
configure:10050: checking for memory.h
configure:10055: result: yes
configure:10050: checking for stdlib.h
configure:10055: result: yes
configure:10059: checking stdio.h usability
configure:10071: gcc -c -g -O2  conftest.c >&5
configure:10077: $? = 0
configure:10081: test -z 
			 || test ! -s conftest.err
configure:10084: $? = 0
configure:10087: test -s conftest.o
configure:10090: $? = 0
configure:10100: result: yes
configure:10104: checking stdio.h presence
configure:10114: gcc -E  conftest.c
configure:10120: $? = 0
configure:10140: result: yes
configure:10175: checking for stdio.h
configure:10182: result: yes
configure:10059: checking ctype.h usability
configure:10071: gcc -c -g -O2  conftest.c >&5
configure:10077: $? = 0
configure:10081: test -z 
			 || test ! -s conftest.err
configure:10084: $? = 0
configure:10087: test -s conftest.o
configure:10090: $? = 0
configure:10100: result: yes
configure:10104: checking ctype.h presence
configure:10114: gcc -E  conftest.c
configure:10120: $? = 0
configure:10140: result: yes
configure:10175: checking for ctype.h
configure:10182: result: yes
configure:10050: checking for unistd.h
configure:10055: result: yes
configure:10211: checking dl.h usability
configure:10223: gcc -c -g -O2  conftest.c >&5
conftest.c:76:16: error: dl.h: No such file or directory
configure:10229: $? = 1
configure: failed program was:
| /* confdefs.h.  */
| 
| #define PACKAGE_NAME ""
| #define PACKAGE_TARNAME ""
| #define PACKAGE_VERSION ""
| #define PACKAGE_STRING ""
| #define PACKAGE_BUGREPORT ""
| #define STDC_HEADERS 1
| #define HAVE_SYS_TYPES_H 1
| #define HAVE_SYS_STAT_H 1
| #define HAVE_STDLIB_H 1
| #define HAVE_STRING_H 1
| #define HAVE_MEMORY_H 1
| #define HAVE_STRINGS_H 1
| #define HAVE_INTTYPES_H 1
| #define HAVE_STDINT_H 1
| #define HAVE_UNISTD_H 1
| #define HAVE_DLFCN_H 1
| #define HAVE_DIRENT_H 1
| #define LTDL_SHLIB_EXT ".so"
| #define LTDL_SHLIBPATH_VAR "LD_LIBRARY_PATH"
| #define LTDL_SYSSEARCHPATH "/lib:/usr/lib"
| #define LTDL_OBJDIR ".libs/"
| #define HAVE_PRELOADED_SYMBOLS 1
| #define HAVE_LIBDL 1
| #define HAVE_DLERROR 1
| #define HAVE_ARGZ_H 1
| #define HAVE_ERROR_T 1
| #define HAVE_ARGZ_APPEND 1
| #define HAVE_ARGZ_CREATE_SEP 1
| #define HAVE_ARGZ_INSERT 1
| #define HAVE_ARGZ_NEXT 1
| #define HAVE_ARGZ_STRINGIFY 1
| #define HAVE_ERRNO_H 1
| #define HAVE_MALLOC_H 1
| #define HAVE_MEMORY_H 1
| #define HAVE_STDLIB_H 1
| #define HAVE_STDIO_H 1
| #define HAVE_CTYPE_H 1
| #define HAVE_UNISTD_H 1
| /* end confdefs.h.  */
| #include <stdio.h>
| #if HAVE_SYS_TYPES_H
| # include <sys/types.h>
| #endif
| #if HAVE_SYS_STAT_H
| # include <sys/stat.h>
| #endif
| #if STDC_HEADERS
| # include <stdlib.h>
| # include <stddef.h>
| #else
| # if HAVE_STDLIB_H
| #  include <stdlib.h>
| # endif
| #endif
| #if HAVE_STRING_H
| # if !STDC_HEADERS && HAVE_MEMORY_H
| #  include <memory.h>
| # endif
| # include <string.h>
| #endif
| #if HAVE_STRINGS_H
| # include <strings.h>
| #endif
| #if HAVE_INTTYPES_H
| # include <inttypes.h>
| #else
| # if HAVE_STDINT_H
| #  include <stdint.h>
| # endif
| #endif
| #if HAVE_UNISTD_H
| # include <unistd.h>
| #endif
| #include <dl.h>
configure:10252: result: no
configure:10256: checking dl.h presence
configure:10266: gcc -E  conftest.c
conftest.c:42:16: error: dl.h: No such file or directory
configure:10272: $? = 1
configure: failed program was:
| /* confdefs.h.  */
| 
| #define PACKAGE_NAME ""
| #define PACKAGE_TARNAME ""
| #define PACKAGE_VERSION ""
| #define PACKAGE_STRING ""
| #define PACKAGE_BUGREPORT ""
| #define STDC_HEADERS 1
| #define HAVE_SYS_TYPES_H 1
| #define HAVE_SYS_STAT_H 1
| #define HAVE_STDLIB_H 1
| #define HAVE_STRING_H 1
| #define HAVE_MEMORY_H 1
| #define HAVE_STRINGS_H 1
| #define HAVE_INTTYPES_H 1
| #define HAVE_STDINT_H 1
| #define HAVE_UNISTD_H 1
| #define HAVE_DLFCN_H 1
| #define HAVE_DIRENT_H 1
| #define LTDL_SHLIB_EXT ".so"
| #define LTDL_SHLIBPATH_VAR "LD_LIBRARY_PATH"
| #define LTDL_SYSSEARCHPATH "/lib:/usr/lib"
| #define LTDL_OBJDIR ".libs/"
| #define HAVE_PRELOADED_SYMBOLS 1
| #define HAVE_LIBDL 1
| #define HAVE_DLERROR 1
| #define HAVE_ARGZ_H 1
| #define HAVE_ERROR_T 1
| #define HAVE_ARGZ_APPEND 1
| #define HAVE_ARGZ_CREATE_SEP 1
| #define HAVE_ARGZ_INSERT 1
| #define HAVE_ARGZ_NEXT 1
| #define HAVE_ARGZ_STRINGIFY 1
| #define HAVE_ERRNO_H 1
| #define HAVE_MALLOC_H 1
| #define HAVE_MEMORY_H 1
| #define HAVE_STDLIB_H 1
| #define HAVE_STDIO_H 1
| #define HAVE_CTYPE_H 1
| #define HAVE_UNISTD_H 1
| /* end confdefs.h.  */
| #include <dl.h>
configure:10292: result: no
configure:10327: checking for dl.h
configure:10334: result: no
configure:10211: checking sys/dl.h usability
configure:10223: gcc -c -g -O2  conftest.c >&5
conftest.c:76:20: error: sys/dl.h: No such file or directory
configure:10229: $? = 1
configure: failed program was:
| /* confdefs.h.  */
| 
| #define PACKAGE_NAME ""
| #define PACKAGE_TARNAME ""
| #define PACKAGE_VERSION ""
| #define PACKAGE_STRING ""
| #define PACKAGE_BUGREPORT ""
| #define STDC_HEADERS 1
| #define HAVE_SYS_TYPES_H 1
| #define HAVE_SYS_STAT_H 1
| #define HAVE_STDLIB_H 1
| #define HAVE_STRING_H 1
| #define HAVE_MEMORY_H 1
| #define HAVE_STRINGS_H 1
| #define HAVE_INTTYPES_H 1
| #define HAVE_STDINT_H 1
| #define HAVE_UNISTD_H 1
| #define HAVE_DLFCN_H 1
| #define HAVE_DIRENT_H 1
| #define LTDL_SHLIB_EXT ".so"
| #define LTDL_SHLIBPATH_VAR "LD_LIBRARY_PATH"
| #define LTDL_SYSSEARCHPATH "/lib:/usr/lib"
| #define LTDL_OBJDIR ".libs/"
| #define HAVE_PRELOADED_SYMBOLS 1
| #define HAVE_LIBDL 1
| #define HAVE_DLERROR 1
| #define HAVE_ARGZ_H 1
| #define HAVE_ERROR_T 1
| #define HAVE_ARGZ_APPEND 1
| #define HAVE_ARGZ_CREATE_SEP 1
| #define HAVE_ARGZ_INSERT 1
| #define HAVE_ARGZ_NEXT 1
| #define HAVE_ARGZ_STRINGIFY 1
| #define HAVE_ERRNO_H 1
| #define HAVE_MALLOC_H 1
| #define HAVE_MEMORY_H 1
| #define HAVE_STDLIB_H 1
| #define HAVE_STDIO_H 1
| #define HAVE_CTYPE_H 1
| #define HAVE_UNISTD_H 1
| /* end confdefs.h.  */
| #include <stdio.h>
| #if HAVE_SYS_TYPES_H
| # include <sys/types.h>
| #endif
| #if HAVE_SYS_STAT_H
| # include <sys/stat.h>
| #endif
| #if STDC_HEADERS
| # include <stdlib.h>
| # include <stddef.h>
| #else
| # if HAVE_STDLIB_H
| #  include <stdlib.h>
| # endif
| #endif
| #if HAVE_STRING_H
| # if !STDC_HEADERS && HAVE_MEMORY_H
| #  include <memory.h>
| # endif
| # include <string.h>
| #endif
| #if HAVE_STRINGS_H
| # include <strings.h>
| #endif
| #if HAVE_INTTYPES_H
| # include <inttypes.h>
| #else
| # if HAVE_STDINT_H
| #  include <stdint.h>
| # endif
| #endif
| #if HAVE_UNISTD_H
| # include <unistd.h>
| #endif
| #include <sys/dl.h>
configure:10252: result: no
configure:10256: checking sys/dl.h presence
configure:10266: gcc -E  conftest.c
conftest.c:42:20: error: sys/dl.h: No such file or directory
configure:10272: $? = 1
configure: failed program was:
| /* confdefs.h.  */
| 
| #define PACKAGE_NAME ""
| #define PACKAGE_TARNAME ""
| #define PACKAGE_VERSION ""
| #define PACKAGE_STRING ""
| #define PACKAGE_BUGREPORT ""
| #define STDC_HEADERS 1
| #define HAVE_SYS_TYPES_H 1
| #define HAVE_SYS_STAT_H 1
| #define HAVE_STDLIB_H 1
| #define HAVE_STRING_H 1
| #define HAVE_MEMORY_H 1
| #define HAVE_STRINGS_H 1
| #define HAVE_INTTYPES_H 1
| #define HAVE_STDINT_H 1
| #define HAVE_UNISTD_H 1
| #define HAVE_DLFCN_H 1
| #define HAVE_DIRENT_H 1
| #define LTDL_SHLIB_EXT ".so"
| #define LTDL_SHLIBPATH_VAR "LD_LIBRARY_PATH"
| #define LTDL_SYSSEARCHPATH "/lib:/usr/lib"
| #define LTDL_OBJDIR ".libs/"
| #define HAVE_PRELOADED_SYMBOLS 1
| #define HAVE_LIBDL 1
| #define HAVE_DLERROR 1
| #define HAVE_ARGZ_H 1
| #define HAVE_ERROR_T 1
| #define HAVE_ARGZ_APPEND 1
| #define HAVE_ARGZ_CREATE_SEP 1
| #define HAVE_ARGZ_INSERT 1
| #define HAVE_ARGZ_NEXT 1
| #define HAVE_ARGZ_STRINGIFY 1
| #define HAVE_ERRNO_H 1
| #define HAVE_MALLOC_H 1
| #define HAVE_MEMORY_H 1
| #define HAVE_STDLIB_H 1
| #define HAVE_STDIO_H 1
| #define HAVE_CTYPE_H 1
| #define HAVE_UNISTD_H 1
| /* end confdefs.h.  */
| #include <sys/dl.h>
configure:10292: result: no
configure:10327: checking for sys/dl.h
configure:10334: result: no
configure:10211: checking dld.h usability
configure:10223: gcc -c -g -O2  conftest.c >&5
conftest.c:76:17: error: dld.h: No such file or directory
configure:10229: $? = 1
configure: failed program was:
| /* confdefs.h.  */
| 
| #define PACKAGE_NAME ""
| #define PACKAGE_TARNAME ""
| #define PACKAGE_VERSION ""
| #define PACKAGE_STRING ""
| #define PACKAGE_BUGREPORT ""
| #define STDC_HEADERS 1
| #define HAVE_SYS_TYPES_H 1
| #define HAVE_SYS_STAT_H 1
| #define HAVE_STDLIB_H 1
| #define HAVE_STRING_H 1
| #define HAVE_MEMORY_H 1
| #define HAVE_STRINGS_H 1
| #define HAVE_INTTYPES_H 1
| #define HAVE_STDINT_H 1
| #define HAVE_UNISTD_H 1
| #define HAVE_DLFCN_H 1
| #define HAVE_DIRENT_H 1
| #define LTDL_SHLIB_EXT ".so"
| #define LTDL_SHLIBPATH_VAR "LD_LIBRARY_PATH"
| #define LTDL_SYSSEARCHPATH "/lib:/usr/lib"
| #define LTDL_OBJDIR ".libs/"
| #define HAVE_PRELOADED_SYMBOLS 1
| #define HAVE_LIBDL 1
| #define HAVE_DLERROR 1
| #define HAVE_ARGZ_H 1
| #define HAVE_ERROR_T 1
| #define HAVE_ARGZ_APPEND 1
| #define HAVE_ARGZ_CREATE_SEP 1
| #define HAVE_ARGZ_INSERT 1
| #define HAVE_ARGZ_NEXT 1
| #define HAVE_ARGZ_STRINGIFY 1
| #define HAVE_ERRNO_H 1
| #define HAVE_MALLOC_H 1
| #define HAVE_MEMORY_H 1
| #define HAVE_STDLIB_H 1
| #define HAVE_STDIO_H 1
| #define HAVE_CTYPE_H 1
| #define HAVE_UNISTD_H 1
| /* end confdefs.h.  */
| #include <stdio.h>
| #if HAVE_SYS_TYPES_H
| # include <sys/types.h>
| #endif
| #if HAVE_SYS_STAT_H
| # include <sys/stat.h>
| #endif
| #if STDC_HEADERS
| # include <stdlib.h>
| # include <stddef.h>
| #else
| # if HAVE_STDLIB_H
| #  include <stdlib.h>
| # endif
| #endif
| #if HAVE_STRING_H
| # if !STDC_HEADERS && HAVE_MEMORY_H
| #  include <memory.h>
| # endif
| # include <string.h>
| #endif
| #if HAVE_STRINGS_H
| # include <strings.h>
| #endif
| #if HAVE_INTTYPES_H
| # include <inttypes.h>
| #else
| # if HAVE_STDINT_H
| #  include <stdint.h>
| # endif
| #endif
| #if HAVE_UNISTD_H
| # include <unistd.h>
| #endif
| #include <dld.h>
configure:10252: result: no
configure:10256: checking dld.h presence
configure:10266: gcc -E  conftest.c
conftest.c:42:17: error: dld.h: No such file or directory
configure:10272: $? = 1
configure: failed program was:
| /* confdefs.h.  */
| 
| #define PACKAGE_NAME ""
| #define PACKAGE_TARNAME ""
| #define PACKAGE_VERSION ""
| #define PACKAGE_STRING ""
| #define PACKAGE_BUGREPORT ""
| #define STDC_HEADERS 1
| #define HAVE_SYS_TYPES_H 1
| #define HAVE_SYS_STAT_H 1
| #define HAVE_STDLIB_H 1
| #define HAVE_STRING_H 1
| #define HAVE_MEMORY_H 1
| #define HAVE_STRINGS_H 1
| #define HAVE_INTTYPES_H 1
| #define HAVE_STDINT_H 1
| #define HAVE_UNISTD_H 1
| #define HAVE_DLFCN_H 1
| #define HAVE_DIRENT_H 1
| #define LTDL_SHLIB_EXT ".so"
| #define LTDL_SHLIBPATH_VAR "LD_LIBRARY_PATH"
| #define LTDL_SYSSEARCHPATH "/lib:/usr/lib"
| #define LTDL_OBJDIR ".libs/"
| #define HAVE_PRELOADED_SYMBOLS 1
| #define HAVE_LIBDL 1
| #define HAVE_DLERROR 1
| #define HAVE_ARGZ_H 1
| #define HAVE_ERROR_T 1
| #define HAVE_ARGZ_APPEND 1
| #define HAVE_ARGZ_CREATE_SEP 1
| #define HAVE_ARGZ_INSERT 1
| #define HAVE_ARGZ_NEXT 1
| #define HAVE_ARGZ_STRINGIFY 1
| #define HAVE_ERRNO_H 1
| #define HAVE_MALLOC_H 1
| #define HAVE_MEMORY_H 1
| #define HAVE_STDLIB_H 1
| #define HAVE_STDIO_H 1
| #define HAVE_CTYPE_H 1
| #define HAVE_UNISTD_H 1
| /* end confdefs.h.  */
| #include <dld.h>
configure:10292: result: no
configure:10327: checking for dld.h
configure:10334: result: no
configure:10353: checking for string.h
configure:10358: result: yes
configure:10504: checking for strchr
configure:10561: gcc -o conftest -g -O2   conftest.c  >&5
conftest.c:67: warning: conflicting types for built-in function 'strchr'
configure:10567: $? = 0
configure:10571: test -z 
			 || test ! -s conftest.err
configure:10574: $? = 0
configure:10577: test -s conftest
configure:10580: $? = 0
configure:10592: result: yes
configure:10607: checking for strrchr
configure:10664: gcc -o conftest -g -O2   conftest.c  >&5
conftest.c:68: warning: conflicting types for built-in function 'strrchr'
configure:10670: $? = 0
configure:10674: test -z 
			 || test ! -s conftest.err
configure:10677: $? = 0
configure:10680: test -s conftest
configure:10683: $? = 0
configure:10695: result: yes
configure:10710: checking for memcpy
configure:10767: gcc -o conftest -g -O2   conftest.c  >&5
conftest.c:69: warning: conflicting types for built-in function 'memcpy'
configure:10773: $? = 0
configure:10777: test -z 
			 || test ! -s conftest.err
configure:10780: $? = 0
configure:10783: test -s conftest
configure:10786: $? = 0
configure:10798: result: yes
configure:10813: checking for memmove
configure:10870: gcc -o conftest -g -O2   conftest.c  >&5
conftest.c:70: warning: conflicting types for built-in function 'memmove'
configure:10876: $? = 0
configure:10880: test -z 
			 || test ! -s conftest.err
configure:10883: $? = 0
configure:10886: test -s conftest
configure:10889: $? = 0
configure:10901: result: yes
configure:10813: checking for strcmp
configure:10870: gcc -o conftest -g -O2   conftest.c  >&5
conftest.c:71: warning: conflicting types for built-in function 'strcmp'
configure:10876: $? = 0
configure:10880: test -z 
			 || test ! -s conftest.err
configure:10883: $? = 0
configure:10886: test -s conftest
configure:10889: $? = 0
configure:10901: result: yes
configure:11045: creating ./config.status

## ---------------------- ##
## Running config.status. ##
## ---------------------- ##

This file was extended by config.status, which was
generated by GNU Autoconf 2.59.  Invocation command line was

  CONFIG_FILES    = 
  CONFIG_HEADERS  = 
  CONFIG_LINKS    = 
  CONFIG_COMMANDS = 
  $ ./config.status 

on clansoft

config.status:711: creating Makefile
config.status:815: creating config.h
config.status:993: config.h is unchanged
config.status:1173: executing depfiles commands

## ---------------- ##
## Cache variables. ##
## ---------------- ##

ac_cv_build=i686-pc-linux-gnu
ac_cv_build_alias=i686-pc-linux-gnu
ac_cv_c_compiler_gnu=yes
ac_cv_c_const=yes
ac_cv_c_inline=inline
ac_cv_env_CC_set=
ac_cv_env_CC_value=
ac_cv_env_CFLAGS_set=
ac_cv_env_CFLAGS_value=
ac_cv_env_CPPFLAGS_set=
ac_cv_env_CPPFLAGS_value=
ac_cv_env_CPP_set=
ac_cv_env_CPP_value=
ac_cv_env_LDFLAGS_set=
ac_cv_env_LDFLAGS_value=
ac_cv_env_build_alias_set=
ac_cv_env_build_alias_value=
ac_cv_env_host_alias_set=
ac_cv_env_host_alias_value=
ac_cv_env_target_alias_set=
ac_cv_env_target_alias_value=
ac_cv_exeext=
ac_cv_func_argz_append=yes
ac_cv_func_argz_create_sep=yes
ac_cv_func_argz_insert=yes
ac_cv_func_argz_next=yes
ac_cv_func_argz_stringify=yes
ac_cv_func_dlerror=yes
ac_cv_func_memcpy=yes
ac_cv_func_memmove=yes
ac_cv_func_shl_load=no
ac_cv_func_strchr=yes
ac_cv_func_strcmp=yes
ac_cv_func_strrchr=yes
ac_cv_header_argz_h=yes
ac_cv_header_ctype_h=yes
ac_cv_header_dirent_dirent_h=yes
ac_cv_header_dl_h=no
ac_cv_header_dld_h=no
ac_cv_header_dlfcn_h=yes
ac_cv_header_errno_h=yes
ac_cv_header_inttypes_h=yes
ac_cv_header_malloc_h=yes
ac_cv_header_memory_h=yes
ac_cv_header_stdc=yes
ac_cv_header_stdint_h=yes
ac_cv_header_stdio_h=yes
ac_cv_header_stdlib_h=yes
ac_cv_header_string_h=yes
ac_cv_header_strings_h=yes
ac_cv_header_sys_dl_h=no
ac_cv_header_sys_stat_h=yes
ac_cv_header_sys_types_h=yes
ac_cv_header_unistd_h=yes
ac_cv_host=i686-pc-linux-gnu
ac_cv_host_alias=i686-pc-linux-gnu
ac_cv_lib_dl_dlopen=yes
ac_cv_lib_dld_dld_link=no
ac_cv_lib_dld_shl_load=no
ac_cv_objext=o
ac_cv_path_install='/usr/bin/install -c'
ac_cv_prog_AWK=gawk
ac_cv_prog_CPP='gcc -E'
ac_cv_prog_ac_ct_CC=gcc
ac_cv_prog_ac_ct_RANLIB=ranlib
ac_cv_prog_ac_ct_STRIP=strip
ac_cv_prog_cc_g=yes
ac_cv_prog_cc_stdc=
ac_cv_prog_egrep='grep -E'
ac_cv_prog_make_make_set=yes
ac_cv_search_opendir='none required'
ac_cv_sys_symbol_underscore=no
ac_cv_type_error_t=yes
am_cv_CC_dependencies_compiler_type=gcc3
libltdl_cv_objdir=.libs
libltdl_cv_preloaded_symbols=yes
libltdl_cv_shlibext=.so
libltdl_cv_shlibpath_var=LD_LIBRARY_PATH
libltdl_cv_sys_dlopen_deplibs=yes
libltdl_cv_sys_search_path='/lib /usr/lib'
lt_cv_archive_cmds_need_lc=no
lt_cv_compiler_c_o=yes
lt_cv_compiler_o_lo=yes
lt_cv_deplibs_check_method=pass_all
lt_cv_file_magic_cmd='$MAGIC_CMD'
lt_cv_file_magic_test_file='/lib/libc.so.6 /lib/libc-2.9.so'
lt_cv_global_symbol_to_c_name_address='sed -n -e '\''s/^: \([^ ]*\) $/  {\"\1\", (lt_ptr) 0},/p'\'' -e '\''s/^[BCDEGRST] \([^ ]*\) \([^ ]*\)$/  {"\2", (lt_ptr) \&\2},/p'\'''
lt_cv_global_symbol_to_cdecl='sed -n -e '\''s/^. .* \(.*\)$/extern char \1;/p'\'''
lt_cv_ld_reload_flag=-r
lt_cv_path_LD=/usr/bin/ld
lt_cv_path_NM='/usr/bin/nm -B'
lt_cv_prog_cc_can_build_shared=yes
lt_cv_prog_cc_no_builtin=
lt_cv_prog_cc_pic=' -fPIC'
lt_cv_prog_cc_pic_works=yes
lt_cv_prog_cc_shlib=
lt_cv_prog_cc_static=-static
lt_cv_prog_cc_static_works=yes
lt_cv_prog_cc_wl=-Wl,
lt_cv_prog_gnu_ld=yes
lt_cv_sys_global_symbol_pipe='sed -n -e '\''s/^.*[ 	]\([ABCDGISTW][ABCDGISTW]*\)[ 	][ 	]*\(\)\([_A-Za-z][_A-Za-z0-9]*\)$/\1 \2\3 \3/p'\'''

## ----------------- ##
## Output variables. ##
## ----------------- ##

ACLOCAL='aclocal-1.9'
AMDEPBACKSLASH='\'
AMDEP_FALSE='#'
AMDEP_TRUE=''
AMTAR='tar'
AUTOCONF='autoconf'
AUTOHEADER='autoheader'
AUTOMAKE='automake-1.9'
AWK='gawk'
CC='gcc'
CCDEPMODE='depmode=gcc3'
CFLAGS='-g -O2'
CONVENIENCE_LTDL_FALSE='#'
CONVENIENCE_LTDL_TRUE=''
CPP='gcc -E'
CPPFLAGS=''
CYGPATH_W='echo'
DEFS='-DHAVE_CONFIG_H'
DEPDIR='.deps'
ECHO='echo'
ECHO_C=''
ECHO_N='-n'
ECHO_T=''
EGREP='grep -E'
EXEEXT=''
INSTALL_DATA='${INSTALL} -m 644'
INSTALL_LTDL_FALSE=''
INSTALL_LTDL_TRUE='#'
INSTALL_PROGRAM='${INSTALL}'
INSTALL_SCRIPT='${INSTALL}'
INSTALL_STRIP_PROGRAM='${SHELL} $(install_sh) -c -s'
LDFLAGS=''
LIBADD_DL='-ldl'
LIBOBJS=''
LIBS=''
LIBTOOL='$(SHELL) $(top_builddir)/libtool'
LIBTOOL_DEPS='./../ltmain.sh'
LN_S='ln -s'
LTLIBOBJS=''
MAINT='#'
MAINTAINER_MODE_FALSE=''
MAINTAINER_MODE_TRUE='#'
MAKEINFO='makeinfo'
OBJEXT='o'
PACKAGE='libltdl'
PACKAGE_BUGREPORT=''
PACKAGE_NAME=''
PACKAGE_STRING=''
PACKAGE_TARNAME=''
PACKAGE_VERSION=''
PATH_SEPARATOR=':'
RANLIB='ranlib'
SET_MAKE=''
SHELL='/bin/bash'
STRIP='strip'
VERSION='1.2'
ac_ct_CC='gcc'
ac_ct_RANLIB='ranlib'
ac_ct_STRIP='strip'
am__fastdepCC_FALSE='#'
am__fastdepCC_TRUE=''
am__include='include'
am__leading_dot='.'
am__quote=''
am__tar='${AMTAR} chof - "$$tardir"'
am__untar='${AMTAR} xf -'
bindir='${exec_prefix}/bin'
build='i686-pc-linux-gnu'
build_alias=''
build_cpu='i686'
build_os='linux-gnu'
build_vendor='pc'
datadir='${prefix}/share'
exec_prefix='${prefix}'
host='i686-pc-linux-gnu'
host_alias=''
host_cpu='i686'
host_os='linux-gnu'
host_vendor='pc'
includedir='${prefix}/include'
infodir='${prefix}/info'
install_sh='/home/cjxgm/Program/The_Demo_Effects_Collection-0.7.2/install-sh'
libdir='${exec_prefix}/lib'
libexecdir='${exec_prefix}/libexec'
localstatedir='${prefix}/var'
mandir='${prefix}/man'
mkdir_p='mkdir -p --'
oldincludedir='/usr/include'
prefix='/usr/local/tdec'
program_transform_name='s,x,x,'
sbindir='${exec_prefix}/sbin'
sharedstatedir='${prefix}/com'
sysconfdir='${prefix}/etc'
target_alias=''

## ----------- ##
## confdefs.h. ##
## ----------- ##

#define HAVE_ARGZ_APPEND 1
#define HAVE_ARGZ_CREATE_SEP 1
#define HAVE_ARGZ_H 1
#define HAVE_ARGZ_INSERT 1
#define HAVE_ARGZ_NEXT 1
#define HAVE_ARGZ_STRINGIFY 1
#define HAVE_CTYPE_H 1
#define HAVE_DIRENT_H 1
#define HAVE_DLERROR 1
#define HAVE_DLFCN_H 1
#define HAVE_ERRNO_H 1
#define HAVE_ERROR_T 1
#define HAVE_INTTYPES_H 1
#define HAVE_LIBDL 1
#define HAVE_MALLOC_H 1
#define HAVE_MEMCPY 1
#define HAVE_MEMMOVE 1
#define HAVE_MEMORY_H 1
#define HAVE_MEMORY_H 1
#define HAVE_PRELOADED_SYMBOLS 1
#define HAVE_STDINT_H 1
#define HAVE_STDIO_H 1
#define HAVE_STDLIB_H 1
#define HAVE_STDLIB_H 1
#define HAVE_STRCHR 1
#define HAVE_STRCMP 1
#define HAVE_STRINGS_H 1
#define HAVE_STRING_H 1
#define HAVE_STRING_H 1
#define HAVE_STRRCHR 1
#define HAVE_SYS_STAT_H 1
#define HAVE_SYS_TYPES_H 1
#define HAVE_UNISTD_H 1
#define HAVE_UNISTD_H 1
#define LTDL_OBJDIR ".libs/"
#define LTDL_SHLIBPATH_VAR "LD_LIBRARY_PATH"
#define LTDL_SHLIB_EXT ".so"
#define LTDL_SYSSEARCHPATH "/lib:/usr/lib"
#define PACKAGE_BUGREPORT ""
#define PACKAGE_NAME ""
#define PACKAGE_STRING ""
#define PACKAGE_TARNAME ""
#define PACKAGE_VERSION ""
#define STDC_HEADERS 1

configure: exit 0
