This file contains any messages produced by compilers while
running configure, to aid debugging if configure makes a mistake.

It was created by configure, which was
generated by GNU Autoconf 2.59.  Invocation command line was

  $ ./configure 

## --------- ##
## Platform. ##
## --------- ##

hostname = clansoft
uname -m = i686
uname -r = 2.6.28-19-generic
uname -s = Linux
uname -v = #66-Ubuntu SMP Sat Oct 16 17:39:04 UTC 2010

/usr/bin/uname -p = unknown
/bin/uname -X     = unknown

/bin/arch              = unknown
/usr/bin/arch -k       = unknown
/usr/convex/getsysinfo = unknown
hostinfo               = unknown
/bin/machine           = unknown
/usr/bin/oslevel       = unknown
/bin/universe          = unknown

PATH: /home/cjxgm/bin
PATH: /usr/local/sbin
PATH: /usr/local/bin
PATH: /usr/sbin
PATH: /usr/bin
PATH: /sbin
PATH: /bin
PATH: /usr/games


## ----------- ##
## Core tests. ##
## ----------- ##

configure:1540: checking build system type
configure:1558: result: i686-pc-linux-gnu
configure:1566: checking host system type
configure:1580: result: i686-pc-linux-gnu
configure:1588: checking target system type
configure:1602: result: i686-pc-linux-gnu
configure:1648: checking for a BSD-compatible install
configure:1703: result: /usr/bin/install -c
configure:1714: checking whether build environment is sane
configure:1757: result: yes
configure:1768: WARNING: `missing' script is too old or missing
configure:1809: checking for gawk
configure:1825: found /usr/bin/gawk
configure:1835: result: gawk
configure:1845: checking whether make sets $(MAKE)
configure:1865: result: yes
configure:2086: checking for gcc
configure:2102: found /usr/bin/gcc
configure:2112: result: gcc
configure:2356: checking for C compiler version
configure:2359: gcc --version </dev/null >&5
gcc (Ubuntu 4.3.3-5ubuntu4) 4.3.3
Copyright (C) 2008 Free Software Foundation, Inc.
This is free software; see the source for copying conditions.  There is NO
warranty; not even for MERCHANTABILITY or FITNESS FOR A PARTICULAR PURPOSE.

configure:2362: $? = 0
configure:2364: gcc -v </dev/null >&5
Using built-in specs.
Target: i486-linux-gnu
Configured with: ../src/configure -v --with-pkgversion='Ubuntu 4.3.3-5ubuntu4' --with-bugurl=file:///usr/share/doc/gcc-4.3/README.Bugs --enable-languages=c,c++,fortran,objc,obj-c++ --prefix=/usr --enable-shared --with-system-zlib --libexecdir=/usr/lib --without-included-gettext --enable-threads=posix --enable-nls --with-gxx-include-dir=/usr/include/c++/4.3 --program-suffix=-4.3 --enable-clocale=gnu --enable-libstdcxx-debug --enable-objc-gc --enable-mpfr --enable-targets=all --with-tune=generic --enable-checking=release --build=i486-linux-gnu --host=i486-linux-gnu --target=i486-linux-gnu
Thread model: posix
gcc version 4.3.3 (Ubuntu 4.3.3-5ubuntu4) 
configure:2367: $? = 0
configure:2369: gcc -V </dev/null >&5
gcc: '-V' option must have argument
configure:2372: $? = 1
configure:2395: checking for C compiler default output file name
configure:2398: gcc    conftest.c  >&5
configure:2401: $? = 0
configure:2447: result: a.out
configure:2452: checking whether the C compiler works
configure:2458: ./a.out
configure:2461: $? = 0
configure:2478: result: yes
configure:2485: checking whether we are cross compiling
configure:2487: result: no
configure:2490: checking for suffix of executables
configure:2492: gcc -o conftest    conftest.c  >&5
configure:2495: $? = 0
configure:2520: result: 
configure:2526: checking for suffix of object files
configure:2547: gcc -c   conftest.c >&5
configure:2550: $? = 0
configure:2572: result: o
configure:2576: checking whether we are using the GNU C compiler
configure:2600: gcc -c   conftest.c >&5
configure:2606: $? = 0
configure:2610: test -z 
			 || test ! -s conftest.err
configure:2613: $? = 0
configure:2616: test -s conftest.o
configure:2619: $? = 0
configure:2632: result: yes
configure:2638: checking whether gcc accepts -g
configure:2659: gcc -c -g  conftest.c >&5
configure:2665: $? = 0
configure:2669: test -z 
			 || test ! -s conftest.err
configure:2672: $? = 0
configure:2675: test -s conftest.o
configure:2678: $? = 0
configure:2689: result: yes
configure:2706: checking for gcc option to accept ANSI C
configure:2776: gcc  -c -g -O2  conftest.c >&5
configure:2782: $? = 0
configure:2786: test -z 
			 || test ! -s conftest.err
configure:2789: $? = 0
configure:2792: test -s conftest.o
configure:2795: $? = 0
configure:2813: result: none needed
configure:2831: gcc -c -g -O2  conftest.c >&5
conftest.c:2: error: expected '=', ',', ';', 'asm' or '__attribute__' before 'me'
configure:2837: $? = 1
configure: failed program was:
| #ifndef __cplusplus
|   choke me
| #endif
configure:2981: checking for style of include used by make
configure:3009: result: GNU
configure:3037: checking dependency style of gcc
configure:3127: result: gcc3
configure:3149: checking how to run the C preprocessor
configure:3184: gcc -E  conftest.c
configure:3190: $? = 0
configure:3222: gcc -E  conftest.c
conftest.c:11:28: error: ac_nonexistent.h: No such file or directory
configure:3228: $? = 1
configure: failed program was:
| /* confdefs.h.  */
| 
| #define PACKAGE_NAME ""
| #define PACKAGE_TARNAME ""
| #define PACKAGE_VERSION ""
| #define PACKAGE_STRING ""
| #define PACKAGE_BUGREPORT ""
| #define PACKAGE "The_Demo_Effects_Collection"
| #define VERSION "0.7.2"
| /* end confdefs.h.  */
| #include <ac_nonexistent.h>
configure:3267: result: gcc -E
configure:3291: gcc -E  conftest.c
configure:3297: $? = 0
configure:3329: gcc -E  conftest.c
conftest.c:11:28: error: ac_nonexistent.h: No such file or directory
configure:3335: $? = 1
configure: failed program was:
| /* confdefs.h.  */
| 
| #define PACKAGE_NAME ""
| #define PACKAGE_TARNAME ""
| #define PACKAGE_VERSION ""
| #define PACKAGE_STRING ""
| #define PACKAGE_BUGREPORT ""
| #define PACKAGE "The_Demo_Effects_Collection"
| #define VERSION "0.7.2"
| /* end confdefs.h.  */
| #include <ac_nonexistent.h>
configure:3468: checking for a sed that does not truncate output
configure:3522: result: /bin/sed
configure:3525: checking for egrep
configure:3535: result: grep -E
configure:3551: checking for ld used by gcc
configure:3618: result: /usr/bin/ld
configure:3627: checking if the linker (/usr/bin/ld) is GNU ld
configure:3642: result: yes
configure:3647: checking for /usr/bin/ld option to reload object files
configure:3654: result: -r
configure:3672: checking for BSD-compatible nm
configure:3714: result: /usr/bin/nm -B
configure:3718: checking whether ln -s works
configure:3722: result: yes
configure:3729: checking how to recognise dependent libraries
configure:3901: result: pass_all
configure:4111: checking for ANSI C header files
configure:4136: gcc -c -g -O2  conftest.c >&5
configure:4142: $? = 0
configure:4146: test -z 
			 || test ! -s conftest.err
configure:4149: $? = 0
configure:4152: test -s conftest.o
configure:4155: $? = 0
configure:4244: gcc -o conftest -g -O2   conftest.c  >&5
conftest.c: In function 'main':
conftest.c:28: warning: incompatible implicit declaration of built-in function 'exit'
configure:4247: $? = 0
configure:4249: ./conftest
configure:4252: $? = 0
configure:4267: result: yes
configure:4291: checking for sys/types.h
configure:4307: gcc -c -g -O2  conftest.c >&5
configure:4313: $? = 0
configure:4317: test -z 
			 || test ! -s conftest.err
configure:4320: $? = 0
configure:4323: test -s conftest.o
configure:4326: $? = 0
configure:4337: result: yes
configure:4291: checking for sys/stat.h
configure:4307: gcc -c -g -O2  conftest.c >&5
configure:4313: $? = 0
configure:4317: test -z 
			 || test ! -s conftest.err
configure:4320: $? = 0
configure:4323: test -s conftest.o
configure:4326: $? = 0
configure:4337: result: yes
configure:4291: checking for stdlib.h
configure:4307: gcc -c -g -O2  conftest.c >&5
configure:4313: $? = 0
configure:4317: test -z 
			 || test ! -s conftest.err
configure:4320: $? = 0
configure:4323: test -s conftest.o
configure:4326: $? = 0
configure:4337: result: yes
configure:4291: checking for string.h
configure:4307: gcc -c -g -O2  conftest.c >&5
configure:4313: $? = 0
configure:4317: test -z 
			 || test ! -s conftest.err
configure:4320: $? = 0
configure:4323: test -s conftest.o
configure:4326: $? = 0
configure:4337: result: yes
configure:4291: checking for memory.h
configure:4307: gcc -c -g -O2  conftest.c >&5
configure:4313: $? = 0
configure:4317: test -z 
			 || test ! -s conftest.err
configure:4320: $? = 0
configure:4323: test -s conftest.o
configure:4326: $? = 0
configure:4337: result: yes
configure:4291: checking for strings.h
configure:4307: gcc -c -g -O2  conftest.c >&5
configure:4313: $? = 0
configure:4317: test -z 
			 || test ! -s conftest.err
configure:4320: $? = 0
configure:4323: test -s conftest.o
configure:4326: $? = 0
configure:4337: result: yes
configure:4291: checking for inttypes.h
configure:4307: gcc -c -g -O2  conftest.c >&5
configure:4313: $? = 0
configure:4317: test -z 
			 || test ! -s conftest.err
configure:4320: $? = 0
configure:4323: test -s conftest.o
configure:4326: $? = 0
configure:4337: result: yes
configure:4291: checking for stdint.h
configure:4307: gcc -c -g -O2  conftest.c >&5
configure:4313: $? = 0
configure:4317: test -z 
			 || test ! -s conftest.err
configure:4320: $? = 0
configure:4323: test -s conftest.o
configure:4326: $? = 0
configure:4337: result: yes
configure:4291: checking for unistd.h
configure:4307: gcc -c -g -O2  conftest.c >&5
configure:4313: $? = 0
configure:4317: test -z 
			 || test ! -s conftest.err
configure:4320: $? = 0
configure:4323: test -s conftest.o
configure:4326: $? = 0
configure:4337: result: yes
configure:4363: checking dlfcn.h usability
configure:4375: gcc -c -g -O2  conftest.c >&5
configure:4381: $? = 0
configure:4385: test -z 
			 || test ! -s conftest.err
configure:4388: $? = 0
configure:4391: test -s conftest.o
configure:4394: $? = 0
configure:4404: result: yes
configure:4408: checking dlfcn.h presence
configure:4418: gcc -E  conftest.c
configure:4424: $? = 0
configure:4444: result: yes
configure:4479: checking for dlfcn.h
configure:4486: result: yes
configure:4551: checking for g++
configure:4567: found /usr/bin/g++
configure:4577: result: g++
configure:4593: checking for C++ compiler version
configure:4596: g++ --version </dev/null >&5
g++ (Ubuntu 4.3.3-5ubuntu4) 4.3.3
Copyright (C) 2008 Free Software Foundation, Inc.
This is free software; see the source for copying conditions.  There is NO
warranty; not even for MERCHANTABILITY or FITNESS FOR A PARTICULAR PURPOSE.

configure:4599: $? = 0
configure:4601: g++ -v </dev/null >&5
Using built-in specs.
Target: i486-linux-gnu
Configured with: ../src/configure -v --with-pkgversion='Ubuntu 4.3.3-5ubuntu4' --with-bugurl=file:///usr/share/doc/gcc-4.3/README.Bugs --enable-languages=c,c++,fortran,objc,obj-c++ --prefix=/usr --enable-shared --with-system-zlib --libexecdir=/usr/lib --without-included-gettext --enable-threads=posix --enable-nls --with-gxx-include-dir=/usr/include/c++/4.3 --program-suffix=-4.3 --enable-clocale=gnu --enable-libstdcxx-debug --enable-objc-gc --enable-mpfr --enable-targets=all --with-tune=generic --enable-checking=release --build=i486-linux-gnu --host=i486-linux-gnu --target=i486-linux-gnu
Thread model: posix
gcc version 4.3.3 (Ubuntu 4.3.3-5ubuntu4) 
configure:4604: $? = 0
configure:4606: g++ -V </dev/null >&5
g++: '-V' option must have argument
configure:4609: $? = 1
configure:4612: checking whether we are using the GNU C++ compiler
configure:4636: g++ -c   conftest.cc >&5
configure:4642: $? = 0
configure:4646: test -z 
			 || test ! -s conftest.err
configure:4649: $? = 0
configure:4652: test -s conftest.o
configure:4655: $? = 0
configure:4668: result: yes
configure:4674: checking whether g++ accepts -g
configure:4695: g++ -c -g  conftest.cc >&5
configure:4701: $? = 0
configure:4705: test -z 
			 || test ! -s conftest.err
configure:4708: $? = 0
configure:4711: test -s conftest.o
configure:4714: $? = 0
configure:4725: result: yes
configure:4767: g++ -c -g -O2  conftest.cc >&5
configure:4773: $? = 0
configure:4777: test -z 
			 || test ! -s conftest.err
configure:4780: $? = 0
configure:4783: test -s conftest.o
configure:4786: $? = 0
configure:4812: g++ -c -g -O2  conftest.cc >&5
conftest.cc: In function 'int main()':
conftest.cc:26: error: 'exit' was not declared in this scope
configure:4818: $? = 1
configure: failed program was:
| /* confdefs.h.  */
| 
| #define PACKAGE_NAME ""
| #define PACKAGE_TARNAME ""
| #define PACKAGE_VERSION ""
| #define PACKAGE_STRING ""
| #define PACKAGE_BUGREPORT ""
| #define PACKAGE "The_Demo_Effects_Collection"
| #define VERSION "0.7.2"
| #define STDC_HEADERS 1
| #define HAVE_SYS_TYPES_H 1
| #define HAVE_SYS_STAT_H 1
| #define HAVE_STDLIB_H 1
| #define HAVE_STRING_H 1
| #define HAVE_MEMORY_H 1
| #define HAVE_STRINGS_H 1
| #define HAVE_INTTYPES_H 1
| #define HAVE_STDINT_H 1
| #define HAVE_UNISTD_H 1
| #define HAVE_DLFCN_H 1
| /* end confdefs.h.  */
| 
| int
| main ()
| {
| exit (42);
|   ;
|   return 0;
| }
configure:4767: g++ -c -g -O2  conftest.cc >&5
conftest.cc:22: error: 'void std::exit(int)' should have been declared inside 'std'
configure:4773: $? = 1
configure: failed program was:
| /* confdefs.h.  */
| 
| #define PACKAGE_NAME ""
| #define PACKAGE_TARNAME ""
| #define PACKAGE_VERSION ""
| #define PACKAGE_STRING ""
| #define PACKAGE_BUGREPORT ""
| #define PACKAGE "The_Demo_Effects_Collection"
| #define VERSION "0.7.2"
| #define STDC_HEADERS 1
| #define HAVE_SYS_TYPES_H 1
| #define HAVE_SYS_STAT_H 1
| #define HAVE_STDLIB_H 1
| #define HAVE_STRING_H 1
| #define HAVE_MEMORY_H 1
| #define HAVE_STRINGS_H 1
| #define HAVE_INTTYPES_H 1
| #define HAVE_STDINT_H 1
| #define HAVE_UNISTD_H 1
| #define HAVE_DLFCN_H 1
| /* end confdefs.h.  */
| extern "C" void std::exit (int) throw (); using std::exit;
| #include <stdlib.h>
| int
| main ()
| {
| exit (42);
|   ;
|   return 0;
| }
configure:4767: g++ -c -g -O2  conftest.cc >&5
conftest.cc:22: error: 'void std::exit(int)' should have been declared inside 'std'
In file included from conftest.cc:23:
/usr/include/stdlib.h:531: error: declaration of 'void std::exit(int) throw ()' throws different exceptions
conftest.cc:22: error: from previous declaration 'void std::exit(int)'
configure:4773: $? = 1
configure: failed program was:
| /* confdefs.h.  */
| 
| #define PACKAGE_NAME ""
| #define PACKAGE_TARNAME ""
| #define PACKAGE_VERSION ""
| #define PACKAGE_STRING ""
| #define PACKAGE_BUGREPORT ""
| #define PACKAGE "The_Demo_Effects_Collection"
| #define VERSION "0.7.2"
| #define STDC_HEADERS 1
| #define HAVE_SYS_TYPES_H 1
| #define HAVE_SYS_STAT_H 1
| #define HAVE_STDLIB_H 1
| #define HAVE_STRING_H 1
| #define HAVE_MEMORY_H 1
| #define HAVE_STRINGS_H 1
| #define HAVE_INTTYPES_H 1
| #define HAVE_STDINT_H 1
| #define HAVE_UNISTD_H 1
| #define HAVE_DLFCN_H 1
| /* end confdefs.h.  */
| extern "C" void std::exit (int); using std::exit;
| #include <stdlib.h>
| int
| main ()
| {
| exit (42);
|   ;
|   return 0;
| }
configure:4767: g++ -c -g -O2  conftest.cc >&5
configure:4773: $? = 0
configure:4777: test -z 
			 || test ! -s conftest.err
configure:4780: $? = 0
configure:4783: test -s conftest.o
configure:4786: $? = 0
configure:4812: g++ -c -g -O2  conftest.cc >&5
configure:4818: $? = 0
configure:4822: test -z 
			 || test ! -s conftest.err
configure:4825: $? = 0
configure:4828: test -s conftest.o
configure:4831: $? = 0
configure:4856: checking dependency style of g++
configure:4946: result: gcc3
configure:4973: checking how to run the C++ preprocessor
configure:5004: g++ -E  conftest.cc
configure:5010: $? = 0
configure:5042: g++ -E  conftest.cc
conftest.cc:25:28: error: ac_nonexistent.h: No such file or directory
configure:5048: $? = 1
configure: failed program was:
| /* confdefs.h.  */
| 
| #define PACKAGE_NAME ""
| #define PACKAGE_TARNAME ""
| #define PACKAGE_VERSION ""
| #define PACKAGE_STRING ""
| #define PACKAGE_BUGREPORT ""
| #define PACKAGE "The_Demo_Effects_Collection"
| #define VERSION "0.7.2"
| #define STDC_HEADERS 1
| #define HAVE_SYS_TYPES_H 1
| #define HAVE_SYS_STAT_H 1
| #define HAVE_STDLIB_H 1
| #define HAVE_STRING_H 1
| #define HAVE_MEMORY_H 1
| #define HAVE_STRINGS_H 1
| #define HAVE_INTTYPES_H 1
| #define HAVE_STDINT_H 1
| #define HAVE_UNISTD_H 1
| #define HAVE_DLFCN_H 1
| #ifdef __cplusplus
| extern "C" void exit (int) throw ();
| #endif
| /* end confdefs.h.  */
| #include <ac_nonexistent.h>
configure:5087: result: g++ -E
configure:5111: g++ -E  conftest.cc
configure:5117: $? = 0
configure:5149: g++ -E  conftest.cc
conftest.cc:25:28: error: ac_nonexistent.h: No such file or directory
configure:5155: $? = 1
configure: failed program was:
| /* confdefs.h.  */
| 
| #define PACKAGE_NAME ""
| #define PACKAGE_TARNAME ""
| #define PACKAGE_VERSION ""
| #define PACKAGE_STRING ""
| #define PACKAGE_BUGREPORT ""
| #define PACKAGE "The_Demo_Effects_Collection"
| #define VERSION "0.7.2"
| #define STDC_HEADERS 1
| #define HAVE_SYS_TYPES_H 1
| #define HAVE_SYS_STAT_H 1
| #define HAVE_STDLIB_H 1
| #define HAVE_STRING_H 1
| #define HAVE_MEMORY_H 1
| #define HAVE_STRINGS_H 1
| #define HAVE_INTTYPES_H 1
| #define HAVE_STDINT_H 1
| #define HAVE_UNISTD_H 1
| #define HAVE_DLFCN_H 1
| #ifdef __cplusplus
| extern "C" void exit (int) throw ();
| #endif
| /* end confdefs.h.  */
| #include <ac_nonexistent.h>
configure:5252: checking for g77
configure:5281: result: no
configure:5252: checking for f77
configure:5281: result: no
configure:5252: checking for xlf
configure:5281: result: no
configure:5252: checking for frt
configure:5281: result: no
configure:5252: checking for pgf77
configure:5281: result: no
configure:5252: checking for fort77
configure:5281: result: no
configure:5252: checking for fl32
configure:5281: result: no
configure:5252: checking for af77
configure:5281: result: no
configure:5252: checking for f90
configure:5281: result: no
configure:5252: checking for xlf90
configure:5281: result: no
configure:5252: checking for pgf90
configure:5281: result: no
configure:5252: checking for epcf90
configure:5281: result: no
configure:5252: checking for f95
configure:5281: result: no
configure:5252: checking for fort
configure:5281: result: no
configure:5252: checking for xlf95
configure:5281: result: no
configure:5252: checking for ifc
configure:5281: result: no
configure:5252: checking for efc
configure:5281: result: no
configure:5252: checking for pgf95
configure:5281: result: no
configure:5252: checking for lf95
configure:5281: result: no
configure:5252: checking for gfortran
configure:5281: result: no
configure:5293: checking for Fortran 77 compiler version
configure:5296:  --version </dev/null >&5
./configure: line 5297: --version: command not found
configure:5299: $? = 127
configure:5301:  -v </dev/null >&5
./configure: line 5302: -v: command not found
configure:5304: $? = 127
configure:5306:  -V </dev/null >&5
./configure: line 5307: -V: command not found
configure:5309: $? = 127
configure:5317: checking whether we are using the GNU Fortran 77 compiler
configure:5331:  -c  conftest.F >&5
./configure: line 5332: -c: command not found
configure:5337: $? = 127
configure: failed program was:
|       program main
| #ifndef __GNUC__
|        choke me
| #endif
| 
|       end
configure:5363: result: no
configure:5369: checking whether  accepts -g
configure:5381:  -c -g conftest.f >&5
./configure: line 5382: -c: command not found
configure:5387: $? = 127
configure: failed program was:
|       program main
| 
|       end
configure:5412: result: no
configure:5442: checking the maximum length of command line arguments
configure:5534: result: 32768
configure:5545: checking command to parse /usr/bin/nm -B output from gcc object
configure:5641: gcc -c -g -O2  conftest.c >&5
configure:5644: $? = 0
configure:5648: /usr/bin/nm -B conftest.o \| sed -n -e 's/^.*[ 	]\([ABCDGIRSTW][ABCDGIRSTW]*\)[ 	][ 	]*\([_A-Za-z][_A-Za-z0-9]*\)$/\1 \2 \2/p' \> conftest.nm
configure:5651: $? = 0
configure:5703: gcc -o conftest -g -O2   conftest.c conftstm.o >&5
configure:5706: $? = 0
configure:5744: result: ok
configure:5748: checking for objdir
configure:5763: result: .libs
configure:5853: checking for ar
configure:5869: found /usr/bin/ar
configure:5880: result: ar
configure:5933: checking for ranlib
configure:5949: found /usr/bin/ranlib
configure:5960: result: ranlib
configure:6013: checking for strip
configure:6029: found /usr/bin/strip
configure:6040: result: strip
configure:6327: checking if gcc static flag  works
configure:6355: result: yes
configure:6373: checking if gcc supports -fno-rtti -fno-exceptions
configure:6391: gcc -c -g -O2  -fno-rtti -fno-exceptions conftest.c >&5
cc1: warning: command line option "-fno-rtti" is valid for C++/ObjC++ but not for C
configure:6395: $? = 0
configure:6408: result: no
configure:6423: checking for gcc option to produce PIC
configure:6627: result: -fPIC
configure:6635: checking if gcc PIC flag -fPIC works
configure:6653: gcc -c -g -O2  -fPIC -DPIC conftest.c >&5
configure:6657: $? = 0
configure:6670: result: yes
configure:6694: checking if gcc supports -c -o file.o
configure:6715: gcc -c -g -O2  -o out/conftest2.o conftest.c >&5
configure:6719: $? = 0
configure:6741: result: yes
configure:6767: checking whether the gcc linker (/usr/bin/ld) supports shared libraries
configure:7663: result: yes
configure:7689: checking whether -lc should be explicitly linked in
configure:7694: gcc -c -g -O2  conftest.c >&5
configure:7697: $? = 0
configure:7711: gcc -shared conftest.o  -v -Wl,-soname -Wl,conftest -o conftest 2\>\&1 \| grep  -lc  \>/dev/null 2\>\&1
configure:7714: $? = 0
configure:7726: result: no
configure:7734: checking dynamic linker characteristics
configure:8280: result: GNU/Linux ld.so
configure:8284: checking how to hardcode library paths into programs
configure:8309: result: immediate
configure:8323: checking whether stripping libraries is possible
configure:8328: result: yes
configure:8454: checking for shl_load
configure:8511: gcc -o conftest -g -O2   conftest.c  >&5
/tmp/ccoagxxk.o: In function `main':
/home/cjxgm/Program/The_Demo_Effects_Collection-0.7.2/conftest.c:64: undefined reference to `shl_load'
/tmp/ccoagxxk.o:(.data+0x0): undefined reference to `shl_load'
collect2: ld returned 1 exit status
configure:8517: $? = 1
configure: failed program was:
| /* confdefs.h.  */
| 
| #define PACKAGE_NAME ""
| #define PACKAGE_TARNAME ""
| #define PACKAGE_VERSION ""
| #define PACKAGE_STRING ""
| #define PACKAGE_BUGREPORT ""
| #define PACKAGE "The_Demo_Effects_Collection"
| #define VERSION "0.7.2"
| #define STDC_HEADERS 1
| #define HAVE_SYS_TYPES_H 1
| #define HAVE_SYS_STAT_H 1
| #define HAVE_STDLIB_H 1
| #define HAVE_STRING_H 1
| #define HAVE_MEMORY_H 1
| #define HAVE_STRINGS_H 1
| #define HAVE_INTTYPES_H 1
| #define HAVE_STDINT_H 1
| #define HAVE_UNISTD_H 1
| #define HAVE_DLFCN_H 1
| #ifdef __cplusplus
| extern "C" void exit (int) throw ();
| #endif
| /* end confdefs.h.  */
| /* Define shl_load to an innocuous variant, in case <limits.h> declares shl_load.
|    For example, HP-UX 11i <limits.h> declares gettimeofday.  */
| #define shl_load innocuous_shl_load
| 
| /* System header to define __stub macros and hopefully few prototypes,
|     which can conflict with char shl_load (); below.
|     Prefer <limits.h> to <assert.h> if __STDC__ is defined, since
|     <limits.h> exists even on freestanding compilers.  */
| 
| #ifdef __STDC__
| # include <limits.h>
| #else
| # include <assert.h>
| #endif
| 
| #undef shl_load
| 
| /* Override any gcc2 internal prototype to avoid an error.  */
| #ifdef __cplusplus
| extern "C"
| {
| #endif
| /* We use char because int might match the return type of a gcc2
|    builtin and then its argument prototype would still apply.  */
| char shl_load ();
| /* The GNU C library defines this for functions which it implements
|     to always fail with ENOSYS.  Some functions are actually named
|     something starting with __ and the normal name is an alias.  */
| #if defined (__stub_shl_load) || defined (__stub___shl_load)
| choke me
| #else
| char (*f) () = shl_load;
| #endif
| #ifdef __cplusplus
| }
| #endif
| 
| int
| main ()
| {
| return f != shl_load;
|   ;
|   return 0;
| }
configure:8542: result: no
configure:8547: checking for shl_load in -ldld
configure:8577: gcc -o conftest -g -O2   conftest.c -ldld   >&5
/usr/bin/ld: cannot find -ldld
collect2: ld returned 1 exit status
configure:8583: $? = 1
configure: failed program was:
| /* confdefs.h.  */
| 
| #define PACKAGE_NAME ""
| #define PACKAGE_TARNAME ""
| #define PACKAGE_VERSION ""
| #define PACKAGE_STRING ""
| #define PACKAGE_BUGREPORT ""
| #define PACKAGE "The_Demo_Effects_Collection"
| #define VERSION "0.7.2"
| #define STDC_HEADERS 1
| #define HAVE_SYS_TYPES_H 1
| #define HAVE_SYS_STAT_H 1
| #define HAVE_STDLIB_H 1
| #define HAVE_STRING_H 1
| #define HAVE_MEMORY_H 1
| #define HAVE_STRINGS_H 1
| #define HAVE_INTTYPES_H 1
| #define HAVE_STDINT_H 1
| #define HAVE_UNISTD_H 1
| #define HAVE_DLFCN_H 1
| #ifdef __cplusplus
| extern "C" void exit (int) throw ();
| #endif
| /* end confdefs.h.  */
| 
| /* Override any gcc2 internal prototype to avoid an error.  */
| #ifdef __cplusplus
| extern "C"
| #endif
| /* We use char because int might match the return type of a gcc2
|    builtin and then its argument prototype would still apply.  */
| char shl_load ();
| int
| main ()
| {
| shl_load ();
|   ;
|   return 0;
| }
configure:8609: result: no
configure:8614: checking for dlopen
configure:8671: gcc -o conftest -g -O2   conftest.c  >&5
/tmp/ccSW8vBH.o: In function `main':
/home/cjxgm/Program/The_Demo_Effects_Collection-0.7.2/conftest.c:64: undefined reference to `dlopen'
/tmp/ccSW8vBH.o:(.data+0x0): undefined reference to `dlopen'
collect2: ld returned 1 exit status
configure:8677: $? = 1
configure: failed program was:
| /* confdefs.h.  */
| 
| #define PACKAGE_NAME ""
| #define PACKAGE_TARNAME ""
| #define PACKAGE_VERSION ""
| #define PACKAGE_STRING ""
| #define PACKAGE_BUGREPORT ""
| #define PACKAGE "The_Demo_Effects_Collection"
| #define VERSION "0.7.2"
| #define STDC_HEADERS 1
| #define HAVE_SYS_TYPES_H 1
| #define HAVE_SYS_STAT_H 1
| #define HAVE_STDLIB_H 1
| #define HAVE_STRING_H 1
| #define HAVE_MEMORY_H 1
| #define HAVE_STRINGS_H 1
| #define HAVE_INTTYPES_H 1
| #define HAVE_STDINT_H 1
| #define HAVE_UNISTD_H 1
| #define HAVE_DLFCN_H 1
| #ifdef __cplusplus
| extern "C" void exit (int) throw ();
| #endif
| /* end confdefs.h.  */
| /* Define dlopen to an innocuous variant, in case <limits.h> declares dlopen.
|    For example, HP-UX 11i <limits.h> declares gettimeofday.  */
| #define dlopen innocuous_dlopen
| 
| /* System header to define __stub macros and hopefully few prototypes,
|     which can conflict with char dlopen (); below.
|     Prefer <limits.h> to <assert.h> if __STDC__ is defined, since
|     <limits.h> exists even on freestanding compilers.  */
| 
| #ifdef __STDC__
| # include <limits.h>
| #else
| # include <assert.h>
| #endif
| 
| #undef dlopen
| 
| /* Override any gcc2 internal prototype to avoid an error.  */
| #ifdef __cplusplus
| extern "C"
| {
| #endif
| /* We use char because int might match the return type of a gcc2
|    builtin and then its argument prototype would still apply.  */
| char dlopen ();
| /* The GNU C library defines this for functions which it implements
|     to always fail with ENOSYS.  Some functions are actually named
|     something starting with __ and the normal name is an alias.  */
| #if defined (__stub_dlopen) || defined (__stub___dlopen)
| choke me
| #else
| char (*f) () = dlopen;
| #endif
| #ifdef __cplusplus
| }
| #endif
| 
| int
| main ()
| {
| return f != dlopen;
|   ;
|   return 0;
| }
configure:8702: result: no
configure:8707: checking for dlopen in -ldl
configure:8737: gcc -o conftest -g -O2   conftest.c -ldl   >&5
configure:8743: $? = 0
configure:8747: test -z 
			 || test ! -s conftest.err
configure:8750: $? = 0
configure:8753: test -s conftest
configure:8756: $? = 0
configure:8769: result: yes
configure:8944: checking whether a program can dlopen itself
configure:9016: gcc -o conftest -g -O2  -DHAVE_DLFCN_H  -Wl,--export-dynamic conftest.c -ldl  >&5
configure: In function 'main':
configure:9012: warning: incompatible implicit declaration of built-in function 'exit'
configure:9019: $? = 0
configure:9037: result: yes
configure:9042: checking whether a statically linked program can dlopen itself
configure:9114: gcc -o conftest -g -O2  -DHAVE_DLFCN_H  -Wl,--export-dynamic  conftest.c -ldl  >&5
configure: In function 'main':
configure:9110: warning: incompatible implicit declaration of built-in function 'exit'
configure:9117: $? = 0
configure:9135: result: yes
configure:9158: checking if libtool supports shared libraries
configure:9160: result: yes
configure:9163: checking whether to build shared libraries
configure:9184: result: yes
configure:9187: checking whether to build static libraries
configure:9191: result: yes
configure:9283: creating libtool
configure:9861: checking for ld used by g++
configure:9928: result: /usr/bin/ld
configure:9937: checking if the linker (/usr/bin/ld) is GNU ld
configure:9952: result: yes
configure:10003: checking whether the g++ linker (/usr/bin/ld) supports shared libraries
configure:10890: result: yes
configure:10908: g++ -c -g -O2  conftest.cc >&5
configure:10911: $? = 0
configure:11007: checking for g++ option to produce PIC
configure:11275: result: -fPIC
configure:11283: checking if g++ PIC flag -fPIC works
configure:11301: g++ -c -g -O2  -fPIC -DPIC conftest.cc >&5
configure:11305: $? = 0
configure:11318: result: yes
configure:11342: checking if g++ supports -c -o file.o
configure:11363: g++ -c -g -O2  -o out/conftest2.o conftest.cc >&5
configure:11367: $? = 0
configure:11389: result: yes
configure:11415: checking whether the g++ linker (/usr/bin/ld) supports shared libraries
configure:11440: result: yes
configure:11511: checking dynamic linker characteristics
configure:12057: result: GNU/Linux ld.so
configure:12061: checking how to hardcode library paths into programs
configure:12086: result: immediate
configure:12100: checking whether stripping libraries is possible
configure:12105: result: yes
configure:12231: checking for shl_load
configure:12319: result: no
configure:12324: checking for shl_load in -ldld
configure:12386: result: no
configure:12391: checking for dlopen
configure:12479: result: no
configure:12484: checking for dlopen in -ldl
configure:12546: result: yes
configure:12721: checking whether a program can dlopen itself
configure:12814: result: yes
configure:12819: checking whether a statically linked program can dlopen itself
configure:12912: result: yes
configure:19709: checking for C++ compiler version
configure:19712: g++ --version </dev/null >&5
g++ (Ubuntu 4.3.3-5ubuntu4) 4.3.3
Copyright (C) 2008 Free Software Foundation, Inc.
This is free software; see the source for copying conditions.  There is NO
warranty; not even for MERCHANTABILITY or FITNESS FOR A PARTICULAR PURPOSE.

configure:19715: $? = 0
configure:19717: g++ -v </dev/null >&5
Using built-in specs.
Target: i486-linux-gnu
Configured with: ../src/configure -v --with-pkgversion='Ubuntu 4.3.3-5ubuntu4' --with-bugurl=file:///usr/share/doc/gcc-4.3/README.Bugs --enable-languages=c,c++,fortran,objc,obj-c++ --prefix=/usr --enable-shared --with-system-zlib --libexecdir=/usr/lib --without-included-gettext --enable-threads=posix --enable-nls --with-gxx-include-dir=/usr/include/c++/4.3 --program-suffix=-4.3 --enable-clocale=gnu --enable-libstdcxx-debug --enable-objc-gc --enable-mpfr --enable-targets=all --with-tune=generic --enable-checking=release --build=i486-linux-gnu --host=i486-linux-gnu --target=i486-linux-gnu
Thread model: posix
gcc version 4.3.3 (Ubuntu 4.3.3-5ubuntu4) 
configure:19720: $? = 0
configure:19722: g++ -V </dev/null >&5
g++: '-V' option must have argument
configure:19725: $? = 1
configure:19728: checking whether we are using the GNU C++ compiler
configure:19784: result: yes
configure:19790: checking whether g++ accepts -g
configure:19841: result: yes
configure:19883: g++ -c -g -O2  conftest.cc >&5
configure:19889: $? = 0
configure:19893: test -z 
			 || test ! -s conftest.err
configure:19896: $? = 0
configure:19899: test -s conftest.o
configure:19902: $? = 0
configure:19928: g++ -c -g -O2  conftest.cc >&5
configure:19934: $? = 0
configure:19938: test -z 
			 || test ! -s conftest.err
configure:19941: $? = 0
configure:19944: test -s conftest.o
configure:19947: $? = 0
configure:19972: checking dependency style of g++
configure:20062: result: gcc3
configure:20079: checking whether make sets $(MAKE)
configure:20099: result: yes
configure:20109: checking whether build environment is sane
configure:20152: result: yes
configure:20156: checking for pthread_exit in -lpthread
configure:20186: gcc -o conftest -g -O2   conftest.c -lpthread   >&5
configure:20192: $? = 0
configure:20196: test -z 
			 || test ! -s conftest.err
configure:20199: $? = 0
configure:20202: test -s conftest
configure:20205: $? = 0
configure:20218: result: yes
configure:20235: checking for SDL_Quit in -lSDL
configure:20265: gcc -o conftest -g -O2   conftest.c -lSDL -lpthread -lpthread  >&5
configure:20271: $? = 0
configure:20275: test -z 
			 || test ! -s conftest.err
configure:20278: $? = 0
configure:20281: test -s conftest
configure:20284: $? = 0
configure:20297: result: yes
configure:20314: checking for IMG_Load in -lSDL_image
configure:20344: gcc -o conftest -g -O2   conftest.c -lSDL_image -lpthread -lSDL -lpthread  >&5
configure:20350: $? = 0
configure:20354: test -z 
			 || test ! -s conftest.err
configure:20357: $? = 0
configure:20360: test -s conftest
configure:20363: $? = 0
configure:20376: result: yes
configure:20393: checking for abs in -lm
configure:20423: gcc -o conftest -g -O2   conftest.c -lm  -lSDL_image -lSDL -lpthread  >&5
conftest.c:35: warning: conflicting types for built-in function 'abs'
configure:20429: $? = 0
configure:20433: test -z 
			 || test ! -s conftest.err
configure:20436: $? = 0
configure:20439: test -s conftest
configure:20442: $? = 0
configure:20455: result: yes
configure:21019: checking for X
configure:21124: gcc -E  conftest.c
configure:21130: $? = 0
configure:21180: gcc -o conftest -g -O2   conftest.c -lXt -lm -lSDL_image -lSDL -lpthread  >&5
configure:21186: $? = 0
configure:21190: test -z 
			 || test ! -s conftest.err
configure:21193: $? = 0
configure:21196: test -s conftest
configure:21199: $? = 0
configure:21249: result: libraries , headers 
configure:21421: gcc -o conftest -g -O2   conftest.c -lm -lSDL_image -lSDL -lpthread   -lX11 >&5
configure:21427: $? = 0
configure:21431: test -z 
			 || test ! -s conftest.err
configure:21434: $? = 0
configure:21437: test -s conftest
configure:21440: $? = 0
configure:21598: checking for gethostbyname
configure:21655: gcc -o conftest -g -O2   conftest.c -lm -lSDL_image -lSDL -lpthread  >&5
configure:21661: $? = 0
configure:21665: test -z 
			 || test ! -s conftest.err
configure:21668: $? = 0
configure:21671: test -s conftest
configure:21674: $? = 0
configure:21686: result: yes
configure:21837: checking for connect
configure:21894: gcc -o conftest -g -O2   conftest.c -lm -lSDL_image -lSDL -lpthread  >&5
configure:21900: $? = 0
configure:21904: test -z 
			 || test ! -s conftest.err
configure:21907: $? = 0
configure:21910: test -s conftest
configure:21913: $? = 0
configure:21925: result: yes
configure:22000: checking for remove
configure:22057: gcc -o conftest -g -O2   conftest.c -lm -lSDL_image -lSDL -lpthread  >&5
configure:22063: $? = 0
configure:22067: test -z 
			 || test ! -s conftest.err
configure:22070: $? = 0
configure:22073: test -s conftest
configure:22076: $? = 0
configure:22088: result: yes
configure:22163: checking for shmat
configure:22220: gcc -o conftest -g -O2   conftest.c -lm -lSDL_image -lSDL -lpthread  >&5
configure:22226: $? = 0
configure:22230: test -z 
			 || test ! -s conftest.err
configure:22233: $? = 0
configure:22236: test -s conftest
configure:22239: $? = 0
configure:22251: result: yes
configure:22335: checking for IceConnectionNumber in -lICE
configure:22365: gcc -o conftest -g -O2   conftest.c -lICE  -lm -lSDL_image -lSDL -lpthread  >&5
configure:22371: $? = 0
configure:22375: test -z 
			 || test ! -s conftest.err
configure:22378: $? = 0
configure:22381: test -s conftest
configure:22384: $? = 0
configure:22397: result: yes
configure:22423: checking GL/gl.h usability
configure:22435: gcc -c -g -O2  conftest.c >&5
configure:22441: $? = 0
configure:22445: test -z 
			 || test ! -s conftest.err
configure:22448: $? = 0
configure:22451: test -s conftest.o
configure:22454: $? = 0
configure:22464: result: yes
configure:22468: checking GL/gl.h presence
configure:22478: gcc -E  conftest.c
configure:22484: $? = 0
configure:22504: result: yes
configure:22539: checking for GL/gl.h
configure:22546: result: yes
configure:22423: checking GL/glu.h usability
configure:22435: gcc -c -g -O2  conftest.c >&5
configure:22441: $? = 0
configure:22445: test -z 
			 || test ! -s conftest.err
configure:22448: $? = 0
configure:22451: test -s conftest.o
configure:22454: $? = 0
configure:22464: result: yes
configure:22468: checking GL/glu.h presence
configure:22478: gcc -E  conftest.c
configure:22484: $? = 0
configure:22504: result: yes
configure:22539: checking for GL/glu.h
configure:22546: result: yes
configure:22423: checking GL/glut.h usability
configure:22435: gcc -c -g -O2  conftest.c >&5
configure:22441: $? = 0
configure:22445: test -z 
			 || test ! -s conftest.err
configure:22448: $? = 0
configure:22451: test -s conftest.o
configure:22454: $? = 0
configure:22464: result: yes
configure:22468: checking GL/glut.h presence
configure:22478: gcc -E  conftest.c
configure:22484: $? = 0
configure:22504: result: yes
configure:22539: checking for GL/glut.h
configure:22546: result: yes
configure:22560: checking for glPushMatrix in -lGL
configure:22590: gcc -o conftest -g -O2   conftest.c -lGL  -lm -lSDL_image -lSDL -lpthread  >&5
configure:22596: $? = 0
configure:22600: test -z 
			 || test ! -s conftest.err
configure:22603: $? = 0
configure:22606: test -s conftest
configure:22609: $? = 0
configure:22622: result: yes
configure:22638: checking for gluLookAt in -lGLU
configure:22668: gcc -o conftest -g -O2   conftest.c -lGLU  -lGL -lm -lSDL_image -lSDL -lpthread  >&5
configure:22674: $? = 0
configure:22678: test -z 
			 || test ! -s conftest.err
configure:22681: $? = 0
configure:22684: test -s conftest
configure:22687: $? = 0
configure:22700: result: yes
configure:22716: checking for glutGetModifiers in -lglut
configure:22746: gcc -o conftest -g -O2   conftest.c -lglut -lGLU -lGL -lm -lSDL_image -lSDL -lpthread    -lSM -lICE -lpthread  -lm -lGLU -lGL -lm -lSDL_image -lSDL -lpthread  >&5
configure:22752: $? = 0
configure:22756: test -z 
			 || test ! -s conftest.err
configure:22759: $? = 0
configure:22762: test -s conftest
configure:22765: $? = 0
configure:22778: result: yes
configure:22803: checking checking gcc version
configure:22815: result: 
configure:22818: checking for ANSI C header files
configure:22974: result: yes
configure:22999: checking SDL/SDL_image.h usability
configure:23011: gcc -c -g -O2  conftest.c >&5
configure:23017: $? = 0
configure:23021: test -z 
			 || test ! -s conftest.err
configure:23024: $? = 0
configure:23027: test -s conftest.o
configure:23030: $? = 0
configure:23040: result: yes
configure:23044: checking SDL/SDL_image.h presence
configure:23054: gcc -E  conftest.c
configure:23060: $? = 0
configure:23080: result: yes
configure:23115: checking for SDL/SDL_image.h
configure:23122: result: yes
configure:22999: checking SDL/SDL.h usability
configure:23011: gcc -c -g -O2  conftest.c >&5
configure:23017: $? = 0
configure:23021: test -z 
			 || test ! -s conftest.err
configure:23024: $? = 0
configure:23027: test -s conftest.o
configure:23030: $? = 0
configure:23040: result: yes
configure:23044: checking SDL/SDL.h presence
configure:23054: gcc -E  conftest.c
configure:23060: $? = 0
configure:23080: result: yes
configure:23115: checking for SDL/SDL.h
configure:23122: result: yes
configure:23136: checking for an ANSI C-conforming const
configure:23203: gcc -c -g -O2  conftest.c >&5
configure:23209: $? = 0
configure:23213: test -z 
			 || test ! -s conftest.err
configure:23216: $? = 0
configure:23219: test -s conftest.o
configure:23222: $? = 0
configure:23233: result: yes
configure:23409: creating ./config.status

## ---------------------- ##
## Running config.status. ##
## ---------------------- ##

This file was extended by config.status, which was
generated by GNU Autoconf 2.59.  Invocation command line was

  CONFIG_FILES    = 
  CONFIG_HEADERS  = 
  CONFIG_LINKS    = 
  CONFIG_COMMANDS = 
  $ ./config.status 

on clansoft

config.status:782: creating Makefile
config.status:782: creating STARFIELD/Makefile
config.status:782: creating PLASMA/Makefile
config.status:782: creating COPPERBARS/Makefile
config.status:782: creating EXPLOSION/Makefile
config.status:782: creating FIRE/Makefile
config.status:782: creating CANDYBAR/Makefile
config.status:782: creating SINUSSCROLLER/Makefile
config.status:782: creating LENS/Makefile
config.status:782: creating JUMPINGSCROLL/Makefile
config.status:782: creating SHADEBOB/Makefile
config.status:782: creating COMMON/Makefile
config.status:782: creating BOBS/Makefile
config.status:782: creating UNLIMITEDBOBS/Makefile
config.status:782: creating ROTOZOOM/Makefile
config.status:782: creating EQUALIZER/Makefile
config.status:782: creating CIRCLESCROLLER/Makefile
config.status:782: creating SINEWAVE/Makefile
config.status:782: creating FLIPIMAGE/Makefile
config.status:782: creating WATER/Makefile
config.status:782: creating DOOMMELT/Makefile
config.status:782: creating SPIRALTWIST/Makefile
config.status:782: creating OPCODE-1.2/Makefile
config.status:782: creating WPCG/Makefile
config.status:782: creating DEMON/Makefile
config.status:782: creating BUMP2D/Makefile
config.status:782: creating TERRAIN/Makefile
config.status:782: creating UFOS/Makefile
config.status:782: creating PLASMACUBE/Makefile
config.status:782: creating TWINSCROLLER/Makefile
config.status:782: creating SPIRALSINESCROLL/Makefile
config.status:782: creating BARSCROLLER/Makefile
config.status:782: creating TUNNEL/Makefile
config.status:782: creating BLOB/Makefile
config.status:782: creating TUXTRAIL/Makefile
config.status:782: creating DEMONS/Makefile
config.status:782: creating MULTILAYER/Makefile
config.status:782: creating PLUGINS/Makefile
config.status:782: creating PLUGINS/PLASMA/Makefile
config.status:782: creating PLUGINS/FIRE/Makefile
config.status:782: creating PLUGINS/SINESCROLLER/Makefile
config.status:782: creating PLUGINS/JUMPINGSCROLLER/Makefile
config.status:782: creating PLUGINS/STARFIELD/Makefile
config.status:782: creating PLUGINS/COPPERBARS/Makefile
config.status:782: creating PLUGINS/LENS/Makefile
config.status:782: creating PLUGINS/FADE/Makefile
config.status:782: creating PLUGINS/CIRCLESCROLLER/Makefile
config.status:782: creating PLUGINS/RECTFILL/Makefile
config.status:782: creating RAYTRACER/Makefile
config.status:886: creating config.h
config.status:1020: config.h is unchanged
config.status:1200: executing depfiles commands
configure:24833: configuring in libltdl
configure:24950: running /bin/bash './configure' --prefix=/usr/local/tdec  --enable-ltdl-convenience --cache-file=/dev/null --srcdir=.

## ---------------- ##
## Cache variables. ##
## ---------------- ##

ac_cv_build=i686-pc-linux-gnu
ac_cv_build_alias=i686-pc-linux-gnu
ac_cv_c_compiler_gnu=yes
ac_cv_c_const=yes
ac_cv_cxx_compiler_gnu=yes
ac_cv_env_CC_set=
ac_cv_env_CC_value=
ac_cv_env_CFLAGS_set=
ac_cv_env_CFLAGS_value=
ac_cv_env_CPPFLAGS_set=
ac_cv_env_CPPFLAGS_value=
ac_cv_env_CPP_set=
ac_cv_env_CPP_value=
ac_cv_env_CXXCPP_set=
ac_cv_env_CXXCPP_value=
ac_cv_env_CXXFLAGS_set=
ac_cv_env_CXXFLAGS_value=
ac_cv_env_CXX_set=
ac_cv_env_CXX_value=
ac_cv_env_F77_set=
ac_cv_env_F77_value=
ac_cv_env_FFLAGS_set=
ac_cv_env_FFLAGS_value=
ac_cv_env_LDFLAGS_set=
ac_cv_env_LDFLAGS_value=
ac_cv_env_build_alias_set=
ac_cv_env_build_alias_value=
ac_cv_env_host_alias_set=
ac_cv_env_host_alias_value=
ac_cv_env_target_alias_set=
ac_cv_env_target_alias_value=
ac_cv_exeext=
ac_cv_f77_compiler_gnu=no
ac_cv_func_connect=yes
ac_cv_func_dlopen=no
ac_cv_func_gethostbyname=yes
ac_cv_func_remove=yes
ac_cv_func_shl_load=no
ac_cv_func_shmat=yes
ac_cv_have_x='have_x=yes 		ac_x_includes= ac_x_libraries='
ac_cv_header_GL_gl_h=yes
ac_cv_header_GL_glu_h=yes
ac_cv_header_GL_glut_h=yes
ac_cv_header_SDL_SDL_h=yes
ac_cv_header_SDL_SDL_image_h=yes
ac_cv_header_dlfcn_h=yes
ac_cv_header_inttypes_h=yes
ac_cv_header_memory_h=yes
ac_cv_header_stdc=yes
ac_cv_header_stdint_h=yes
ac_cv_header_stdlib_h=yes
ac_cv_header_string_h=yes
ac_cv_header_strings_h=yes
ac_cv_header_sys_stat_h=yes
ac_cv_header_sys_types_h=yes
ac_cv_header_unistd_h=yes
ac_cv_host=i686-pc-linux-gnu
ac_cv_host_alias=i686-pc-linux-gnu
ac_cv_lib_GLU_gluLookAt=yes
ac_cv_lib_GL_glPushMatrix=yes
ac_cv_lib_ICE_IceConnectionNumber=yes
ac_cv_lib_SDL_SDL_Quit=yes
ac_cv_lib_SDL_image_IMG_Load=yes
ac_cv_lib_dl_dlopen=yes
ac_cv_lib_dld_shl_load=no
ac_cv_lib_glut_glutGetModifiers=yes
ac_cv_lib_m_abs=yes
ac_cv_lib_pthread_pthread_exit=yes
ac_cv_objext=o
ac_cv_path_install='/usr/bin/install -c'
ac_cv_prog_AWK=gawk
ac_cv_prog_CPP='gcc -E'
ac_cv_prog_CXXCPP='g++ -E'
ac_cv_prog_ac_ct_AR=ar
ac_cv_prog_ac_ct_CC=gcc
ac_cv_prog_ac_ct_CXX=g++
ac_cv_prog_ac_ct_RANLIB=ranlib
ac_cv_prog_ac_ct_STRIP=strip
ac_cv_prog_cc_g=yes
ac_cv_prog_cc_stdc=
ac_cv_prog_cxx_g=yes
ac_cv_prog_egrep='grep -E'
ac_cv_prog_f77_g=no
ac_cv_prog_make_make_set=yes
ac_cv_target=i686-pc-linux-gnu
ac_cv_target_alias=i686-pc-linux-gnu
am_cv_CC_dependencies_compiler_type=gcc3
am_cv_CXX_dependencies_compiler_type=gcc3
lt_cv_deplibs_check_method=pass_all
lt_cv_dlopen=dlopen
lt_cv_dlopen_libs=-ldl
lt_cv_dlopen_self=yes
lt_cv_dlopen_self_static=yes
lt_cv_file_magic_cmd='$MAGIC_CMD'
lt_cv_file_magic_test_file=
lt_cv_ld_reload_flag=-r
lt_cv_objdir=.libs
lt_cv_path_LD=/usr/bin/ld
lt_cv_path_LDCXX=/usr/bin/ld
lt_cv_path_NM='/usr/bin/nm -B'
lt_cv_path_SED=/bin/sed
lt_cv_prog_compiler_c_o=yes
lt_cv_prog_compiler_c_o_CXX=yes
lt_cv_prog_compiler_rtti_exceptions=no
lt_cv_prog_gnu_ld=yes
lt_cv_prog_gnu_ldcxx=yes
lt_cv_sys_global_symbol_pipe='sed -n -e '\''s/^.*[ 	]\([ABCDGIRSTW][ABCDGIRSTW]*\)[ 	][ 	]*\([_A-Za-z][_A-Za-z0-9]*\)$/\1 \2 \2/p'\'''
lt_cv_sys_global_symbol_to_c_name_address='sed -n -e '\''s/^: \([^ ]*\) $/  {\"\1\", (lt_ptr) 0},/p'\'' -e '\''s/^[BCDEGRST] \([^ ]*\) \([^ ]*\)$/  {"\2", (lt_ptr) \&\2},/p'\'''
lt_cv_sys_global_symbol_to_cdecl='sed -n -e '\''s/^. .* \(.*\)$/extern int \1;/p'\'''
lt_cv_sys_max_cmd_len=32768
lt_lt_cv_prog_compiler_c_o='"yes"'
lt_lt_cv_prog_compiler_c_o_CXX='"yes"'
lt_lt_cv_sys_global_symbol_pipe='"sed -n -e '\''s/^.*[ 	]\\([ABCDGIRSTW][ABCDGIRSTW]*\\)[ 	][ 	]*\\([_A-Za-z][_A-Za-z0-9]*\\)\$/\\1 \\2 \\2/p'\''"'
lt_lt_cv_sys_global_symbol_to_c_name_address='"sed -n -e '\''s/^: \\([^ ]*\\) \$/  {\\\"\\1\\\", (lt_ptr) 0},/p'\'' -e '\''s/^[BCDEGRST] \\([^ ]*\\) \\([^ ]*\\)\$/  {\"\\2\", (lt_ptr) \\&\\2},/p'\''"'
lt_lt_cv_sys_global_symbol_to_cdecl='"sed -n -e '\''s/^. .* \\(.*\\)\$/extern int \\1;/p'\''"'

## ----------------- ##
## Output variables. ##
## ----------------- ##

ACLOCAL='aclocal-1.9'
AMDEPBACKSLASH='\'
AMDEP_FALSE='#'
AMDEP_TRUE=''
AMTAR='tar'
AR='ar'
AUTOCONF='autoconf'
AUTOHEADER='autoheader'
AUTOMAKE='automake-1.9'
AWK='gawk'
CC='gcc'
CCDEPMODE='depmode=gcc3'
CFLAGS='-g -O2 -I/usr/include/SDL -D_GNU_SOURCE=1 -D_REENTRANT -Wall -std=c89 -U__STRICT_ANSI__ -pedantic'
CPP='gcc -E'
CPPFLAGS=''
CXX='g++'
CXXCPP='g++ -E'
CXXDEPMODE='depmode=gcc3'
CXXFLAGS='-g -O2'
CYGPATH_W='echo'
DEFS='-DHAVE_CONFIG_H'
DEPDIR='.deps'
ECHO='echo'
ECHO_C=''
ECHO_N='-n'
ECHO_T=''
EGREP='grep -E'
EXEEXT=''
F77=''
FFLAGS=''
GCCVERSION3_FALSE='#'
GCCVERSION3_TRUE=''
INCLTDL='-I${top_srcdir}/libltdl'
INSTALL_DATA='${INSTALL} -m 644'
INSTALL_PROGRAM='${INSTALL}'
INSTALL_SCRIPT='${INSTALL}'
INSTALL_STRIP_PROGRAM='${SHELL} $(install_sh) -c -s'
LDFLAGS=''
LIBLTDL='${top_builddir}/libltdl/libltdlc.la'
LIBOBJS=''
LIBS='-lglut -lGLU -lGL -lm -lSDL_image -lSDL -lpthread    -lSM -lICE -lpthread -lX11 -lXi -lXext  -lm -L/usr/lib -lSDL'
LIBTOOL='$(SHELL) $(top_builddir)/libtool'
LIBTOOL_DEPS='./ltmain.sh'
LN_S='ln -s'
LTLIBOBJS=''
MAKEINFO='makeinfo'
MIKMOD_FALSE=''
MIKMOD_TRUE='#'
OBJEXT='o'
OPENGL_FALSE='#'
OPENGL_TRUE=''
PACKAGE='The_Demo_Effects_Collection'
PACKAGE_BUGREPORT=''
PACKAGE_NAME=''
PACKAGE_STRING=''
PACKAGE_TARNAME=''
PACKAGE_VERSION=''
PATH_SEPARATOR=':'
QUICKTIME_FALSE=''
QUICKTIME_TRUE='#'
RANLIB='ranlib'
SET_MAKE=''
SHELL='/bin/bash'
STRIP='strip'
VERSION='0.7.2'
X_CFLAGS=''
X_EXTRA_LIBS=''
X_LIBS=''
X_PRE_LIBS=' -lSM -lICE'
ac_ct_AR='ar'
ac_ct_CC='gcc'
ac_ct_CXX='g++'
ac_ct_F77=''
ac_ct_RANLIB='ranlib'
ac_ct_STRIP='strip'
am__fastdepCC_FALSE='#'
am__fastdepCC_TRUE=''
am__fastdepCXX_FALSE='#'
am__fastdepCXX_TRUE=''
am__include='include'
am__leading_dot='.'
am__quote=''
am__tar='${AMTAR} chof - "$$tardir"'
am__untar='${AMTAR} xf -'
bindir='${exec_prefix}/bin'
build='i686-pc-linux-gnu'
build_alias=''
build_cpu='i686'
build_os='linux-gnu'
build_vendor='pc'
datadir='${prefix}/share'
exec_prefix='${prefix}'
host='i686-pc-linux-gnu'
host_alias=''
host_cpu='i686'
host_os='linux-gnu'
host_vendor='pc'
includedir='${prefix}/include'
infodir='${prefix}/info'
install_sh='/home/cjxgm/Program/The_Demo_Effects_Collection-0.7.2/install-sh'
libdir='${exec_prefix}/lib'
libexecdir='${exec_prefix}/libexec'
localstatedir='${prefix}/var'
mandir='${prefix}/man'
mkdir_p='mkdir -p --'
oldincludedir='/usr/include'
prefix='/usr/local/tdec'
program_transform_name='s,x,x,'
sbindir='${exec_prefix}/sbin'
sharedstatedir='${prefix}/com'
subdirs=' libltdl'
sysconfdir='${prefix}/etc'
target='i686-pc-linux-gnu'
target_alias=''
target_cpu='i686'
target_os='linux-gnu'
target_vendor='pc'

## ----------- ##
## confdefs.h. ##
## ----------- ##

#define HAVE_DLFCN_H 1
#define HAVE_GL_GLUT_H 1
#define HAVE_GL_GLU_H 1
#define HAVE_GL_GL_H 1
#define HAVE_INTTYPES_H 1
#define HAVE_LIBGL 1
#define HAVE_LIBGLU 1
#define HAVE_LIBGLUT 1
#define HAVE_LIBM 1
#define HAVE_LIBPTHREAD 1
#define HAVE_LIBSDL 1
#define HAVE_LIBSDL_IMAGE 1
#define HAVE_MEMORY_H 1
#define HAVE_SDL_SDL_H 1
#define HAVE_SDL_SDL_IMAGE_H 1
#define HAVE_STDINT_H 1
#define HAVE_STDLIB_H 1
#define HAVE_STRINGS_H 1
#define HAVE_STRING_H 1
#define HAVE_SYS_STAT_H 1
#define HAVE_SYS_TYPES_H 1
#define HAVE_UNISTD_H 1
#define PACKAGE "The_Demo_Effects_Collection"
#define PACKAGE_BUGREPORT ""
#define PACKAGE_NAME ""
#define PACKAGE_STRING ""
#define PACKAGE_TARNAME ""
#define PACKAGE_VERSION ""
#define STDC_HEADERS 1
#define STDC_HEADERS 1
#define VERSION "0.7.2"
#endif
#ifdef __cplusplus
extern "C" void exit (int) throw ();

configure: exit 0
