This file contains any messages produced by compilers while
running configure, to aid debugging if configure makes a mistake.

It was created by karmen configure 0.15, which was
generated by GNU Autoconf 2.61.  Invocation command line was

  $ ./configure 

## --------- ##
## Platform. ##
## --------- ##

hostname = clansoft
uname -m = i686
uname -r = 2.6.28-19-generic
uname -s = Linux
uname -v = #66-Ubuntu SMP Sat Oct 16 17:39:04 UTC 2010

/usr/bin/uname -p = unknown
/bin/uname -X     = unknown

/bin/arch              = unknown
/usr/bin/arch -k       = unknown
/usr/convex/getsysinfo = unknown
/usr/bin/hostinfo      = unknown
/bin/machine           = unknown
/usr/bin/oslevel       = unknown
/bin/universe          = unknown

PATH: /home/cjxgm/bin
PATH: /usr/local/sbin
PATH: /usr/local/bin
PATH: /usr/sbin
PATH: /usr/bin
PATH: /sbin
PATH: /bin
PATH: /usr/games


## ----------- ##
## Core tests. ##
## ----------- ##

configure:1751: checking for a BSD-compatible install
configure:1807: result: /usr/bin/install -c
configure:1840: WARNING: `missing' script is too old or missing
configure:1881: checking for gawk
configure:1897: found /usr/bin/gawk
configure:1908: result: gawk
configure:1919: checking whether make sets $(MAKE)
configure:1940: result: yes
configure:2173: checking for gcc
configure:2189: found /usr/bin/gcc
configure:2200: result: gcc
configure:2438: checking for C compiler version
configure:2445: gcc --version >&5
gcc (Ubuntu 4.3.3-5ubuntu4) 4.3.3
Copyright (C) 2008 Free Software Foundation, Inc.
This is free software; see the source for copying conditions.  There is NO
warranty; not even for MERCHANTABILITY or FITNESS FOR A PARTICULAR PURPOSE.

configure:2448: $? = 0
configure:2455: gcc -v >&5
Using built-in specs.
Target: i486-linux-gnu
Configured with: ../src/configure -v --with-pkgversion='Ubuntu 4.3.3-5ubuntu4' --with-bugurl=file:///usr/share/doc/gcc-4.3/README.Bugs --enable-languages=c,c++,fortran,objc,obj-c++ --prefix=/usr --enable-shared --with-system-zlib --libexecdir=/usr/lib --without-included-gettext --enable-threads=posix --enable-nls --with-gxx-include-dir=/usr/include/c++/4.3 --program-suffix=-4.3 --enable-clocale=gnu --enable-libstdcxx-debug --enable-objc-gc --enable-mpfr --enable-targets=all --with-tune=generic --enable-checking=release --build=i486-linux-gnu --host=i486-linux-gnu --target=i486-linux-gnu
Thread model: posix
gcc version 4.3.3 (Ubuntu 4.3.3-5ubuntu4) 
configure:2458: $? = 0
configure:2465: gcc -V >&5
gcc: '-V' option must have argument
configure:2468: $? = 1
configure:2491: checking for C compiler default output file name
configure:2518: gcc    conftest.c  >&5
configure:2521: $? = 0
configure:2559: result: a.out
configure:2576: checking whether the C compiler works
configure:2586: ./a.out
configure:2589: $? = 0
configure:2606: result: yes
configure:2613: checking whether we are cross compiling
configure:2615: result: no
configure:2618: checking for suffix of executables
configure:2625: gcc -o conftest    conftest.c  >&5
configure:2628: $? = 0
configure:2652: result: 
configure:2658: checking for suffix of object files
configure:2684: gcc -c   conftest.c >&5
configure:2687: $? = 0
configure:2710: result: o
configure:2714: checking whether we are using the GNU C compiler
configure:2743: gcc -c   conftest.c >&5
configure:2749: $? = 0
configure:2766: result: yes
configure:2771: checking whether gcc accepts -g
configure:2801: gcc -c -g  conftest.c >&5
configure:2807: $? = 0
configure:2906: result: yes
configure:2923: checking for gcc option to accept ISO C89
configure:2997: gcc  -c -g -O2  conftest.c >&5
configure:3003: $? = 0
configure:3026: result: none needed
configure:3055: checking for style of include used by make
configure:3083: result: GNU
configure:3111: checking dependency style of gcc
configure:3201: result: gcc3
configure:3225: checking how to run the C preprocessor
configure:3265: gcc -E  conftest.c
configure:3271: $? = 0
configure:3302: gcc -E  conftest.c
conftest.c:10:28: error: ac_nonexistent.h: No such file or directory
configure:3308: $? = 1
configure: failed program was:
| /* confdefs.h.  */
| #define PACKAGE_NAME "karmen"
| #define PACKAGE_TARNAME "karmen"
| #define PACKAGE_VERSION "0.15"
| #define PACKAGE_STRING "karmen 0.15"
| #define PACKAGE_BUGREPORT "veenhuizen@users.sourceforge.net"
| #define PACKAGE "karmen"
| #define VERSION "0.15"
| /* end confdefs.h.  */
| #include <ac_nonexistent.h>
configure:3341: result: gcc -E
configure:3370: gcc -E  conftest.c
configure:3376: $? = 0
configure:3407: gcc -E  conftest.c
conftest.c:10:28: error: ac_nonexistent.h: No such file or directory
configure:3413: $? = 1
configure: failed program was:
| /* confdefs.h.  */
| #define PACKAGE_NAME "karmen"
| #define PACKAGE_TARNAME "karmen"
| #define PACKAGE_VERSION "0.15"
| #define PACKAGE_STRING "karmen 0.15"
| #define PACKAGE_BUGREPORT "veenhuizen@users.sourceforge.net"
| #define PACKAGE "karmen"
| #define VERSION "0.15"
| /* end confdefs.h.  */
| #include <ac_nonexistent.h>
configure:3451: checking for X
configure:3566: gcc -E  conftest.c
configure:3572: $? = 0
configure:3621: gcc -o conftest -g -O2   conftest.c -lX11  >&5
configure:3627: $? = 0
configure:3686: result: libraries , headers 
configure:3847: gcc -o conftest -g -O2   conftest.c   -lX11 >&5
configure:3853: $? = 0
configure:4010: checking for gethostbyname
configure:4066: gcc -o conftest -g -O2   conftest.c  >&5
configure:4072: $? = 0
configure:4089: result: yes
configure:4234: checking for connect
configure:4290: gcc -o conftest -g -O2   conftest.c  >&5
configure:4296: $? = 0
configure:4313: result: yes
configure:4385: checking for remove
configure:4441: gcc -o conftest -g -O2   conftest.c  >&5
configure:4447: $? = 0
configure:4464: result: yes
configure:4536: checking for shmat
configure:4592: gcc -o conftest -g -O2   conftest.c  >&5
configure:4598: $? = 0
configure:4615: result: yes
configure:4696: checking for IceConnectionNumber in -lICE
configure:4731: gcc -o conftest -g -O2   conftest.c -lICE   >&5
configure:4737: $? = 0
configure:4755: result: yes
configure:4943: creating ./config.status

## ---------------------- ##
## Running config.status. ##
## ---------------------- ##

This file was extended by karmen config.status 0.15, which was
generated by GNU Autoconf 2.61.  Invocation command line was

  CONFIG_FILES    = 
  CONFIG_HEADERS  = 
  CONFIG_LINKS    = 
  CONFIG_COMMANDS = 
  $ ./config.status 

on clansoft

config.status:622: creating Makefile
config.status:622: creating src/Makefile
config.status:807: executing depfiles commands

## ---------------- ##
## Cache variables. ##
## ---------------- ##

ac_cv_c_compiler_gnu=yes
ac_cv_env_CC_set=
ac_cv_env_CC_value=
ac_cv_env_CFLAGS_set=
ac_cv_env_CFLAGS_value=
ac_cv_env_CPPFLAGS_set=
ac_cv_env_CPPFLAGS_value=
ac_cv_env_CPP_set=
ac_cv_env_CPP_value=
ac_cv_env_LDFLAGS_set=
ac_cv_env_LDFLAGS_value=
ac_cv_env_LIBS_set=
ac_cv_env_LIBS_value=
ac_cv_env_XMKMF_set=
ac_cv_env_XMKMF_value=
ac_cv_env_build_alias_set=
ac_cv_env_build_alias_value=
ac_cv_env_host_alias_set=
ac_cv_env_host_alias_value=
ac_cv_env_target_alias_set=
ac_cv_env_target_alias_value=
ac_cv_func_connect=yes
ac_cv_func_gethostbyname=yes
ac_cv_func_remove=yes
ac_cv_func_shmat=yes
ac_cv_have_x='have_x=yes	ac_x_includes='\'''\''	ac_x_libraries='\'''\'''
ac_cv_lib_ICE_IceConnectionNumber=yes
ac_cv_objext=o
ac_cv_path_install='/usr/bin/install -c'
ac_cv_prog_AWK=gawk
ac_cv_prog_CPP='gcc -E'
ac_cv_prog_ac_ct_CC=gcc
ac_cv_prog_cc_c89=
ac_cv_prog_cc_g=yes
ac_cv_prog_make_make_set=yes
am_cv_CC_dependencies_compiler_type=gcc3

## ----------------- ##
## Output variables. ##
## ----------------- ##

ACLOCAL='aclocal-1.9'
AMDEPBACKSLASH='\'
AMDEP_FALSE='#'
AMDEP_TRUE=''
AMTAR='tar'
AUTOCONF='autoconf'
AUTOHEADER='autoheader'
AUTOMAKE='automake-1.9'
AWK='gawk'
CC='gcc'
CCDEPMODE='depmode=gcc3'
CFLAGS='-g -O2'
CONFIG_EWMH_FALSE='#'
CONFIG_EWMH_TRUE=''
CPP='gcc -E'
CPPFLAGS=''
CYGPATH_W='echo'
DEFS='-DPACKAGE_NAME=\"karmen\" -DPACKAGE_TARNAME=\"karmen\" -DPACKAGE_VERSION=\"0.15\" -DPACKAGE_STRING=\"karmen\ 0.15\" -DPACKAGE_BUGREPORT=\"veenhuizen@users.sourceforge.net\" -DPACKAGE=\"karmen\" -DVERSION=\"0.15\"'
DEPDIR='.deps'
ECHO_C=''
ECHO_N='-n'
ECHO_T=''
EXEEXT=''
INSTALL_DATA='${INSTALL} -m 644'
INSTALL_PROGRAM='${INSTALL}'
INSTALL_SCRIPT='${INSTALL}'
INSTALL_STRIP_PROGRAM='${SHELL} $(install_sh) -c -s'
LDFLAGS=''
LIBOBJS=''
LIBS=''
LTLIBOBJS=''
MAKEINFO='makeinfo'
OBJEXT='o'
PACKAGE='karmen'
PACKAGE_BUGREPORT='veenhuizen@users.sourceforge.net'
PACKAGE_NAME='karmen'
PACKAGE_STRING='karmen 0.15'
PACKAGE_TARNAME='karmen'
PACKAGE_VERSION='0.15'
PATH_SEPARATOR=':'
SET_MAKE=''
SHELL='/bin/bash'
STRIP=''
VERSION='0.15'
XMKMF=''
X_CFLAGS=''
X_EXTRA_LIBS=''
X_LIBS=''
X_PRE_LIBS=' -lSM -lICE'
ac_ct_CC='gcc'
am__fastdepCC_FALSE='#'
am__fastdepCC_TRUE=''
am__include='include'
am__leading_dot='.'
am__quote=''
am__tar='${AMTAR} chof - "$$tardir"'
am__untar='${AMTAR} xf -'
bindir='${exec_prefix}/bin'
build_alias=''
datadir='${datarootdir}'
datarootdir='${prefix}/share'
docdir='${datarootdir}/doc/${PACKAGE_TARNAME}'
dvidir='${docdir}'
exec_prefix='${prefix}'
host_alias=''
htmldir='${docdir}'
includedir='${prefix}/include'
infodir='${datarootdir}/info'
install_sh='/home/cjxgm/CLAN/clanjor/labs/window manager/karmen-0.15/install-sh'
libdir='${exec_prefix}/lib'
libexecdir='${exec_prefix}/libexec'
localedir='${datarootdir}/locale'
localstatedir='${prefix}/var'
mandir='${datarootdir}/man'
mkdir_p='mkdir -p --'
oldincludedir='/usr/include'
pdfdir='${docdir}'
prefix='/usr/local'
program_transform_name='s,x,x,'
psdir='${docdir}'
sbindir='${exec_prefix}/sbin'
sharedstatedir='${prefix}/com'
sysconfdir='${prefix}/etc'
target_alias=''

## ----------- ##
## confdefs.h. ##
## ----------- ##

#define PACKAGE_NAME "karmen"
#define PACKAGE_TARNAME "karmen"
#define PACKAGE_VERSION "0.15"
#define PACKAGE_STRING "karmen 0.15"
#define PACKAGE_BUGREPORT "veenhuizen@users.sourceforge.net"
#define PACKAGE "karmen"
#define VERSION "0.15"

configure: exit 0
