This file contains any messages produced by compilers while
running configure, to aid debugging if configure makes a mistake.

It was created by openbox configure 3.4.11.2, which was
generated by GNU Autoconf 2.65.  Invocation command line was

  $ ./configure 

## --------- ##
## Platform. ##
## --------- ##

hostname = clansoft
uname -m = i686
uname -r = 2.6.28-19-generic
uname -s = Linux
uname -v = #66-Ubuntu SMP Sat Oct 16 17:39:04 UTC 2010

/usr/bin/uname -p = unknown
/bin/uname -X     = unknown

/bin/arch              = unknown
/usr/bin/arch -k       = unknown
/usr/convex/getsysinfo = unknown
/usr/bin/hostinfo      = unknown
/bin/machine           = unknown
/usr/bin/oslevel       = unknown
/bin/universe          = unknown

PATH: /home/cjxgm/bin
PATH: /usr/local/sbin
PATH: /usr/local/bin
PATH: /usr/sbin
PATH: /usr/bin
PATH: /sbin
PATH: /bin
PATH: /usr/games


## ----------- ##
## Core tests. ##
## ----------- ##

configure:2464: checking for a BSD-compatible install
configure:2532: result: /usr/bin/install -c
configure:2543: checking whether build environment is sane
configure:2580: result: yes
configure:2601: WARNING: `missing' script is too old or missing
configure:2642: checking for gawk
configure:2658: found /usr/bin/gawk
configure:2669: result: gawk
configure:2680: checking whether make sets $(MAKE)
configure:2702: result: yes
configure:2912: checking build type
configure:2967: result: RELEASE
configure:2987: checking for style of include used by make
configure:3015: result: GNU
configure:3088: checking for gcc
configure:3104: found /usr/bin/gcc
configure:3115: result: gcc
configure:3344: checking for C compiler version
configure:3353: gcc --version >&5
gcc (Ubuntu 4.3.3-5ubuntu4) 4.3.3
Copyright (C) 2008 Free Software Foundation, Inc.
This is free software; see the source for copying conditions.  There is NO
warranty; not even for MERCHANTABILITY or FITNESS FOR A PARTICULAR PURPOSE.

configure:3364: $? = 0
configure:3353: gcc -v >&5
Using built-in specs.
Target: i486-linux-gnu
Configured with: ../src/configure -v --with-pkgversion='Ubuntu 4.3.3-5ubuntu4' --with-bugurl=file:///usr/share/doc/gcc-4.3/README.Bugs --enable-languages=c,c++,fortran,objc,obj-c++ --prefix=/usr --enable-shared --with-system-zlib --libexecdir=/usr/lib --without-included-gettext --enable-threads=posix --enable-nls --with-gxx-include-dir=/usr/include/c++/4.3 --program-suffix=-4.3 --enable-clocale=gnu --enable-libstdcxx-debug --enable-objc-gc --enable-mpfr --enable-targets=all --with-tune=generic --enable-checking=release --build=i486-linux-gnu --host=i486-linux-gnu --target=i486-linux-gnu
Thread model: posix
gcc version 4.3.3 (Ubuntu 4.3.3-5ubuntu4) 
configure:3364: $? = 0
configure:3353: gcc -V >&5
gcc: '-V' option must have argument
configure:3364: $? = 1
configure:3353: gcc -qversion >&5
gcc: unrecognized option '-qversion'
gcc: no input files
configure:3364: $? = 1
configure:3384: checking whether the C compiler works
configure:3406: gcc    conftest.c  >&5
configure:3410: $? = 0
configure:3459: result: yes
configure:3462: checking for C compiler default output file name
configure:3464: result: a.out
configure:3470: checking for suffix of executables
configure:3477: gcc -o conftest    conftest.c  >&5
configure:3481: $? = 0
configure:3503: result: 
configure:3525: checking whether we are cross compiling
configure:3533: gcc -o conftest    conftest.c  >&5
configure:3537: $? = 0
configure:3544: ./conftest
configure:3548: $? = 0
configure:3563: result: no
configure:3568: checking for suffix of object files
configure:3590: gcc -c   conftest.c >&5
configure:3594: $? = 0
configure:3615: result: o
configure:3619: checking whether we are using the GNU C compiler
configure:3638: gcc -c   conftest.c >&5
configure:3638: $? = 0
configure:3647: result: yes
configure:3656: checking whether gcc accepts -g
configure:3676: gcc -c -g  conftest.c >&5
configure:3676: $? = 0
configure:3717: result: yes
configure:3734: checking for gcc option to accept ISO C89
configure:3798: gcc  -c -g -O2  conftest.c >&5
configure:3798: $? = 0
configure:3811: result: none needed
configure:3833: checking dependency style of gcc
configure:3923: result: gcc3
configure:3941: checking whether gcc and cc understand -c and -o together
configure:3972: gcc -c conftest.c -o conftest2.o >&5
configure:3976: $? = 0
configure:3982: gcc -c conftest.c -o conftest2.o >&5
configure:3986: $? = 0
configure:3997: cc -c conftest.c >&5
configure:4001: $? = 0
configure:4009: cc -c conftest.c -o conftest2.o >&5
configure:4013: $? = 0
configure:4019: cc -c conftest.c -o conftest2.o >&5
configure:4023: $? = 0
configure:4041: result: yes
configure:4069: checking how to run the C preprocessor
configure:4100: gcc -E  conftest.c
configure:4100: $? = 0
configure:4114: gcc -E  conftest.c
conftest.c:11:28: error: ac_nonexistent.h: No such file or directory
configure:4114: $? = 1
configure: failed program was:
| /* confdefs.h */
| #define PACKAGE_NAME "openbox"
| #define PACKAGE_TARNAME "openbox"
| #define PACKAGE_VERSION "3.4.11.2"
| #define PACKAGE_STRING "openbox 3.4.11.2"
| #define PACKAGE_BUGREPORT "http://bugzilla.icculus.org"
| #define PACKAGE_URL ""
| #define PACKAGE "openbox"
| #define VERSION "3.4.11.2"
| /* end confdefs.h.  */
| #include <ac_nonexistent.h>
configure:4139: result: gcc -E
configure:4159: gcc -E  conftest.c
configure:4159: $? = 0
configure:4173: gcc -E  conftest.c
conftest.c:11:28: error: ac_nonexistent.h: No such file or directory
configure:4173: $? = 1
configure: failed program was:
| /* confdefs.h */
| #define PACKAGE_NAME "openbox"
| #define PACKAGE_TARNAME "openbox"
| #define PACKAGE_VERSION "3.4.11.2"
| #define PACKAGE_STRING "openbox 3.4.11.2"
| #define PACKAGE_BUGREPORT "http://bugzilla.icculus.org"
| #define PACKAGE_URL ""
| #define PACKAGE "openbox"
| #define VERSION "3.4.11.2"
| /* end confdefs.h.  */
| #include <ac_nonexistent.h>
configure:4215: checking for GNU CC
configure:4218: result: yes
configure:4238: checking for compiler specific flags
configure:4240: result: -DNDEBUG -DG_DISABLE_ASSERT -fno-strict-aliasing
configure:4246: checking for an ANSI C-conforming const
configure:4311: gcc -c -g -O2 -DNDEBUG -DG_DISABLE_ASSERT -fno-strict-aliasing  conftest.c >&5
configure:4311: $? = 0
configure:4318: result: yes
configure:4326: checking for inline
configure:4342: gcc -c -g -O2 -DNDEBUG -DG_DISABLE_ASSERT -fno-strict-aliasing  conftest.c >&5
configure:4342: $? = 0
configure:4350: result: inline
configure:4371: WARNING: Libtool does not cope well with whitespace in `pwd`
configure:4398: checking build system type
configure:4412: result: i686-pc-linux-gnu
configure:4432: checking host system type
configure:4445: result: i686-pc-linux-gnu
configure:4465: checking for a sed that does not truncate output
configure:4529: result: /bin/sed
configure:4547: checking for grep that handles long lines and -e
configure:4605: result: /bin/grep
configure:4610: checking for egrep
configure:4672: result: /bin/grep -E
configure:4677: checking for fgrep
configure:4739: result: /bin/grep -F
configure:4774: checking for ld used by gcc
configure:4841: result: /usr/bin/ld
configure:4848: checking if the linker (/usr/bin/ld) is GNU ld
configure:4863: result: yes
configure:4875: checking for BSD- or MS-compatible name lister (nm)
configure:4924: result: /usr/bin/nm -B
configure:5042: checking the name lister (/usr/bin/nm -B) interface
configure:5049: gcc -c -g -O2 -DNDEBUG -DG_DISABLE_ASSERT -fno-strict-aliasing  conftest.c >&5
configure:5052: /usr/bin/nm -B "conftest.o"
configure:5055: output
00000000 B some_variable
configure:5062: result: BSD nm
configure:5065: checking whether ln -s works
configure:5069: result: yes
configure:5077: checking the maximum length of command line arguments
configure:5197: result: 1572864
configure:5214: checking whether the shell understands some XSI constructs
configure:5224: result: yes
configure:5228: checking whether the shell understands "+="
configure:5234: result: yes
configure:5269: checking for /usr/bin/ld option to reload object files
configure:5276: result: -r
configure:5345: checking for objdump
configure:5361: found /usr/bin/objdump
configure:5372: result: objdump
configure:5404: checking how to recognize dependent libraries
configure:5600: result: pass_all
configure:5660: checking for ar
configure:5676: found /usr/bin/ar
configure:5687: result: ar
configure:5765: checking for strip
configure:5781: found /usr/bin/strip
configure:5792: result: strip
configure:5864: checking for ranlib
configure:5880: found /usr/bin/ranlib
configure:5891: result: ranlib
configure:5981: checking command to parse /usr/bin/nm -B output from gcc object
configure:6099: gcc -c -g -O2 -DNDEBUG -DG_DISABLE_ASSERT -fno-strict-aliasing  conftest.c >&5
configure:6102: $? = 0
configure:6106: /usr/bin/nm -B conftest.o \| sed -n -e 's/^.*[	 ]\([ABCDGIRSTW][ABCDGIRSTW]*\)[	 ][	 ]*\([_A-Za-z][_A-Za-z0-9]*\)$/\1 \2 \2/p' \> conftest.nm
configure:6109: $? = 0
configure:6163: gcc -o conftest -g -O2 -DNDEBUG -DG_DISABLE_ASSERT -fno-strict-aliasing   conftest.c conftstm.o >&5
configure:6166: $? = 0
configure:6204: result: ok
configure:7008: checking for ANSI C header files
configure:7028: gcc -c -g -O2 -DNDEBUG -DG_DISABLE_ASSERT -fno-strict-aliasing  conftest.c >&5
configure:7028: $? = 0
configure:7101: gcc -o conftest -g -O2 -DNDEBUG -DG_DISABLE_ASSERT -fno-strict-aliasing   conftest.c   >&5
configure:7101: $? = 0
configure:7101: ./conftest
configure:7101: $? = 0
configure:7112: result: yes
configure:7125: checking for sys/types.h
configure:7125: gcc -c -g -O2 -DNDEBUG -DG_DISABLE_ASSERT -fno-strict-aliasing  conftest.c >&5
configure:7125: $? = 0
configure:7125: result: yes
configure:7125: checking for sys/stat.h
configure:7125: gcc -c -g -O2 -DNDEBUG -DG_DISABLE_ASSERT -fno-strict-aliasing  conftest.c >&5
configure:7125: $? = 0
configure:7125: result: yes
configure:7125: checking for stdlib.h
configure:7125: gcc -c -g -O2 -DNDEBUG -DG_DISABLE_ASSERT -fno-strict-aliasing  conftest.c >&5
configure:7125: $? = 0
configure:7125: result: yes
configure:7125: checking for string.h
configure:7125: gcc -c -g -O2 -DNDEBUG -DG_DISABLE_ASSERT -fno-strict-aliasing  conftest.c >&5
configure:7125: $? = 0
configure:7125: result: yes
configure:7125: checking for memory.h
configure:7125: gcc -c -g -O2 -DNDEBUG -DG_DISABLE_ASSERT -fno-strict-aliasing  conftest.c >&5
configure:7125: $? = 0
configure:7125: result: yes
configure:7125: checking for strings.h
configure:7125: gcc -c -g -O2 -DNDEBUG -DG_DISABLE_ASSERT -fno-strict-aliasing  conftest.c >&5
configure:7125: $? = 0
configure:7125: result: yes
configure:7125: checking for inttypes.h
configure:7125: gcc -c -g -O2 -DNDEBUG -DG_DISABLE_ASSERT -fno-strict-aliasing  conftest.c >&5
configure:7125: $? = 0
configure:7125: result: yes
configure:7125: checking for stdint.h
configure:7125: gcc -c -g -O2 -DNDEBUG -DG_DISABLE_ASSERT -fno-strict-aliasing  conftest.c >&5
configure:7125: $? = 0
configure:7125: result: yes
configure:7125: checking for unistd.h
configure:7125: gcc -c -g -O2 -DNDEBUG -DG_DISABLE_ASSERT -fno-strict-aliasing  conftest.c >&5
configure:7125: $? = 0
configure:7125: result: yes
configure:7140: checking for dlfcn.h
configure:7140: gcc -c -g -O2 -DNDEBUG -DG_DISABLE_ASSERT -fno-strict-aliasing  conftest.c >&5
configure:7140: $? = 0
configure:7140: result: yes
configure:7324: checking for objdir
configure:7339: result: .libs
configure:7635: checking if gcc supports -fno-rtti -fno-exceptions
configure:7653: gcc -c -g -O2 -DNDEBUG -DG_DISABLE_ASSERT -fno-strict-aliasing  -fno-rtti -fno-exceptions conftest.c >&5
cc1: warning: command line option "-fno-rtti" is valid for C++/ObjC++ but not for C
configure:7657: $? = 0
configure:7670: result: no
configure:7690: checking for gcc option to produce PIC
configure:7962: result: -fPIC -DPIC
configure:7974: checking if gcc PIC flag -fPIC -DPIC works
configure:7992: gcc -c -g -O2 -DNDEBUG -DG_DISABLE_ASSERT -fno-strict-aliasing  -fPIC -DPIC -DPIC conftest.c >&5
configure:7996: $? = 0
configure:8009: result: yes
configure:8033: checking if gcc static flag -static works
configure:8061: result: yes
configure:8076: checking if gcc supports -c -o file.o
configure:8097: gcc -c -g -O2 -DNDEBUG -DG_DISABLE_ASSERT -fno-strict-aliasing  -o out/conftest2.o conftest.c >&5
configure:8101: $? = 0
configure:8123: result: yes
configure:8131: checking if gcc supports -c -o file.o
configure:8178: result: yes
configure:8211: checking whether the gcc linker (/usr/bin/ld) supports shared libraries
configure:9197: result: yes
configure:9234: checking whether -lc should be explicitly linked in
configure:9239: gcc -c -g -O2 -DNDEBUG -DG_DISABLE_ASSERT -fno-strict-aliasing  conftest.c >&5
configure:9242: $? = 0
configure:9257: gcc -shared conftest.o  -v -Wl,-soname -Wl,conftest -o conftest 2\>\&1 \| /bin/grep  -lc  \>/dev/null 2\>\&1
configure:9260: $? = 0
configure:9272: result: no
configure:9436: checking dynamic linker characteristics
configure:9882: gcc -o conftest -g -O2 -DNDEBUG -DG_DISABLE_ASSERT -fno-strict-aliasing   -Wl,-rpath -Wl,/foo conftest.c   >&5
configure:9882: $? = 0
configure:10100: result: GNU/Linux ld.so
configure:10202: checking how to hardcode library paths into programs
configure:10227: result: immediate
configure:10747: checking whether stripping libraries is possible
configure:10752: result: yes
configure:10787: checking if libtool supports shared libraries
configure:10789: result: yes
configure:10792: checking whether to build shared libraries
configure:10813: result: yes
configure:10816: checking whether to build static libraries
configure:10820: result: yes
configure:10862: checking whether NLS is requested
configure:10871: result: yes
configure:10909: checking for msgfmt
configure: trying /usr/bin/msgfmt...
0 translated messages.
configure:10941: result: /usr/bin/msgfmt
configure:10950: checking for gmsgfmt
configure:10981: result: /usr/bin/msgfmt
configure:11032: checking for xgettext
configure: trying /usr/bin/xgettext...
/usr/bin/xgettext: warning: file `/dev/null' extension `' is unknown; will try C
configure:11064: result: /usr/bin/xgettext
configure:11110: checking for msgmerge
configure: trying /usr/bin/msgmerge...
configure:11141: result: /usr/bin/msgmerge
configure:11195: checking for ld used by GCC
configure:11259: result: /usr/bin/ld
configure:11266: checking if the linker (/usr/bin/ld) is GNU ld
configure:11279: result: yes
configure:11286: checking for shared library run path origin
configure:11299: result: done
configure:11735: checking for CFPreferencesCopyAppValue
configure:11753: gcc -o conftest -g -O2 -DNDEBUG -DG_DISABLE_ASSERT -fno-strict-aliasing   conftest.c   -Wl,-framework -Wl,CoreFoundation >&5
conftest.c:23:42: error: CoreFoundation/CFPreferences.h: No such file or directory
conftest.c: In function 'main':
conftest.c:27: error: 'NULL' undeclared (first use in this function)
conftest.c:27: error: (Each undeclared identifier is reported only once
conftest.c:27: error: for each function it appears in.)
configure:11753: $? = 1
configure: failed program was:
| /* confdefs.h */
| #define PACKAGE_NAME "openbox"
| #define PACKAGE_TARNAME "openbox"
| #define PACKAGE_VERSION "3.4.11.2"
| #define PACKAGE_STRING "openbox 3.4.11.2"
| #define PACKAGE_BUGREPORT "http://bugzilla.icculus.org"
| #define PACKAGE_URL ""
| #define PACKAGE "openbox"
| #define VERSION "3.4.11.2"
| #define STDC_HEADERS 1
| #define HAVE_SYS_TYPES_H 1
| #define HAVE_SYS_STAT_H 1
| #define HAVE_STDLIB_H 1
| #define HAVE_STRING_H 1
| #define HAVE_MEMORY_H 1
| #define HAVE_STRINGS_H 1
| #define HAVE_INTTYPES_H 1
| #define HAVE_STDINT_H 1
| #define HAVE_UNISTD_H 1
| #define HAVE_DLFCN_H 1
| #define LT_OBJDIR ".libs/"
| /* end confdefs.h.  */
| #include <CoreFoundation/CFPreferences.h>
| int
| main ()
| {
| CFPreferencesCopyAppValue(NULL, NULL)
|   ;
|   return 0;
| }
configure:11762: result: no
configure:11769: checking for CFLocaleCopyCurrent
configure:11787: gcc -o conftest -g -O2 -DNDEBUG -DG_DISABLE_ASSERT -fno-strict-aliasing   conftest.c   -Wl,-framework -Wl,CoreFoundation >&5
conftest.c:23:37: error: CoreFoundation/CFLocale.h: No such file or directory
configure:11787: $? = 1
configure: failed program was:
| /* confdefs.h */
| #define PACKAGE_NAME "openbox"
| #define PACKAGE_TARNAME "openbox"
| #define PACKAGE_VERSION "3.4.11.2"
| #define PACKAGE_STRING "openbox 3.4.11.2"
| #define PACKAGE_BUGREPORT "http://bugzilla.icculus.org"
| #define PACKAGE_URL ""
| #define PACKAGE "openbox"
| #define VERSION "3.4.11.2"
| #define STDC_HEADERS 1
| #define HAVE_SYS_TYPES_H 1
| #define HAVE_SYS_STAT_H 1
| #define HAVE_STDLIB_H 1
| #define HAVE_STRING_H 1
| #define HAVE_MEMORY_H 1
| #define HAVE_STRINGS_H 1
| #define HAVE_INTTYPES_H 1
| #define HAVE_STDINT_H 1
| #define HAVE_UNISTD_H 1
| #define HAVE_DLFCN_H 1
| #define LT_OBJDIR ".libs/"
| /* end confdefs.h.  */
| #include <CoreFoundation/CFLocale.h>
| int
| main ()
| {
| CFLocaleCopyCurrent();
|   ;
|   return 0;
| }
configure:11796: result: no
configure:11825: checking for GNU gettext in libc
configure:11844: gcc -o conftest -g -O2 -DNDEBUG -DG_DISABLE_ASSERT -fno-strict-aliasing   conftest.c   >&5
configure:11844: $? = 0
configure:11852: result: yes
configure:12441: checking whether to use NLS
configure:12443: result: yes
configure:12446: checking where the gettext function comes from
configure:12457: result: libc
configure:12518: checking ctype.h usability
configure:12518: gcc -c -g -O2 -DNDEBUG -DG_DISABLE_ASSERT -fno-strict-aliasing  conftest.c >&5
configure:12518: $? = 0
configure:12518: result: yes
configure:12518: checking ctype.h presence
configure:12518: gcc -E  conftest.c
configure:12518: $? = 0
configure:12518: result: yes
configure:12518: checking for ctype.h
configure:12518: result: yes
configure:12518: checking fcntl.h usability
configure:12518: gcc -c -g -O2 -DNDEBUG -DG_DISABLE_ASSERT -fno-strict-aliasing  conftest.c >&5
configure:12518: $? = 0
configure:12518: result: yes
configure:12518: checking fcntl.h presence
configure:12518: gcc -E  conftest.c
configure:12518: $? = 0
configure:12518: result: yes
configure:12518: checking for fcntl.h
configure:12518: result: yes
configure:12518: checking locale.h usability
configure:12518: gcc -c -g -O2 -DNDEBUG -DG_DISABLE_ASSERT -fno-strict-aliasing  conftest.c >&5
configure:12518: $? = 0
configure:12518: result: yes
configure:12518: checking locale.h presence
configure:12518: gcc -E  conftest.c
configure:12518: $? = 0
configure:12518: result: yes
configure:12518: checking for locale.h
configure:12518: result: yes
configure:12518: checking signal.h usability
configure:12518: gcc -c -g -O2 -DNDEBUG -DG_DISABLE_ASSERT -fno-strict-aliasing  conftest.c >&5
configure:12518: $? = 0
configure:12518: result: yes
configure:12518: checking signal.h presence
configure:12518: gcc -E  conftest.c
configure:12518: $? = 0
configure:12518: result: yes
configure:12518: checking for signal.h
configure:12518: result: yes
configure:12518: checking for string.h
configure:12518: result: yes
configure:12518: checking stdio.h usability
configure:12518: gcc -c -g -O2 -DNDEBUG -DG_DISABLE_ASSERT -fno-strict-aliasing  conftest.c >&5
configure:12518: $? = 0
configure:12518: result: yes
configure:12518: checking stdio.h presence
configure:12518: gcc -E  conftest.c
configure:12518: $? = 0
configure:12518: result: yes
configure:12518: checking for stdio.h
configure:12518: result: yes
configure:12518: checking for stdlib.h
configure:12518: result: yes
configure:12532: checking for unistd.h
configure:12532: result: yes
configure:12532: checking for sys/stat.h
configure:12532: result: yes
configure:12532: checking sys/select.h usability
configure:12532: gcc -c -g -O2 -DNDEBUG -DG_DISABLE_ASSERT -fno-strict-aliasing  conftest.c >&5
configure:12532: $? = 0
configure:12532: result: yes
configure:12532: checking sys/select.h presence
configure:12532: gcc -E  conftest.c
configure:12532: $? = 0
configure:12532: result: yes
configure:12532: checking for sys/select.h
configure:12532: result: yes
configure:12532: checking sys/time.h usability
configure:12532: gcc -c -g -O2 -DNDEBUG -DG_DISABLE_ASSERT -fno-strict-aliasing  conftest.c >&5
configure:12532: $? = 0
configure:12532: result: yes
configure:12532: checking sys/time.h presence
configure:12532: gcc -E  conftest.c
configure:12532: $? = 0
configure:12532: result: yes
configure:12532: checking for sys/time.h
configure:12532: result: yes
configure:12532: checking sys/wait.h usability
configure:12532: gcc -c -g -O2 -DNDEBUG -DG_DISABLE_ASSERT -fno-strict-aliasing  conftest.c >&5
configure:12532: $? = 0
configure:12532: result: yes
configure:12532: checking sys/wait.h presence
configure:12532: gcc -E  conftest.c
configure:12532: $? = 0
configure:12532: result: yes
configure:12532: checking for sys/wait.h
configure:12532: result: yes
configure:12548: checking for sed
configure:12579: result: /bin/sed
configure:12640: checking for pkg-config
configure:12658: found /usr/bin/pkg-config
configure:12670: result: /usr/bin/pkg-config
configure:12695: checking pkg-config is at least version 0.9.0
configure:12698: result: yes
configure:12709: checking for GLIB
configure:12716: $PKG_CONFIG --exists --print-errors "glib-2.0 >= 2.14.0"
configure:12719: $? = 0
configure:12732: $PKG_CONFIG --exists --print-errors "glib-2.0 >= 2.14.0"
configure:12735: $? = 0
configure:12789: result: yes
configure:12798: checking for PANGO
configure:12805: $PKG_CONFIG --exists --print-errors "pango >= 1.8.0 pangoxft >= 1.8.0"
configure:12808: $? = 0
configure:12821: $PKG_CONFIG --exists --print-errors "pango >= 1.8.0 pangoxft >= 1.8.0"
configure:12824: $? = 0
configure:12878: result: yes
configure:12887: checking for XFT
configure:12894: $PKG_CONFIG --exists --print-errors "xft"
configure:12897: $? = 0
configure:12910: $PKG_CONFIG --exists --print-errors "xft"
configure:12913: $? = 0
configure:12967: result: yes
configure:12976: checking for XML
configure:12983: $PKG_CONFIG --exists --print-errors "libxml-2.0 >= 2.6.0"
configure:12986: $? = 0
configure:12999: $PKG_CONFIG --exists --print-errors "libxml-2.0 >= 2.6.0"
configure:13002: $? = 0
configure:13056: result: yes
configure:13075: checking for LIBSN
configure:13082: $PKG_CONFIG --exists --print-errors "libstartup-notification-1.0 >= 0.8"
Package libstartup-notification-1.0 was not found in the pkg-config search path.
Perhaps you should add the directory containing `libstartup-notification-1.0.pc'
to the PKG_CONFIG_PATH environment variable
No package 'libstartup-notification-1.0' found
configure:13085: $? = 1
configure:13098: $PKG_CONFIG --exists --print-errors "libstartup-notification-1.0 >= 0.8"
Package libstartup-notification-1.0 was not found in the pkg-config search path.
Perhaps you should add the directory containing `libstartup-notification-1.0.pc'
to the PKG_CONFIG_PATH environment variable
No package 'libstartup-notification-1.0' found
configure:13101: $? = 1
No package 'libstartup-notification-1.0' found
configure:13128: result: no
configure:13169: checking for XCURSOR
configure:13176: $PKG_CONFIG --exists --print-errors "xcursor"
configure:13179: $? = 0
configure:13192: $PKG_CONFIG --exists --print-errors "xcursor"
configure:13195: $? = 0
configure:13236: result: yes
configure:13251: checking for X
configure:13359: gcc -E  conftest.c
configure:13359: $? = 0
configure:13390: gcc -o conftest -g -O2 -DNDEBUG -DG_DISABLE_ASSERT -fno-strict-aliasing   conftest.c -lX11   >&5
configure:13390: $? = 0
configure:13440: result: libraries , headers 
configure:13540: gcc -o conftest -g -O2 -DNDEBUG -DG_DISABLE_ASSERT -fno-strict-aliasing   conftest.c    -lX11 >&5
configure:13540: $? = 0
configure:13638: checking for gethostbyname
configure:13638: gcc -o conftest -g -O2 -DNDEBUG -DG_DISABLE_ASSERT -fno-strict-aliasing   conftest.c   >&5
configure:13638: $? = 0
configure:13638: result: yes
configure:13735: checking for connect
configure:13735: gcc -o conftest -g -O2 -DNDEBUG -DG_DISABLE_ASSERT -fno-strict-aliasing   conftest.c   >&5
configure:13735: $? = 0
configure:13735: result: yes
configure:13784: checking for remove
configure:13784: gcc -o conftest -g -O2 -DNDEBUG -DG_DISABLE_ASSERT -fno-strict-aliasing   conftest.c   >&5
configure:13784: $? = 0
configure:13784: result: yes
configure:13833: checking for shmat
configure:13833: gcc -o conftest -g -O2 -DNDEBUG -DG_DISABLE_ASSERT -fno-strict-aliasing   conftest.c   >&5
configure:13833: $? = 0
configure:13833: result: yes
configure:13891: checking for IceConnectionNumber in -lICE
configure:13916: gcc -o conftest -g -O2 -DNDEBUG -DG_DISABLE_ASSERT -fno-strict-aliasing   conftest.c -lICE    >&5
configure:13916: $? = 0
configure:13925: result: yes
configure:13947: checking for XOpenDisplay in -lX11
configure:13972: gcc -o conftest -g -O2 -DNDEBUG -DG_DISABLE_ASSERT -fno-strict-aliasing    conftest.c -lX11     -lSM -lICE  -lX11 >&5
configure:13972: $? = 0
configure:13981: result: yes
configure:14022: checking for SmcSaveYourselfDone in -lSM
configure:14047: gcc -o conftest -g -O2 -DNDEBUG -DG_DISABLE_ASSERT -fno-strict-aliasing    conftest.c -lSM     -lSM -lICE  -lX11 >&5
configure:14047: $? = 0
configure:14056: result: yes
configure:14062: checking X11/SM/SMlib.h usability
configure:14062: gcc -c -g -O2 -DNDEBUG -DG_DISABLE_ASSERT -fno-strict-aliasing   conftest.c >&5
configure:14062: $? = 0
configure:14062: result: yes
configure:14062: checking X11/SM/SMlib.h presence
configure:14062: gcc -E   conftest.c
configure:14062: $? = 0
configure:14062: result: yes
configure:14062: checking for X11/SM/SMlib.h
configure:14062: result: yes
configure:14089: checking for session management support
configure:14092: result: yes
configure:14114: checking for XkbBell in -lX11
configure:14139: gcc -o conftest -g -O2 -DNDEBUG -DG_DISABLE_ASSERT -fno-strict-aliasing    conftest.c -lX11     -lSM -lICE  -lX11 >&5
configure:14139: $? = 0
configure:14148: result: yes
configure:14151: checking for X11/XKBlib.h
configure:14172: gcc -o conftest -g -O2 -DNDEBUG -DG_DISABLE_ASSERT -fno-strict-aliasing    conftest.c    -lSM -lICE  -lX11 >&5
configure:14172: $? = 0
configure:14174: result: yes
configure:14202: checking for the Xkb extension
configure:14205: result: yes
configure:14222: checking for XRRSelectInput in -lXrandr
configure:14247: gcc -o conftest -g -O2 -DNDEBUG -DG_DISABLE_ASSERT -fno-strict-aliasing    conftest.c -lXrandr     -lSM -lICE  -lX11 -lXext -lXrender -lXrandr >&5
configure:14247: $? = 0
configure:14256: result: yes
configure:14259: checking for X11/extensions/Xrandr.h
configure:14281: gcc -o conftest -g -O2 -DNDEBUG -DG_DISABLE_ASSERT -fno-strict-aliasing    conftest.c    -lSM -lICE  -lX11 -lXext -lXrender -lXrandr >&5
configure:14281: $? = 0
configure:14283: result: yes
configure:14311: checking for the XRandR extension
configure:14314: result: yes
configure:14331: checking for XShapeCombineShape in -lXext
configure:14356: gcc -o conftest -g -O2 -DNDEBUG -DG_DISABLE_ASSERT -fno-strict-aliasing    conftest.c -lXext     -lSM -lICE  -lX11 >&5
configure:14356: $? = 0
configure:14365: result: yes
configure:14368: checking for X11/extensions/shape.h
configure:14387: gcc -o conftest -g -O2 -DNDEBUG -DG_DISABLE_ASSERT -fno-strict-aliasing    conftest.c    -lSM -lICE  -lX11 >&5
configure:14387: $? = 0
configure:14389: result: yes
configure:14417: checking for the Shape extension
configure:14420: result: yes
configure:14437: checking for XineramaQueryExtension in -lXinerama
configure:14462: gcc -o conftest -g -O2 -DNDEBUG -DG_DISABLE_ASSERT -fno-strict-aliasing    conftest.c -lXinerama     -lSM -lICE  -lX11 -lXext >&5
configure:14462: $? = 0
configure:14471: result: yes
configure:14475: checking for X11/extensions/Xinerama.h
configure:14493: gcc -o conftest -g -O2 -DNDEBUG -DG_DISABLE_ASSERT -fno-strict-aliasing    conftest.c    -lSM -lICE  -lX11 -lXext >&5
configure:14493: $? = 0
configure:14495: result: yes
configure:14520: checking for the Xinerama extension
configure:14523: result: yes
configure:14540: checking for XSyncInitialize in -lXext
configure:14565: gcc -o conftest -g -O2 -DNDEBUG -DG_DISABLE_ASSERT -fno-strict-aliasing    conftest.c -lXext     -lSM -lICE  -lX11 >&5
configure:14565: $? = 0
configure:14574: result: yes
configure:14577: checking for X11/extensions/sync.h
configure:14596: gcc -o conftest -g -O2 -DNDEBUG -DG_DISABLE_ASSERT -fno-strict-aliasing    conftest.c    -lSM -lICE  -lX11 >&5
configure:14596: $? = 0
configure:14598: result: yes
configure:14626: checking for the Sync extension
configure:14629: result: yes
configure:14791: creating ./config.status

## ---------------------- ##
## Running config.status. ##
## ---------------------- ##

This file was extended by openbox config.status 3.4.11.2, which was
generated by GNU Autoconf 2.65.  Invocation command line was

  CONFIG_FILES    = 
  CONFIG_HEADERS  = 
  CONFIG_LINKS    = 
  CONFIG_COMMANDS = 
  $ ./config.status 

on clansoft

config.status:1055: creating Makefile
config.status:1055: creating m4/Makefile
config.status:1055: creating po/Makefile.in
config.status:1055: creating render/obrender-3.0.pc
config.status:1055: creating parser/obparser-3.0.pc
config.status:1055: creating version.h
config.status:1212: executing depfiles commands
config.status:1212: executing libtool commands
config.status:1212: executing po-directories commands
config.status:1212: executing doc commands
config.status:1212: executing data commands
config.status:1212: executing data/xsession commands
configure:16921: result: 
configure:16927: result: Compiling with these options:
               Startup Notification... no
               X Cursor Library... yes
               Session Management... yes
               
configure:16933: result: configure complete, now type "make"

## ---------------- ##
## Cache variables. ##
## ---------------- ##

ac_cv_build=i686-pc-linux-gnu
ac_cv_c_compiler_gnu=yes
ac_cv_c_const=yes
ac_cv_c_inline=inline
ac_cv_env_CC_set=
ac_cv_env_CC_value=
ac_cv_env_CFLAGS_set=
ac_cv_env_CFLAGS_value=
ac_cv_env_CPPFLAGS_set=
ac_cv_env_CPPFLAGS_value=
ac_cv_env_CPP_set=
ac_cv_env_CPP_value=
ac_cv_env_GLIB_CFLAGS_set=
ac_cv_env_GLIB_CFLAGS_value=
ac_cv_env_GLIB_LIBS_set=
ac_cv_env_GLIB_LIBS_value=
ac_cv_env_LDFLAGS_set=
ac_cv_env_LDFLAGS_value=
ac_cv_env_LIBSN_CFLAGS_set=
ac_cv_env_LIBSN_CFLAGS_value=
ac_cv_env_LIBSN_LIBS_set=
ac_cv_env_LIBSN_LIBS_value=
ac_cv_env_LIBS_set=
ac_cv_env_LIBS_value=
ac_cv_env_PANGO_CFLAGS_set=
ac_cv_env_PANGO_CFLAGS_value=
ac_cv_env_PANGO_LIBS_set=
ac_cv_env_PANGO_LIBS_value=
ac_cv_env_PKG_CONFIG_set=
ac_cv_env_PKG_CONFIG_value=
ac_cv_env_XCURSOR_CFLAGS_set=
ac_cv_env_XCURSOR_CFLAGS_value=
ac_cv_env_XCURSOR_LIBS_set=
ac_cv_env_XCURSOR_LIBS_value=
ac_cv_env_XFT_CFLAGS_set=
ac_cv_env_XFT_CFLAGS_value=
ac_cv_env_XFT_LIBS_set=
ac_cv_env_XFT_LIBS_value=
ac_cv_env_XMKMF_set=
ac_cv_env_XMKMF_value=
ac_cv_env_XML_CFLAGS_set=
ac_cv_env_XML_CFLAGS_value=
ac_cv_env_XML_LIBS_set=
ac_cv_env_XML_LIBS_value=
ac_cv_env_build_alias_set=
ac_cv_env_build_alias_value=
ac_cv_env_host_alias_set=
ac_cv_env_host_alias_value=
ac_cv_env_target_alias_set=
ac_cv_env_target_alias_value=
ac_cv_func_connect=yes
ac_cv_func_gethostbyname=yes
ac_cv_func_remove=yes
ac_cv_func_shmat=yes
ac_cv_have_x='have_x=yes	ac_x_includes='\'''\''	ac_x_libraries='\'''\'''
ac_cv_header_X11_SM_SMlib_h=yes
ac_cv_header_ctype_h=yes
ac_cv_header_dlfcn_h=yes
ac_cv_header_fcntl_h=yes
ac_cv_header_inttypes_h=yes
ac_cv_header_locale_h=yes
ac_cv_header_memory_h=yes
ac_cv_header_signal_h=yes
ac_cv_header_stdc=yes
ac_cv_header_stdint_h=yes
ac_cv_header_stdio_h=yes
ac_cv_header_stdlib_h=yes
ac_cv_header_string_h=yes
ac_cv_header_strings_h=yes
ac_cv_header_sys_select_h=yes
ac_cv_header_sys_stat_h=yes
ac_cv_header_sys_time_h=yes
ac_cv_header_sys_types_h=yes
ac_cv_header_sys_wait_h=yes
ac_cv_header_unistd_h=yes
ac_cv_host=i686-pc-linux-gnu
ac_cv_lib_ICE_IceConnectionNumber=yes
ac_cv_lib_SM_SmcSaveYourselfDone=yes
ac_cv_lib_X11_XOpenDisplay=yes
ac_cv_lib_X11_XkbBell=yes
ac_cv_lib_Xext_XShapeCombineShape=yes
ac_cv_lib_Xext_XSyncInitialize=yes
ac_cv_lib_Xinerama_XineramaQueryExtension=yes
ac_cv_lib_Xrandr_XRRSelectInput=yes
ac_cv_objext=o
ac_cv_path_EGREP='/bin/grep -E'
ac_cv_path_FGREP='/bin/grep -F'
ac_cv_path_GMSGFMT=/usr/bin/msgfmt
ac_cv_path_GREP=/bin/grep
ac_cv_path_MSGFMT=/usr/bin/msgfmt
ac_cv_path_MSGMERGE=/usr/bin/msgmerge
ac_cv_path_SED=/bin/sed
ac_cv_path_XGETTEXT=/usr/bin/xgettext
ac_cv_path_ac_pt_PKG_CONFIG=/usr/bin/pkg-config
ac_cv_path_install='/usr/bin/install -c'
ac_cv_prog_AWK=gawk
ac_cv_prog_CPP='gcc -E'
ac_cv_prog_ac_ct_AR=ar
ac_cv_prog_ac_ct_CC=gcc
ac_cv_prog_ac_ct_OBJDUMP=objdump
ac_cv_prog_ac_ct_RANLIB=ranlib
ac_cv_prog_ac_ct_STRIP=strip
ac_cv_prog_cc_c89=
ac_cv_prog_cc_g=yes
ac_cv_prog_cc_gcc_c_o=yes
ac_cv_prog_make_make_set=yes
acl_cv_hardcode_direct=no
acl_cv_hardcode_libdir_flag_spec='${wl}-rpath ${wl}$libdir'
acl_cv_hardcode_libdir_separator=
acl_cv_hardcode_minus_L=no
acl_cv_libext=a
acl_cv_path_LD=/usr/bin/ld
acl_cv_prog_gnu_ld=yes
acl_cv_rpath=done
acl_cv_shlibext=so
acl_cv_wl=-Wl,
am_cv_CC_dependencies_compiler_type=gcc3
gt_cv_func_CFLocaleCopyCurrent=no
gt_cv_func_CFPreferencesCopyAppValue=no
gt_cv_func_gnugettext1_libc=yes
lt_cv_deplibs_check_method=pass_all
lt_cv_file_magic_cmd='$MAGIC_CMD'
lt_cv_file_magic_test_file=
lt_cv_ld_reload_flag=-r
lt_cv_nm_interface='BSD nm'
lt_cv_objdir=.libs
lt_cv_path_LD=/usr/bin/ld
lt_cv_path_NM='/usr/bin/nm -B'
lt_cv_prog_compiler_c_o=yes
lt_cv_prog_compiler_pic_works=yes
lt_cv_prog_compiler_rtti_exceptions=no
lt_cv_prog_compiler_static_works=yes
lt_cv_prog_gnu_ld=yes
lt_cv_sys_global_symbol_pipe='sed -n -e '\''s/^.*[	 ]\([ABCDGIRSTW][ABCDGIRSTW]*\)[	 ][	 ]*\([_A-Za-z][_A-Za-z0-9]*\)$/\1 \2 \2/p'\'''
lt_cv_sys_global_symbol_to_c_name_address='sed -n -e '\''s/^: \([^ ]*\) $/  {\"\1\", (void *) 0},/p'\'' -e '\''s/^[ABCDGIRSTW]* \([^ ]*\) \([^ ]*\)$/  {"\2", (void *) \&\2},/p'\'''
lt_cv_sys_global_symbol_to_c_name_address_lib_prefix='sed -n -e '\''s/^: \([^ ]*\) $/  {\"\1\", (void *) 0},/p'\'' -e '\''s/^[ABCDGIRSTW]* \([^ ]*\) \(lib[^ ]*\)$/  {"\2", (void *) \&\2},/p'\'' -e '\''s/^[ABCDGIRSTW]* \([^ ]*\) \([^ ]*\)$/  {"lib\2", (void *) \&\2},/p'\'''
lt_cv_sys_global_symbol_to_cdecl='sed -n -e '\''s/^T .* \(.*\)$/extern int \1();/p'\'' -e '\''s/^[ABCDGIRSTW]* .* \(.*\)$/extern char \1;/p'\'''
lt_cv_sys_max_cmd_len=1572864
pkg_cv_GLIB_CFLAGS='-I/usr/include/glib-2.0 -I/usr/lib/glib-2.0/include  '
pkg_cv_GLIB_LIBS='-lglib-2.0  '
pkg_cv_PANGO_CFLAGS='-I/usr/include/pango-1.0 -I/usr/include/glib-2.0 -I/usr/lib/glib-2.0/include -I/usr/include/freetype2  '
pkg_cv_PANGO_LIBS='-lpangoxft-1.0 -lpangoft2-1.0 -lXft -lpango-1.0 -lfreetype -lfontconfig -lgobject-2.0 -lgmodule-2.0 -lglib-2.0  '
pkg_cv_XCURSOR_CFLAGS=' '
pkg_cv_XCURSOR_LIBS='-lXcursor  '
pkg_cv_XFT_CFLAGS='-I/usr/include/freetype2  '
pkg_cv_XFT_LIBS='-lXft  '
pkg_cv_XML_CFLAGS='-I/usr/include/libxml2  '
pkg_cv_XML_LIBS='-lxml2  '

## ----------------- ##
## Output variables. ##
## ----------------- ##

ACLOCAL='aclocal-1.9'
AMDEPBACKSLASH='\'
AMDEP_FALSE='#'
AMDEP_TRUE=''
AMTAR='tar'
AR='ar'
AUTOCONF='autoconf'
AUTOHEADER='autoheader'
AUTOMAKE='automake-1.9'
AWK='gawk'
CC='gcc'
CCDEPMODE='depmode=gcc3'
CFLAGS='-g -O2 -DNDEBUG -DG_DISABLE_ASSERT -fno-strict-aliasing'
CPP='gcc -E'
CPPFLAGS=''
CYGPATH_W='echo'
DEFS='-DPACKAGE_NAME=\"openbox\" -DPACKAGE_TARNAME=\"openbox\" -DPACKAGE_VERSION=\"3.4.11.2\" -DPACKAGE_STRING=\"openbox\ 3.4.11.2\" -DPACKAGE_BUGREPORT=\"http://bugzilla.icculus.org\" -DPACKAGE_URL=\"\" -DPACKAGE=\"openbox\" -DVERSION=\"3.4.11.2\" -DSTDC_HEADERS=1 -DHAVE_SYS_TYPES_H=1 -DHAVE_SYS_STAT_H=1 -DHAVE_STDLIB_H=1 -DHAVE_STRING_H=1 -DHAVE_MEMORY_H=1 -DHAVE_STRINGS_H=1 -DHAVE_INTTYPES_H=1 -DHAVE_STDINT_H=1 -DHAVE_UNISTD_H=1 -DHAVE_DLFCN_H=1 -DLT_OBJDIR=\".libs/\" -DENABLE_NLS=1 -DHAVE_GETTEXT=1 -DHAVE_DCGETTEXT=1 -DHAVE_CTYPE_H=1 -DHAVE_FCNTL_H=1 -DHAVE_LOCALE_H=1 -DHAVE_SIGNAL_H=1 -DHAVE_STRING_H=1 -DHAVE_STDIO_H=1 -DHAVE_STDLIB_H=1 -DHAVE_UNISTD_H=1 -DHAVE_SYS_STAT_H=1 -DHAVE_SYS_SELECT_H=1 -DHAVE_SYS_TIME_H=1 -DHAVE_SYS_WAIT_H=1 -DUSE_XCURSOR=1 -DHAVE_LIBX11=1 -DHAVE_X11_SM_SMLIB_H=1 -DUSE_SM=1 -DXKB=1 -DXRANDR=1 -DSHAPE=1 -DXINERAMA=1 -DSYNC=1'
DEPDIR='.deps'
DSYMUTIL=''
DUMPBIN=''
ECHO_C=''
ECHO_N='-n'
ECHO_T=''
EFENCE_LIBS=''
EGREP='/bin/grep -E'
EXEEXT=''
FGREP='/bin/grep -F'
GLIB_CFLAGS='-I/usr/include/glib-2.0 -I/usr/lib/glib-2.0/include  '
GLIB_LIBS='-lglib-2.0  '
GMSGFMT='/usr/bin/msgfmt'
GMSGFMT_015='/usr/bin/msgfmt'
GREP='/bin/grep'
INSTALL_DATA='${INSTALL} -m 644'
INSTALL_PROGRAM='${INSTALL}'
INSTALL_SCRIPT='${INSTALL}'
INSTALL_STRIP_PROGRAM='${SHELL} $(install_sh) -c -s'
INTLLIBS=''
INTL_MACOSX_LIBS=''
LD='/usr/bin/ld'
LDFLAGS=''
LIBICONV='-liconv'
LIBINTL=''
LIBOBJS=''
LIBS=' '
LIBSN_CFLAGS=''
LIBSN_LIBS=''
LIBTOOL='$(SHELL) $(top_builddir)/libtool --silent'
LIBTOOL_DEPS='./ltmain.sh'
LIPO=''
LN_S='ln -s'
LTLIBICONV='-liconv'
LTLIBINTL=''
LTLIBOBJS=''
LT_AGE='0'
LT_CURRENT='21'
LT_CURRENT_MINUS_AGE='21'
LT_RELEASE='3.4'
LT_REVISION='9'
MAKEINFO='makeinfo'
MSGFMT='/usr/bin/msgfmt'
MSGFMT_015='/usr/bin/msgfmt'
MSGMERGE='/usr/bin/msgmerge'
NM='/usr/bin/nm -B'
NMEDIT=''
OBJDUMP='objdump'
OBJEXT='o'
OB_BINARY_AGE='9'
OB_INTERFACE_AGE='9'
OB_MAJOR_VERSION='3'
OB_MICRO_VERSION='30'
OB_MINOR_VERSION='4'
OB_VERSION='3.4.11.2'
OTOOL64=''
OTOOL=''
PACKAGE='openbox'
PACKAGE_BUGREPORT='http://bugzilla.icculus.org'
PACKAGE_NAME='openbox'
PACKAGE_STRING='openbox 3.4.11.2'
PACKAGE_TARNAME='openbox'
PACKAGE_URL=''
PACKAGE_VERSION='3.4.11.2'
PANGO_CFLAGS='-I/usr/include/pango-1.0 -I/usr/include/glib-2.0 -I/usr/lib/glib-2.0/include -I/usr/include/freetype2  '
PANGO_LIBS='-lpangoxft-1.0 -lpangoft2-1.0 -lXft -lpango-1.0 -lfreetype -lfontconfig -lgobject-2.0 -lgmodule-2.0 -lglib-2.0  '
PATH_SEPARATOR=':'
PKG_CONFIG='/usr/bin/pkg-config'
POSUB='po'
RANLIB='ranlib'
SED='/bin/sed'
SET_MAKE=''
SHELL='/bin/bash'
SM_CFLAGS=''
SM_LIBS='-lSM -lICE'
STRIP='strip'
USE_NLS='yes'
VERSION='3.4.11.2'
XCURSOR_CFLAGS=' '
XCURSOR_LIBS='-lXcursor  '
XFT_CFLAGS='-I/usr/include/freetype2  '
XFT_LIBS='-lXft  '
XGETTEXT='/usr/bin/xgettext'
XGETTEXT_015='/usr/bin/xgettext'
XINERAMA_LIBS='-lXext -lXinerama'
XKB_CFLAGS=''
XKB_LIBS=''
XMKMF=''
XML_CFLAGS='-I/usr/include/libxml2  '
XML_LIBS='-lxml2  '
XRANDR_CFLAGS=''
XRANDR_LIBS='-lXext -lXrender -lXrandr'
XSHAPE_CFLAGS=''
XSHAPE_LIBS='-lXext'
XSYNC_CFLAGS=''
XSYNC_LIBS='-lXext'
X_CFLAGS=''
X_EXTRA_LIBS=''
X_LIBS=' -lSM -lICE  -lX11'
X_PRE_LIBS=' -lSM -lICE'
ac_ct_CC='gcc'
ac_ct_DUMPBIN=''
am__fastdepCC_FALSE='#'
am__fastdepCC_TRUE=''
am__include='include'
am__leading_dot='.'
am__quote=''
am__tar='${AMTAR} chof - "$$tardir"'
am__untar='${AMTAR} xf -'
bindir='${exec_prefix}/bin'
build='i686-pc-linux-gnu'
build_alias=''
build_cpu='i686'
build_os='linux-gnu'
build_vendor='pc'
datadir='${datarootdir}'
datarootdir='${prefix}/share'
docdir='${datarootdir}/doc/${PACKAGE_TARNAME}'
dvidir='${docdir}'
exec_prefix='${prefix}'
host='i686-pc-linux-gnu'
host_alias=''
host_cpu='i686'
host_os='linux-gnu'
host_vendor='pc'
htmldir='${docdir}'
includedir='${prefix}/include'
infodir='${datarootdir}/info'
install_sh='/home/cjxgm/CLAN/clanjor/labs/window manager/openbox-3.4.11.2/install-sh'
libdir='${exec_prefix}/lib'
libexecdir='${exec_prefix}/libexec'
localedir='${datarootdir}/locale'
localstatedir='${prefix}/var'
lt_ECHO='echo'
mandir='${datarootdir}/man'
mkdir_p='mkdir -p --'
oldincludedir='/usr/include'
pdfdir='${docdir}'
prefix='/usr/local'
program_transform_name='s,x,x,'
psdir='${docdir}'
sbindir='${exec_prefix}/sbin'
sharedstatedir='${prefix}/com'
sysconfdir='${prefix}/etc'
target_alias=''

## ----------- ##
## confdefs.h. ##
## ----------- ##

/* confdefs.h */
#define PACKAGE_NAME "openbox"
#define PACKAGE_TARNAME "openbox"
#define PACKAGE_VERSION "3.4.11.2"
#define PACKAGE_STRING "openbox 3.4.11.2"
#define PACKAGE_BUGREPORT "http://bugzilla.icculus.org"
#define PACKAGE_URL ""
#define PACKAGE "openbox"
#define VERSION "3.4.11.2"
#define STDC_HEADERS 1
#define HAVE_SYS_TYPES_H 1
#define HAVE_SYS_STAT_H 1
#define HAVE_STDLIB_H 1
#define HAVE_STRING_H 1
#define HAVE_MEMORY_H 1
#define HAVE_STRINGS_H 1
#define HAVE_INTTYPES_H 1
#define HAVE_STDINT_H 1
#define HAVE_UNISTD_H 1
#define HAVE_DLFCN_H 1
#define LT_OBJDIR ".libs/"
#define ENABLE_NLS 1
#define HAVE_GETTEXT 1
#define HAVE_DCGETTEXT 1
#define HAVE_CTYPE_H 1
#define HAVE_FCNTL_H 1
#define HAVE_LOCALE_H 1
#define HAVE_SIGNAL_H 1
#define HAVE_STRING_H 1
#define HAVE_STDIO_H 1
#define HAVE_STDLIB_H 1
#define HAVE_UNISTD_H 1
#define HAVE_SYS_STAT_H 1
#define HAVE_SYS_SELECT_H 1
#define HAVE_SYS_TIME_H 1
#define HAVE_SYS_WAIT_H 1
#define USE_XCURSOR 1
#define HAVE_LIBX11 1
#define HAVE_X11_SM_SMLIB_H 1
#define USE_SM 1
#define XKB 1
#define XRANDR 1
#define SHAPE 1
#define XINERAMA 1
#define SYNC 1

configure: exit 0
